2024-08-05 12:51:03 [Winston 로그] info: login router 요청
2024-08-05 12:51:03 [Winston 로그] info: login router 시작
2024-08-05 12:51:04 [Winston 로그] info: 로그인에 성공했습니다.
2024-08-05 12:51:04 [Winston 로그] info: donutchart router 요청
2024-08-05 12:51:04 [Winston 로그] info: donutchart router 시작
2024-08-05 12:51:04 [Winston 로그] info: User ID: user1, 도넛차트 정보 DB 조회
2024-08-05 12:51:04 [Winston 로그] info: donutchart 데이터 없음 또는 길이가 0입니다
2024-08-05 12:51:04 [Winston 로그] info: sametime router 요청
2024-08-05 12:51:04 [Winston 로그] info: sametime router 시작
2024-08-05 12:51:04 [Winston 로그] info: User ID: user1 동시간대 정보 DB 조회
2024-08-05 12:51:04 [Winston 로그] info: sametime 성공
2024-08-05 12:51:04 [Winston 로그] info: bytime router 요청
2024-08-05 12:51:04 [Winston 로그] info: bytime router 시작
2024-08-05 12:51:04 [Winston 로그] info: User ID: user1 시간별 정보 DB 조회
2024-08-05 12:51:04 [Winston 로그] info: bytime 데이터 없음 또는 길이가 0입니다
2024-08-05 12:51:04 [Winston 로그] info: weekavg router 요청
2024-08-05 12:51:04 [Winston 로그] info: weekavg router 시작
2024-08-05 12:51:04 [Winston 로그] info: User ID: user1 이번주, 지난주 평균 DB 조회
2024-08-05 12:51:05 [Winston 로그] info: weekavg 성공
2024-08-05 12:51:08 [Winston 로그] info: getExhb router 요청
2024-08-05 12:51:08 [Winston 로그] info: getExhb router 시작
2024-08-05 12:51:08 [Winston 로그] info: heatmap router 요청
2024-08-05 12:51:08 [Winston 로그] info: heatmap router 시작
2024-08-05 12:51:08 [Winston 로그] info: User ID: user1 사용자 전시관 정보 DB 조회
2024-08-05 12:51:08 [Winston 로그] info: getexhb 성공
2024-08-05 12:51:09 [Winston 로그] info: User ID: user1, Exhibition ID: exhb1 히트맵 정보 DB 조회
2024-08-05 12:51:09 [Winston 로그] info: heatmap 데이터 없음 또는 길이가 0입니다
2024-08-05 12:51:09 [Winston 로그] info: heatmap router 요청
2024-08-05 12:51:09 [Winston 로그] info: heatmap router 시작
2024-08-05 12:51:09 [Winston 로그] info: User ID: user1, Exhibition ID: exhb1 히트맵 정보 DB 조회
2024-08-05 12:51:09 [Winston 로그] info: heatmap 데이터 없음 또는 길이가 0입니다
2024-08-05 12:51:09 [Winston 로그] info: heatmap router 요청
2024-08-05 12:51:09 [Winston 로그] info: heatmap router 시작
2024-08-05 12:51:09 [Winston 로그] info: User ID: user1, Exhibition ID: exhb1 히트맵 정보 DB 조회
2024-08-05 12:51:09 [Winston 로그] info: heatmap 데이터 없음 또는 길이가 0입니다
2024-08-05 12:51:09 [Winston 로그] info: visitor router 요청
2024-08-05 12:51:09 [Winston 로그] info: visitor router 시작
2024-08-05 12:51:09 [Winston 로그] info: crowded router 요청
2024-08-05 12:51:09 [Winston 로그] info: crowded router 시작
2024-08-05 12:51:09 [Winston 로그] info: bywork router 요청
2024-08-05 12:51:09 [Winston 로그] info: bywork router 시작
2024-08-05 12:51:09 [Winston 로그] info: bygender router 요청
2024-08-05 12:51:09 [Winston 로그] info: bygender router 시작
2024-08-05 12:51:09 [Winston 로그] info: User ID: user1, Exhibition ID: exhb1 평균 방문객 정보 DB 조회
2024-08-05 12:51:09 [Winston 로그] info: User ID: user1, Exhibition ID: exhb1 혼잡도 정보 DB 조회
2024-08-05 12:51:09 [Winston 로그] info: User ID: user1, Exhibition ID: exhb1 구역별 정보 DB 조회
2024-08-05 12:51:09 [Winston 로그] info: User ID: user1, Exhibition ID: exhb1 성별 정보 DB 조회
2024-08-05 12:51:09 [Winston 로그] info: bygender 성공
2024-08-05 12:51:09 [Winston 로그] info: byage router 요청
2024-08-05 12:51:09 [Winston 로그] info: byage router 시작
2024-08-05 12:51:09 [Winston 로그] info: 현재 data
2024-08-05 12:51:09 [Winston 로그] info: crowded 데이터 없음 또는 길이가 0입니다
2024-08-05 12:51:09 [Winston 로그] info: User ID: user1, Exhibition ID: exhb1 연령별 정보 DB 조회
2024-08-05 12:51:09 [Winston 로그] info: byage 성공
2024-08-05 12:51:09 [Winston 로그] info: bywork 데이터 없음 또는 길이가 0입니다
2024-08-05 12:51:09 [Winston 로그] info: visitor 성공
2024-08-05 12:51:11 [Winston 로그] info: donutchart router 요청
2024-08-05 12:51:11 [Winston 로그] info: donutchart router 시작
2024-08-05 12:51:11 [Winston 로그] info: User ID: user1, 도넛차트 정보 DB 조회
2024-08-05 12:51:11 [Winston 로그] info: donutchart 데이터 없음 또는 길이가 0입니다
2024-08-05 12:51:11 [Winston 로그] info: sametime router 요청
2024-08-05 12:51:11 [Winston 로그] info: sametime router 시작
2024-08-05 12:51:11 [Winston 로그] info: User ID: user1 동시간대 정보 DB 조회
2024-08-05 12:51:12 [Winston 로그] info: sametime 성공
2024-08-05 12:51:12 [Winston 로그] info: bytime router 요청
2024-08-05 12:51:12 [Winston 로그] info: bytime router 시작
2024-08-05 12:51:12 [Winston 로그] info: User ID: user1 시간별 정보 DB 조회
2024-08-05 12:51:12 [Winston 로그] info: visitor router 요청
2024-08-05 12:51:12 [Winston 로그] info: visitor router 시작
2024-08-05 12:51:12 [Winston 로그] info: crowded router 요청
2024-08-05 12:51:12 [Winston 로그] info: crowded router 시작
2024-08-05 12:51:12 [Winston 로그] info: bywork router 요청
2024-08-05 12:51:12 [Winston 로그] info: bywork router 시작
2024-08-05 12:51:12 [Winston 로그] info: bygender router 요청
2024-08-05 12:51:12 [Winston 로그] info: bygender router 시작
2024-08-05 12:51:12 [Winston 로그] info: User ID: user1, Exhibition ID: exhb1 혼잡도 정보 DB 조회
2024-08-05 12:51:12 [Winston 로그] info: User ID: user1, Exhibition ID: exhb1 평균 방문객 정보 DB 조회
2024-08-05 12:51:12 [Winston 로그] info: User ID: user1, Exhibition ID: exhb1 구역별 정보 DB 조회
2024-08-05 12:51:12 [Winston 로그] info: User ID: user1, Exhibition ID: exhb1 성별 정보 DB 조회
2024-08-05 12:51:12 [Winston 로그] info: 현재 data
2024-08-05 12:51:12 [Winston 로그] info: crowded 데이터 없음 또는 길이가 0입니다
2024-08-05 12:51:12 [Winston 로그] info: bygender 성공
2024-08-05 12:51:12 [Winston 로그] info: byage router 요청
2024-08-05 12:51:12 [Winston 로그] info: byage router 시작
2024-08-05 12:51:12 [Winston 로그] info: User ID: user1, Exhibition ID: exhb1 연령별 정보 DB 조회
2024-08-05 12:51:12 [Winston 로그] info: bytime 데이터 없음 또는 길이가 0입니다
2024-08-05 12:51:12 [Winston 로그] info: weekavg router 요청
2024-08-05 12:51:12 [Winston 로그] info: weekavg router 시작
2024-08-05 12:51:12 [Winston 로그] info: User ID: user1 이번주, 지난주 평균 DB 조회
2024-08-05 12:51:12 [Winston 로그] info: bywork 데이터 없음 또는 길이가 0입니다
2024-08-05 12:51:12 [Winston 로그] info: byage 성공
2024-08-05 12:51:12 [Winston 로그] info: visitor 성공
2024-08-05 12:51:13 [Winston 로그] info: weekavg 성공
2024-08-05 12:51:16 [Winston 로그] info: donutchart router 요청
2024-08-05 12:51:16 [Winston 로그] info: donutchart router 시작
2024-08-05 12:51:16 [Winston 로그] info: User ID: user1, 도넛차트 정보 DB 조회
2024-08-05 12:51:16 [Winston 로그] info: donutchart 데이터 없음 또는 길이가 0입니다
2024-08-05 12:51:16 [Winston 로그] info: sametime router 요청
2024-08-05 12:51:16 [Winston 로그] info: sametime router 시작
2024-08-05 12:51:16 [Winston 로그] info: User ID: user1 동시간대 정보 DB 조회
2024-08-05 12:51:16 [Winston 로그] info: sametime 성공
2024-08-05 12:51:16 [Winston 로그] info: bytime router 요청
2024-08-05 12:51:16 [Winston 로그] info: bytime router 시작
2024-08-05 12:51:16 [Winston 로그] info: User ID: user1 시간별 정보 DB 조회
2024-08-05 12:51:16 [Winston 로그] info: bytime 데이터 없음 또는 길이가 0입니다
2024-08-05 12:51:16 [Winston 로그] info: weekavg router 요청
2024-08-05 12:51:16 [Winston 로그] info: weekavg router 시작
2024-08-05 12:51:16 [Winston 로그] info: User ID: user1 이번주, 지난주 평균 DB 조회
2024-08-05 12:51:17 [Winston 로그] info: weekavg 성공
2024-08-05 12:51:17 [Winston 로그] info: getExhb router 요청
2024-08-05 12:51:17 [Winston 로그] info: getExhb router 시작
2024-08-05 12:51:17 [Winston 로그] info: heatmap router 요청
2024-08-05 12:51:17 [Winston 로그] info: heatmap router 시작
2024-08-05 12:51:17 [Winston 로그] info: User ID: user1 사용자 전시관 정보 DB 조회
2024-08-05 12:51:17 [Winston 로그] info: getexhb 성공
2024-08-05 12:51:17 [Winston 로그] info: User ID: user1, Exhibition ID: exhb1 히트맵 정보 DB 조회
2024-08-05 12:51:17 [Winston 로그] info: heatmap 데이터 없음 또는 길이가 0입니다
2024-08-05 12:51:17 [Winston 로그] info: heatmap router 요청
2024-08-05 12:51:17 [Winston 로그] info: heatmap router 시작
2024-08-05 12:51:17 [Winston 로그] info: User ID: user1, Exhibition ID: exhb1 히트맵 정보 DB 조회
2024-08-05 12:51:17 [Winston 로그] info: heatmap 데이터 없음 또는 길이가 0입니다
2024-08-05 12:51:17 [Winston 로그] info: heatmap router 요청
2024-08-05 12:51:17 [Winston 로그] info: heatmap router 시작
2024-08-05 12:51:17 [Winston 로그] info: User ID: user1, Exhibition ID: exhb1 히트맵 정보 DB 조회
2024-08-05 12:51:17 [Winston 로그] info: heatmap 데이터 없음 또는 길이가 0입니다
2024-08-05 12:51:18 [Winston 로그] info: donutchart router 요청
2024-08-05 12:51:18 [Winston 로그] info: donutchart router 시작
2024-08-05 12:51:18 [Winston 로그] info: User ID: user1, 도넛차트 정보 DB 조회
2024-08-05 12:51:18 [Winston 로그] info: donutchart 데이터 없음 또는 길이가 0입니다
2024-08-05 12:51:18 [Winston 로그] info: sametime router 요청
2024-08-05 12:51:18 [Winston 로그] info: sametime router 시작
2024-08-05 12:51:18 [Winston 로그] info: User ID: user1 동시간대 정보 DB 조회
2024-08-05 12:51:18 [Winston 로그] info: sametime 성공
2024-08-05 12:51:18 [Winston 로그] info: bytime router 요청
2024-08-05 12:51:18 [Winston 로그] info: bytime router 시작
2024-08-05 12:51:18 [Winston 로그] info: User ID: user1 시간별 정보 DB 조회
2024-08-05 12:51:18 [Winston 로그] info: bytime 데이터 없음 또는 길이가 0입니다
2024-08-05 12:51:18 [Winston 로그] info: weekavg router 요청
2024-08-05 12:51:18 [Winston 로그] info: weekavg router 시작
2024-08-05 12:51:18 [Winston 로그] info: User ID: user1 이번주, 지난주 평균 DB 조회
2024-08-05 12:51:19 [Winston 로그] info: weekavg 성공
2024-08-05 12:51:21 [Winston 로그] info: getExhb router 요청
2024-08-05 12:51:21 [Winston 로그] info: getExhb router 시작
2024-08-05 12:51:21 [Winston 로그] info: heatmap router 요청
2024-08-05 12:51:21 [Winston 로그] info: heatmap router 시작
2024-08-05 12:51:21 [Winston 로그] info: User ID: user1 사용자 전시관 정보 DB 조회
2024-08-05 12:51:21 [Winston 로그] info: getexhb 성공
2024-08-05 12:51:21 [Winston 로그] info: User ID: user1, Exhibition ID: exhb1 히트맵 정보 DB 조회
2024-08-05 12:51:21 [Winston 로그] info: heatmap 데이터 없음 또는 길이가 0입니다
2024-08-05 12:51:21 [Winston 로그] info: heatmap router 요청
2024-08-05 12:51:21 [Winston 로그] info: heatmap router 시작
2024-08-05 12:51:21 [Winston 로그] info: User ID: user1, Exhibition ID: exhb1 히트맵 정보 DB 조회
2024-08-05 12:51:21 [Winston 로그] info: heatmap 데이터 없음 또는 길이가 0입니다
2024-08-05 12:51:21 [Winston 로그] info: heatmap router 요청
2024-08-05 12:51:21 [Winston 로그] info: heatmap router 시작
2024-08-05 12:51:21 [Winston 로그] info: User ID: user1, Exhibition ID: exhb1 히트맵 정보 DB 조회
2024-08-05 12:51:21 [Winston 로그] info: heatmap 데이터 없음 또는 길이가 0입니다
2024-08-05 12:51:22 [Winston 로그] info: visitor router 요청
2024-08-05 12:51:22 [Winston 로그] info: visitor router 시작
2024-08-05 12:51:22 [Winston 로그] info: crowded router 요청
2024-08-05 12:51:22 [Winston 로그] info: crowded router 시작
2024-08-05 12:51:22 [Winston 로그] info: bywork router 요청
2024-08-05 12:51:22 [Winston 로그] info: bywork router 시작
2024-08-05 12:51:22 [Winston 로그] info: bygender router 요청
2024-08-05 12:51:22 [Winston 로그] info: bygender router 시작
2024-08-05 12:51:22 [Winston 로그] info: User ID: user1, Exhibition ID: exhb1 평균 방문객 정보 DB 조회
2024-08-05 12:51:22 [Winston 로그] info: User ID: user1, Exhibition ID: exhb1 혼잡도 정보 DB 조회
2024-08-05 12:51:22 [Winston 로그] info: User ID: user1, Exhibition ID: exhb1 성별 정보 DB 조회
2024-08-05 12:51:22 [Winston 로그] info: User ID: user1, Exhibition ID: exhb1 구역별 정보 DB 조회
2024-08-05 12:51:22 [Winston 로그] info: 현재 data
2024-08-05 12:51:22 [Winston 로그] info: crowded 데이터 없음 또는 길이가 0입니다
2024-08-05 12:51:22 [Winston 로그] info: bygender 성공
2024-08-05 12:51:22 [Winston 로그] info: byage router 요청
2024-08-05 12:51:22 [Winston 로그] info: byage router 시작
2024-08-05 12:51:22 [Winston 로그] info: User ID: user1, Exhibition ID: exhb1 연령별 정보 DB 조회
2024-08-05 12:51:22 [Winston 로그] info: byage 성공
2024-08-05 12:51:22 [Winston 로그] info: bywork 데이터 없음 또는 길이가 0입니다
2024-08-05 12:51:22 [Winston 로그] info: visitor 성공
2024-08-05 12:51:23 [Winston 로그] info: getExhb router 요청
2024-08-05 12:51:23 [Winston 로그] info: getExhb router 시작
2024-08-05 12:51:23 [Winston 로그] info: heatmap router 요청
2024-08-05 12:51:23 [Winston 로그] info: heatmap router 시작
2024-08-05 12:51:23 [Winston 로그] info: User ID: user1 사용자 전시관 정보 DB 조회
2024-08-05 12:51:23 [Winston 로그] info: getexhb 성공
2024-08-05 12:51:23 [Winston 로그] info: User ID: user1, Exhibition ID: exhb1 히트맵 정보 DB 조회
2024-08-05 12:51:23 [Winston 로그] info: heatmap 데이터 없음 또는 길이가 0입니다
2024-08-05 12:51:23 [Winston 로그] info: heatmap router 요청
2024-08-05 12:51:23 [Winston 로그] info: heatmap router 시작
2024-08-05 12:51:23 [Winston 로그] info: User ID: user1, Exhibition ID: exhb1 히트맵 정보 DB 조회
2024-08-05 12:51:23 [Winston 로그] info: heatmap 데이터 없음 또는 길이가 0입니다
2024-08-05 12:51:23 [Winston 로그] info: heatmap router 요청
2024-08-05 12:51:23 [Winston 로그] info: heatmap router 시작
2024-08-05 12:51:23 [Winston 로그] info: User ID: user1, Exhibition ID: exhb1 히트맵 정보 DB 조회
2024-08-05 12:51:23 [Winston 로그] info: heatmap 데이터 없음 또는 길이가 0입니다
2024-08-05 12:51:23 [Winston 로그] info: donutchart router 요청
2024-08-05 12:51:23 [Winston 로그] info: donutchart router 시작
2024-08-05 12:51:23 [Winston 로그] info: User ID: user1, 도넛차트 정보 DB 조회
2024-08-05 12:51:23 [Winston 로그] info: donutchart 데이터 없음 또는 길이가 0입니다
2024-08-05 12:51:23 [Winston 로그] info: sametime router 요청
2024-08-05 12:51:23 [Winston 로그] info: sametime router 시작
2024-08-05 12:51:23 [Winston 로그] info: User ID: user1 동시간대 정보 DB 조회
2024-08-05 12:51:24 [Winston 로그] info: getExhb router 요청
2024-08-05 12:51:24 [Winston 로그] info: getExhb router 시작
2024-08-05 12:51:24 [Winston 로그] info: heatmap router 요청
2024-08-05 12:51:24 [Winston 로그] info: heatmap router 시작
2024-08-05 12:51:24 [Winston 로그] info: User ID: user1 사용자 전시관 정보 DB 조회
2024-08-05 12:51:24 [Winston 로그] info: getexhb 성공
2024-08-05 12:51:24 [Winston 로그] info: User ID: user1, Exhibition ID: exhb1 히트맵 정보 DB 조회
2024-08-05 12:51:24 [Winston 로그] info: heatmap 데이터 없음 또는 길이가 0입니다
2024-08-05 12:51:24 [Winston 로그] info: heatmap router 요청
2024-08-05 12:51:24 [Winston 로그] info: heatmap router 시작
2024-08-05 12:51:24 [Winston 로그] info: User ID: user1, Exhibition ID: exhb1 히트맵 정보 DB 조회
2024-08-05 12:51:24 [Winston 로그] info: sametime 성공
2024-08-05 12:51:24 [Winston 로그] info: bytime router 요청
2024-08-05 12:51:24 [Winston 로그] info: bytime router 시작
2024-08-05 12:51:24 [Winston 로그] info: User ID: user1 시간별 정보 DB 조회
2024-08-05 12:51:24 [Winston 로그] info: heatmap 데이터 없음 또는 길이가 0입니다
2024-08-05 12:51:24 [Winston 로그] info: heatmap router 요청
2024-08-05 12:51:24 [Winston 로그] info: heatmap router 시작
2024-08-05 12:51:24 [Winston 로그] info: User ID: user1, Exhibition ID: exhb1 히트맵 정보 DB 조회
2024-08-05 12:51:24 [Winston 로그] info: heatmap 데이터 없음 또는 길이가 0입니다
2024-08-05 12:51:24 [Winston 로그] info: bytime 데이터 없음 또는 길이가 0입니다
2024-08-05 12:51:24 [Winston 로그] info: weekavg router 요청
2024-08-05 12:51:24 [Winston 로그] info: weekavg router 시작
2024-08-05 12:51:24 [Winston 로그] info: User ID: user1 이번주, 지난주 평균 DB 조회
2024-08-05 12:51:24 [Winston 로그] info: visitor router 요청
2024-08-05 12:51:24 [Winston 로그] info: visitor router 시작
2024-08-05 12:51:24 [Winston 로그] info: crowded router 요청
2024-08-05 12:51:24 [Winston 로그] info: crowded router 시작
2024-08-05 12:51:24 [Winston 로그] info: bywork router 요청
2024-08-05 12:51:24 [Winston 로그] info: bywork router 시작
2024-08-05 12:51:24 [Winston 로그] info: bygender router 요청
2024-08-05 12:51:24 [Winston 로그] info: bygender router 시작
2024-08-05 12:51:24 [Winston 로그] info: User ID: user1, Exhibition ID: exhb1 평균 방문객 정보 DB 조회
2024-08-05 12:51:24 [Winston 로그] info: User ID: user1, Exhibition ID: exhb1 성별 정보 DB 조회
2024-08-05 12:51:24 [Winston 로그] info: User ID: user1, Exhibition ID: exhb1 구역별 정보 DB 조회
2024-08-05 12:51:24 [Winston 로그] info: User ID: user1, Exhibition ID: exhb1 혼잡도 정보 DB 조회
2024-08-05 12:51:24 [Winston 로그] info: bygender 성공
2024-08-05 12:51:24 [Winston 로그] info: 현재 data
2024-08-05 12:51:24 [Winston 로그] info: crowded 데이터 없음 또는 길이가 0입니다
2024-08-05 12:51:24 [Winston 로그] info: byage router 요청
2024-08-05 12:51:24 [Winston 로그] info: byage router 시작
2024-08-05 12:51:24 [Winston 로그] info: weekavg 성공
2024-08-05 12:51:24 [Winston 로그] info: User ID: user1, Exhibition ID: exhb1 연령별 정보 DB 조회
2024-08-05 12:51:24 [Winston 로그] info: byage 성공
2024-08-05 12:51:25 [Winston 로그] info: bywork 데이터 없음 또는 길이가 0입니다
2024-08-05 12:51:25 [Winston 로그] info: visitor 성공
2024-08-05 12:51:26 [Winston 로그] info: bygender router 요청
2024-08-05 12:51:26 [Winston 로그] info: bygender router 시작
2024-08-05 12:51:26 [Winston 로그] info: byage router 요청
2024-08-05 12:51:26 [Winston 로그] info: byage router 시작
2024-08-05 12:51:26 [Winston 로그] info: User ID: user1, Exhibition ID: exhb1 연령별 정보 DB 조회
2024-08-05 12:51:26 [Winston 로그] info: User ID: user1, Exhibition ID: exhb1 성별 정보 DB 조회
2024-08-05 12:51:26 [Winston 로그] info: byage 성공
2024-08-05 12:51:26 [Winston 로그] info: bygender 성공
2024-08-05 12:51:27 [Winston 로그] info: visitor router 요청
2024-08-05 12:51:27 [Winston 로그] info: visitor router 시작
2024-08-05 12:51:27 [Winston 로그] info: crowded router 요청
2024-08-05 12:51:27 [Winston 로그] info: crowded router 시작
2024-08-05 12:51:27 [Winston 로그] info: bywork router 요청
2024-08-05 12:51:27 [Winston 로그] info: bywork router 시작
2024-08-05 12:51:27 [Winston 로그] info: bygender router 요청
2024-08-05 12:51:27 [Winston 로그] info: bygender router 시작
2024-08-05 12:51:27 [Winston 로그] info: User ID: user1, Exhibition ID: exhb1 구역별 정보 DB 조회
2024-08-05 12:51:27 [Winston 로그] info: User ID: user1, Exhibition ID: exhb1 평균 방문객 정보 DB 조회
2024-08-05 12:51:27 [Winston 로그] info: User ID: user1, Exhibition ID: exhb1 혼잡도 정보 DB 조회
2024-08-05 12:51:27 [Winston 로그] info: User ID: user1, Exhibition ID: exhb1 성별 정보 DB 조회
2024-08-05 12:51:27 [Winston 로그] info: 현재 data
2024-08-05 12:51:27 [Winston 로그] info: crowded 데이터 없음 또는 길이가 0입니다
2024-08-05 12:51:27 [Winston 로그] info: bygender 성공
2024-08-05 12:51:28 [Winston 로그] info: byage router 요청
2024-08-05 12:51:28 [Winston 로그] info: byage router 시작
2024-08-05 12:51:28 [Winston 로그] info: User ID: user1, Exhibition ID: exhb1 연령별 정보 DB 조회
2024-08-05 12:51:28 [Winston 로그] info: byage 성공
2024-08-05 12:51:28 [Winston 로그] info: bywork 데이터 없음 또는 길이가 0입니다
2024-08-05 12:51:28 [Winston 로그] info: visitor 성공
2024-08-05 12:51:29 [Winston 로그] info: getExhb router 요청
2024-08-05 12:51:29 [Winston 로그] info: getExhb router 시작
2024-08-05 12:51:29 [Winston 로그] info: heatmap router 요청
2024-08-05 12:51:29 [Winston 로그] info: heatmap router 시작
2024-08-05 12:51:29 [Winston 로그] info: User ID: user1 사용자 전시관 정보 DB 조회
2024-08-05 12:51:29 [Winston 로그] info: User ID: user1, Exhibition ID: exhb1 히트맵 정보 DB 조회
2024-08-05 12:51:29 [Winston 로그] info: getexhb 성공
2024-08-05 12:51:29 [Winston 로그] info: heatmap 데이터 없음 또는 길이가 0입니다
2024-08-05 12:51:29 [Winston 로그] info: heatmap router 요청
2024-08-05 12:51:29 [Winston 로그] info: heatmap router 시작
2024-08-05 12:51:29 [Winston 로그] info: User ID: user1, Exhibition ID: exhb1 히트맵 정보 DB 조회
2024-08-05 12:51:29 [Winston 로그] info: heatmap 데이터 없음 또는 길이가 0입니다
2024-08-05 12:51:29 [Winston 로그] info: heatmap router 요청
2024-08-05 12:51:29 [Winston 로그] info: heatmap router 시작
2024-08-05 12:51:29 [Winston 로그] info: User ID: user1, Exhibition ID: exhb1 히트맵 정보 DB 조회
2024-08-05 12:51:29 [Winston 로그] info: heatmap 데이터 없음 또는 길이가 0입니다
2024-08-05 12:51:34 [Winston 로그] info: bygender router 요청
2024-08-05 12:51:34 [Winston 로그] info: bygender router 시작
2024-08-05 12:51:34 [Winston 로그] info: byage router 요청
2024-08-05 12:51:34 [Winston 로그] info: byage router 시작
2024-08-05 12:51:34 [Winston 로그] info: User ID: user1, Exhibition ID: exhb1 성별 정보 DB 조회
2024-08-05 12:51:34 [Winston 로그] info: User ID: user1, Exhibition ID: exhb1 연령별 정보 DB 조회
2024-08-05 12:51:34 [Winston 로그] info: bygender 성공
2024-08-05 12:51:34 [Winston 로그] info: byage 성공
2024-08-05 12:51:39 [Winston 로그] info: donutchart router 요청
2024-08-05 12:51:39 [Winston 로그] info: donutchart router 시작
2024-08-05 12:51:39 [Winston 로그] info: User ID: user1, 도넛차트 정보 DB 조회
2024-08-05 12:51:39 [Winston 로그] info: donutchart 데이터 없음 또는 길이가 0입니다
2024-08-05 12:51:39 [Winston 로그] info: sametime router 요청
2024-08-05 12:51:39 [Winston 로그] info: sametime router 시작
2024-08-05 12:51:39 [Winston 로그] info: User ID: user1 동시간대 정보 DB 조회
2024-08-05 12:51:40 [Winston 로그] info: sametime 성공
2024-08-05 12:51:40 [Winston 로그] info: bytime router 요청
2024-08-05 12:51:40 [Winston 로그] info: bytime router 시작
2024-08-05 12:51:40 [Winston 로그] info: User ID: user1 시간별 정보 DB 조회
2024-08-05 12:51:40 [Winston 로그] info: bytime 데이터 없음 또는 길이가 0입니다
2024-08-05 12:51:40 [Winston 로그] info: weekavg router 요청
2024-08-05 12:51:40 [Winston 로그] info: weekavg router 시작
2024-08-05 12:51:40 [Winston 로그] info: User ID: user1 이번주, 지난주 평균 DB 조회
2024-08-05 12:51:40 [Winston 로그] info: weekavg 성공
2024-08-05 12:52:03 [Winston 로그] info: getExhb router 요청
2024-08-05 12:52:03 [Winston 로그] info: getExhb router 시작
2024-08-05 12:52:03 [Winston 로그] info: heatmap router 요청
2024-08-05 12:52:03 [Winston 로그] info: heatmap router 시작
2024-08-05 12:52:03 [Winston 로그] info: User ID: user1 사용자 전시관 정보 DB 조회
2024-08-05 12:52:03 [Winston 로그] info: User ID: user1, Exhibition ID: exhb1 히트맵 정보 DB 조회
2024-08-05 12:52:03 [Winston 로그] info: getexhb 성공
2024-08-05 12:52:03 [Winston 로그] info: heatmap 데이터 없음 또는 길이가 0입니다
2024-08-05 12:52:03 [Winston 로그] info: heatmap router 요청
2024-08-05 12:52:03 [Winston 로그] info: heatmap router 시작
2024-08-05 12:52:03 [Winston 로그] info: User ID: user1, Exhibition ID: exhb1 히트맵 정보 DB 조회
2024-08-05 12:52:03 [Winston 로그] info: heatmap 데이터 없음 또는 길이가 0입니다
2024-08-05 12:52:03 [Winston 로그] info: heatmap router 요청
2024-08-05 12:52:03 [Winston 로그] info: heatmap router 시작
2024-08-05 12:52:03 [Winston 로그] info: User ID: user1, Exhibition ID: exhb1 히트맵 정보 DB 조회
2024-08-05 12:52:03 [Winston 로그] info: heatmap 데이터 없음 또는 길이가 0입니다
2024-08-05 12:52:04 [Winston 로그] info: visitor router 요청
2024-08-05 12:52:04 [Winston 로그] info: visitor router 시작
2024-08-05 12:52:04 [Winston 로그] info: crowded router 요청
2024-08-05 12:52:04 [Winston 로그] info: crowded router 시작
2024-08-05 12:52:04 [Winston 로그] info: bywork router 요청
2024-08-05 12:52:04 [Winston 로그] info: bywork router 시작
2024-08-05 12:52:04 [Winston 로그] info: bygender router 요청
2024-08-05 12:52:04 [Winston 로그] info: bygender router 시작
2024-08-05 12:52:04 [Winston 로그] info: User ID: user1, Exhibition ID: exhb1 성별 정보 DB 조회
2024-08-05 12:52:04 [Winston 로그] info: User ID: user1, Exhibition ID: exhb1 혼잡도 정보 DB 조회
2024-08-05 12:52:04 [Winston 로그] info: User ID: user1, Exhibition ID: exhb1 구역별 정보 DB 조회
2024-08-05 12:52:04 [Winston 로그] info: User ID: user1, Exhibition ID: exhb1 평균 방문객 정보 DB 조회
2024-08-05 12:52:04 [Winston 로그] info: bygender 성공
2024-08-05 12:52:04 [Winston 로그] info: byage router 요청
2024-08-05 12:52:04 [Winston 로그] info: byage router 시작
2024-08-05 12:52:04 [Winston 로그] info: 현재 data
2024-08-05 12:52:04 [Winston 로그] info: crowded 데이터 없음 또는 길이가 0입니다
2024-08-05 12:52:04 [Winston 로그] info: User ID: user1, Exhibition ID: exhb1 연령별 정보 DB 조회
2024-08-05 12:52:04 [Winston 로그] info: byage 성공
2024-08-05 12:52:04 [Winston 로그] info: bywork 데이터 없음 또는 길이가 0입니다
2024-08-05 12:52:04 [Winston 로그] info: visitor 성공
2024-08-05 12:52:05 [Winston 로그] info: donutchart router 요청
2024-08-05 12:52:05 [Winston 로그] info: donutchart router 시작
2024-08-05 12:52:05 [Winston 로그] info: User ID: user1, 도넛차트 정보 DB 조회
2024-08-05 12:52:06 [Winston 로그] info: donutchart 데이터 없음 또는 길이가 0입니다
2024-08-05 12:52:06 [Winston 로그] info: sametime router 요청
2024-08-05 12:52:06 [Winston 로그] info: sametime router 시작
2024-08-05 12:52:06 [Winston 로그] info: User ID: user1 동시간대 정보 DB 조회
2024-08-05 12:52:06 [Winston 로그] info: sametime 성공
2024-08-05 12:52:06 [Winston 로그] info: bytime router 요청
2024-08-05 12:52:06 [Winston 로그] info: bytime router 시작
2024-08-05 12:52:06 [Winston 로그] info: User ID: user1 시간별 정보 DB 조회
2024-08-05 12:52:06 [Winston 로그] info: visitor router 요청
2024-08-05 12:52:06 [Winston 로그] info: visitor router 시작
2024-08-05 12:52:06 [Winston 로그] info: crowded router 요청
2024-08-05 12:52:06 [Winston 로그] info: crowded router 시작
2024-08-05 12:52:06 [Winston 로그] info: bywork router 요청
2024-08-05 12:52:06 [Winston 로그] info: bywork router 시작
2024-08-05 12:52:06 [Winston 로그] info: bygender router 요청
2024-08-05 12:52:06 [Winston 로그] info: bygender router 시작
2024-08-05 12:52:06 [Winston 로그] info: User ID: user1, Exhibition ID: exhb1 혼잡도 정보 DB 조회
2024-08-05 12:52:06 [Winston 로그] info: User ID: user1, Exhibition ID: exhb1 평균 방문객 정보 DB 조회
2024-08-05 12:52:06 [Winston 로그] info: User ID: user1, Exhibition ID: exhb1 구역별 정보 DB 조회
2024-08-05 12:52:06 [Winston 로그] info: User ID: user1, Exhibition ID: exhb1 성별 정보 DB 조회
2024-08-05 12:52:06 [Winston 로그] info: bygender 성공
2024-08-05 12:52:06 [Winston 로그] info: byage router 요청
2024-08-05 12:52:06 [Winston 로그] info: byage router 시작
2024-08-05 12:52:06 [Winston 로그] info: 현재 data
2024-08-05 12:52:06 [Winston 로그] info: crowded 데이터 없음 또는 길이가 0입니다
2024-08-05 12:52:06 [Winston 로그] info: User ID: user1, Exhibition ID: exhb1 연령별 정보 DB 조회
2024-08-05 12:52:06 [Winston 로그] info: byage 성공
2024-08-05 12:52:07 [Winston 로그] info: bytime 데이터 없음 또는 길이가 0입니다
2024-08-05 12:52:07 [Winston 로그] info: weekavg router 요청
2024-08-05 12:52:07 [Winston 로그] info: weekavg router 시작
2024-08-05 12:52:07 [Winston 로그] info: User ID: user1 이번주, 지난주 평균 DB 조회
2024-08-05 12:52:07 [Winston 로그] info: bywork 데이터 없음 또는 길이가 0입니다
2024-08-05 12:52:07 [Winston 로그] info: donutchart router 요청
2024-08-05 12:52:07 [Winston 로그] info: donutchart router 시작
2024-08-05 12:52:07 [Winston 로그] info: User ID: user1, 도넛차트 정보 DB 조회
2024-08-05 12:52:07 [Winston 로그] info: visitor 성공
2024-08-05 12:52:07 [Winston 로그] info: donutchart 데이터 없음 또는 길이가 0입니다
2024-08-05 12:52:07 [Winston 로그] info: sametime router 요청
2024-08-05 12:52:07 [Winston 로그] info: sametime router 시작
2024-08-05 12:52:07 [Winston 로그] info: User ID: user1 동시간대 정보 DB 조회
2024-08-05 12:52:07 [Winston 로그] info: visitor router 요청
2024-08-05 12:52:07 [Winston 로그] info: visitor router 시작
2024-08-05 12:52:07 [Winston 로그] info: crowded router 요청
2024-08-05 12:52:07 [Winston 로그] info: crowded router 시작
2024-08-05 12:52:07 [Winston 로그] info: bywork router 요청
2024-08-05 12:52:07 [Winston 로그] info: bywork router 시작
2024-08-05 12:52:07 [Winston 로그] info: bygender router 요청
2024-08-05 12:52:07 [Winston 로그] info: bygender router 시작
2024-08-05 12:52:07 [Winston 로그] info: User ID: user1, Exhibition ID: exhb1 혼잡도 정보 DB 조회
2024-08-05 12:52:07 [Winston 로그] info: User ID: user1, Exhibition ID: exhb1 구역별 정보 DB 조회
2024-08-05 12:52:07 [Winston 로그] info: User ID: user1, Exhibition ID: exhb1 평균 방문객 정보 DB 조회
2024-08-05 12:52:07 [Winston 로그] info: User ID: user1, Exhibition ID: exhb1 성별 정보 DB 조회
2024-08-05 12:52:07 [Winston 로그] info: 현재 data
2024-08-05 12:52:07 [Winston 로그] info: crowded 데이터 없음 또는 길이가 0입니다
2024-08-05 12:52:07 [Winston 로그] info: bygender 성공
2024-08-05 12:52:07 [Winston 로그] info: byage router 요청
2024-08-05 12:52:07 [Winston 로그] info: byage router 시작
2024-08-05 12:52:07 [Winston 로그] info: User ID: user1, Exhibition ID: exhb1 연령별 정보 DB 조회
2024-08-05 12:52:07 [Winston 로그] info: byage 성공
2024-08-05 12:52:08 [Winston 로그] info: donutchart router 요청
2024-08-05 12:52:08 [Winston 로그] info: donutchart router 시작
2024-08-05 12:52:08 [Winston 로그] info: bywork 데이터 없음 또는 길이가 0입니다
2024-08-05 12:52:08 [Winston 로그] info: User ID: user1, 도넛차트 정보 DB 조회
2024-08-05 12:52:08 [Winston 로그] info: visitor 성공
2024-08-05 12:52:08 [Winston 로그] info: donutchart 데이터 없음 또는 길이가 0입니다
2024-08-05 12:52:08 [Winston 로그] info: visitor router 요청
2024-08-05 12:52:08 [Winston 로그] info: visitor router 시작
2024-08-05 12:52:08 [Winston 로그] info: crowded router 요청
2024-08-05 12:52:08 [Winston 로그] info: crowded router 시작
2024-08-05 12:52:08 [Winston 로그] info: bywork router 요청
2024-08-05 12:52:08 [Winston 로그] info: bywork router 시작
2024-08-05 12:52:08 [Winston 로그] info: bygender router 요청
2024-08-05 12:52:08 [Winston 로그] info: bygender router 시작
2024-08-05 12:52:08 [Winston 로그] info: User ID: user1, Exhibition ID: exhb1 성별 정보 DB 조회
2024-08-05 12:52:08 [Winston 로그] info: User ID: user1, Exhibition ID: exhb1 평균 방문객 정보 DB 조회
2024-08-05 12:52:08 [Winston 로그] info: User ID: user1, Exhibition ID: exhb1 구역별 정보 DB 조회
2024-08-05 12:52:08 [Winston 로그] info: User ID: user1, Exhibition ID: exhb1 혼잡도 정보 DB 조회
2024-08-05 12:52:08 [Winston 로그] info: bygender 성공
2024-08-05 12:52:08 [Winston 로그] info: 현재 data
2024-08-05 12:52:08 [Winston 로그] info: crowded 데이터 없음 또는 길이가 0입니다
2024-08-05 12:52:08 [Winston 로그] info: byage router 요청
2024-08-05 12:52:08 [Winston 로그] info: byage router 시작
2024-08-05 12:52:08 [Winston 로그] info: User ID: user1, Exhibition ID: exhb1 연령별 정보 DB 조회
2024-08-05 12:52:08 [Winston 로그] info: weekavg 성공
2024-08-05 12:52:08 [Winston 로그] info: byage 성공
2024-08-05 12:52:08 [Winston 로그] info: bywork 데이터 없음 또는 길이가 0입니다
2024-08-05 12:52:09 [Winston 로그] info: visitor 성공
2024-08-05 12:52:09 [Winston 로그] info: sametime 성공
2024-08-05 12:52:09 [Winston 로그] info: sametime router 요청
2024-08-05 12:52:09 [Winston 로그] info: sametime router 시작
2024-08-05 12:52:09 [Winston 로그] info: bytime router 요청
2024-08-05 12:52:09 [Winston 로그] info: bytime router 시작
2024-08-05 12:52:09 [Winston 로그] info: User ID: user1 시간별 정보 DB 조회
2024-08-05 12:52:09 [Winston 로그] info: User ID: user1 동시간대 정보 DB 조회
2024-08-05 12:52:09 [Winston 로그] info: donutchart router 요청
2024-08-05 12:52:09 [Winston 로그] info: donutchart router 시작
2024-08-05 12:52:09 [Winston 로그] info: User ID: user1, 도넛차트 정보 DB 조회
2024-08-05 12:52:09 [Winston 로그] info: bytime 데이터 없음 또는 길이가 0입니다
2024-08-05 12:52:09 [Winston 로그] info: weekavg router 요청
2024-08-05 12:52:09 [Winston 로그] info: weekavg router 시작
2024-08-05 12:52:09 [Winston 로그] info: donutchart 데이터 없음 또는 길이가 0입니다
2024-08-05 12:52:09 [Winston 로그] info: User ID: user1 이번주, 지난주 평균 DB 조회
2024-08-05 12:52:10 [Winston 로그] info: sametime 성공
2024-08-05 12:52:10 [Winston 로그] info: sametime router 요청
2024-08-05 12:52:10 [Winston 로그] info: sametime router 시작
2024-08-05 12:52:10 [Winston 로그] info: bytime router 요청
2024-08-05 12:52:10 [Winston 로그] info: bytime router 시작
2024-08-05 12:52:10 [Winston 로그] info: User ID: user1 동시간대 정보 DB 조회
2024-08-05 12:52:10 [Winston 로그] info: User ID: user1 시간별 정보 DB 조회
2024-08-05 12:52:11 [Winston 로그] info: weekavg 성공
2024-08-05 12:52:11 [Winston 로그] info: bytime 데이터 없음 또는 길이가 0입니다
2024-08-05 12:52:11 [Winston 로그] info: weekavg router 요청
2024-08-05 12:52:11 [Winston 로그] info: weekavg router 시작
2024-08-05 12:52:11 [Winston 로그] info: User ID: user1 이번주, 지난주 평균 DB 조회
2024-08-05 12:52:12 [Winston 로그] info: sametime 성공
2024-08-05 12:52:12 [Winston 로그] info: bytime router 요청
2024-08-05 12:52:12 [Winston 로그] info: bytime router 시작
2024-08-05 12:52:12 [Winston 로그] info: User ID: user1 시간별 정보 DB 조회
2024-08-05 12:52:12 [Winston 로그] info: weekavg 성공
2024-08-05 12:52:12 [Winston 로그] info: bytime 데이터 없음 또는 길이가 0입니다
2024-08-05 12:52:12 [Winston 로그] info: weekavg router 요청
2024-08-05 12:52:12 [Winston 로그] info: weekavg router 시작
2024-08-05 12:52:12 [Winston 로그] info: User ID: user1 이번주, 지난주 평균 DB 조회
2024-08-05 12:52:12 [Winston 로그] info: weekavg 성공
2024-08-05 12:52:25 [Winston 로그] info: visitor router 요청
2024-08-05 12:52:25 [Winston 로그] info: visitor router 시작
2024-08-05 12:52:25 [Winston 로그] info: crowded router 요청
2024-08-05 12:52:25 [Winston 로그] info: crowded router 시작
2024-08-05 12:52:25 [Winston 로그] info: bywork router 요청
2024-08-05 12:52:25 [Winston 로그] info: bywork router 시작
2024-08-05 12:52:25 [Winston 로그] info: bygender router 요청
2024-08-05 12:52:25 [Winston 로그] info: bygender router 시작
2024-08-05 12:52:25 [Winston 로그] info: User ID: user1, Exhibition ID: exhb1 평균 방문객 정보 DB 조회
2024-08-05 12:52:25 [Winston 로그] info: User ID: user1, Exhibition ID: exhb1 구역별 정보 DB 조회
2024-08-05 12:52:25 [Winston 로그] info: User ID: user1, Exhibition ID: exhb1 혼잡도 정보 DB 조회
2024-08-05 12:52:25 [Winston 로그] info: User ID: user1, Exhibition ID: exhb1 성별 정보 DB 조회
2024-08-05 12:52:25 [Winston 로그] info: 현재 data
2024-08-05 12:52:25 [Winston 로그] info: crowded 데이터 없음 또는 길이가 0입니다
2024-08-05 12:52:25 [Winston 로그] info: bygender 성공
2024-08-05 12:52:25 [Winston 로그] info: byage router 요청
2024-08-05 12:52:25 [Winston 로그] info: byage router 시작
2024-08-05 12:52:25 [Winston 로그] info: User ID: user1, Exhibition ID: exhb1 연령별 정보 DB 조회
2024-08-05 12:52:25 [Winston 로그] info: bywork 데이터 없음 또는 길이가 0입니다
2024-08-05 12:52:25 [Winston 로그] info: byage 성공
2024-08-05 12:52:25 [Winston 로그] info: visitor 성공
2024-08-05 12:53:26 [Winston 로그] info: visitor router 요청
2024-08-05 12:53:26 [Winston 로그] info: visitor router 시작
2024-08-05 12:53:26 [Winston 로그] info: User ID: user1, Exhibition ID: exhb1 평균 방문객 정보 DB 조회
2024-08-05 12:53:26 [Winston 로그] info: visitor 성공
2024-08-05 12:54:26 [Winston 로그] info: visitor router 요청
2024-08-05 12:54:26 [Winston 로그] info: visitor router 시작
2024-08-05 12:54:26 [Winston 로그] info: User ID: user1, Exhibition ID: exhb1 평균 방문객 정보 DB 조회
2024-08-05 12:54:26 [Winston 로그] info: visitor 성공
2024-08-05 12:55:26 [Winston 로그] info: visitor router 요청
2024-08-05 12:55:26 [Winston 로그] info: visitor router 시작
2024-08-05 12:55:26 [Winston 로그] info: User ID: user1, Exhibition ID: exhb1 평균 방문객 정보 DB 조회
2024-08-05 12:55:26 [Winston 로그] info: visitor 성공
2024-08-05 12:56:26 [Winston 로그] info: visitor router 요청
2024-08-05 12:56:26 [Winston 로그] info: visitor router 시작
2024-08-05 12:56:26 [Winston 로그] info: User ID: user1, Exhibition ID: exhb1 평균 방문객 정보 DB 조회
2024-08-05 12:56:26 [Winston 로그] info: visitor 성공
2024-08-05 12:57:32 [Winston 로그] info: visitor router 요청
2024-08-05 12:57:32 [Winston 로그] info: visitor router 시작
2024-08-05 12:57:32 [Winston 로그] info: User ID: user1, Exhibition ID: exhb1 평균 방문객 정보 DB 조회
2024-08-05 12:57:32 [Winston 로그] info: visitor 성공
2024-08-05 12:58:32 [Winston 로그] info: visitor router 요청
2024-08-05 12:58:32 [Winston 로그] info: visitor router 시작
2024-08-05 12:58:32 [Winston 로그] info: User ID: user1, Exhibition ID: exhb1 평균 방문객 정보 DB 조회
2024-08-05 12:58:32 [Winston 로그] info: visitor 성공
2024-08-05 12:59:32 [Winston 로그] info: visitor router 요청
2024-08-05 12:59:32 [Winston 로그] info: visitor router 시작
2024-08-05 12:59:32 [Winston 로그] info: User ID: user1, Exhibition ID: exhb1 평균 방문객 정보 DB 조회
2024-08-05 12:59:32 [Winston 로그] info: visitor 성공
2024-08-05 13:00:32 [Winston 로그] info: visitor router 요청
2024-08-05 13:00:32 [Winston 로그] info: visitor router 시작
2024-08-05 13:00:32 [Winston 로그] info: User ID: user1, Exhibition ID: exhb1 평균 방문객 정보 DB 조회
2024-08-05 13:00:32 [Winston 로그] info: visitor 성공
2024-08-05 13:01:32 [Winston 로그] info: visitor router 요청
2024-08-05 13:01:32 [Winston 로그] info: visitor router 시작
2024-08-05 13:01:32 [Winston 로그] info: User ID: user1, Exhibition ID: exhb1 평균 방문객 정보 DB 조회
2024-08-05 13:01:32 [Winston 로그] info: visitor 성공
2024-08-05 13:02:32 [Winston 로그] info: visitor router 요청
2024-08-05 13:02:32 [Winston 로그] info: visitor router 시작
2024-08-05 13:02:32 [Winston 로그] info: User ID: user1, Exhibition ID: exhb1 평균 방문객 정보 DB 조회
2024-08-05 13:02:32 [Winston 로그] info: visitor 성공
2024-08-05 13:03:32 [Winston 로그] info: visitor router 요청
2024-08-05 13:03:32 [Winston 로그] info: visitor router 시작
2024-08-05 13:03:32 [Winston 로그] info: User ID: user1, Exhibition ID: exhb1 평균 방문객 정보 DB 조회
2024-08-05 13:03:32 [Winston 로그] info: visitor 성공
2024-08-05 13:04:32 [Winston 로그] info: visitor router 요청
2024-08-05 13:04:32 [Winston 로그] info: visitor router 시작
2024-08-05 13:04:32 [Winston 로그] info: User ID: user1, Exhibition ID: exhb1 평균 방문객 정보 DB 조회
2024-08-05 13:04:32 [Winston 로그] info: visitor 성공
2024-08-05 13:05:32 [Winston 로그] info: visitor router 요청
2024-08-05 13:05:32 [Winston 로그] info: visitor router 시작
2024-08-05 13:05:32 [Winston 로그] info: User ID: user1, Exhibition ID: exhb1 평균 방문객 정보 DB 조회
2024-08-05 13:05:32 [Winston 로그] info: visitor 성공
2024-08-05 13:06:32 [Winston 로그] info: visitor router 요청
2024-08-05 13:06:32 [Winston 로그] info: visitor router 시작
2024-08-05 13:06:32 [Winston 로그] info: User ID: user1, Exhibition ID: exhb1 평균 방문객 정보 DB 조회
2024-08-05 13:06:32 [Winston 로그] info: visitor 성공
2024-08-05 13:07:32 [Winston 로그] info: visitor router 요청
2024-08-05 13:07:32 [Winston 로그] info: visitor router 시작
2024-08-05 13:07:32 [Winston 로그] info: User ID: user1, Exhibition ID: exhb1 평균 방문객 정보 DB 조회
2024-08-05 13:07:32 [Winston 로그] info: visitor 성공
2024-08-05 13:08:32 [Winston 로그] info: visitor router 요청
2024-08-05 13:08:32 [Winston 로그] info: visitor router 시작
2024-08-05 13:08:32 [Winston 로그] info: User ID: user1, Exhibition ID: exhb1 평균 방문객 정보 DB 조회
2024-08-05 13:08:32 [Winston 로그] info: visitor 성공
2024-08-05 13:09:32 [Winston 로그] info: visitor router 요청
2024-08-05 13:09:32 [Winston 로그] info: visitor router 시작
2024-08-05 13:09:32 [Winston 로그] info: User ID: user1, Exhibition ID: exhb1 평균 방문객 정보 DB 조회
2024-08-05 13:09:32 [Winston 로그] info: visitor 성공
2024-08-05 13:10:32 [Winston 로그] info: visitor router 요청
2024-08-05 13:10:32 [Winston 로그] info: visitor router 시작
2024-08-05 13:10:32 [Winston 로그] info: User ID: user1, Exhibition ID: exhb1 평균 방문객 정보 DB 조회
2024-08-05 13:10:32 [Winston 로그] info: visitor 성공
2024-08-05 13:11:32 [Winston 로그] info: visitor router 요청
2024-08-05 13:11:32 [Winston 로그] info: visitor router 시작
2024-08-05 13:11:32 [Winston 로그] info: User ID: user1, Exhibition ID: exhb1 평균 방문객 정보 DB 조회
2024-08-05 13:11:32 [Winston 로그] info: visitor 성공
2024-08-05 13:12:32 [Winston 로그] info: visitor router 요청
2024-08-05 13:12:32 [Winston 로그] info: visitor router 시작
2024-08-05 13:12:32 [Winston 로그] info: User ID: user1, Exhibition ID: exhb1 평균 방문객 정보 DB 조회
2024-08-05 13:12:32 [Winston 로그] info: visitor 성공
2024-08-05 13:13:32 [Winston 로그] info: visitor router 요청
2024-08-05 13:13:32 [Winston 로그] info: visitor router 시작
2024-08-05 13:13:32 [Winston 로그] info: User ID: user1, Exhibition ID: exhb1 평균 방문객 정보 DB 조회
2024-08-05 13:13:32 [Winston 로그] info: visitor 성공
2024-08-05 13:14:32 [Winston 로그] info: visitor router 요청
2024-08-05 13:14:32 [Winston 로그] info: visitor router 시작
2024-08-05 13:14:32 [Winston 로그] info: User ID: user1, Exhibition ID: exhb1 평균 방문객 정보 DB 조회
2024-08-05 13:14:32 [Winston 로그] info: visitor 성공
2024-08-05 13:15:32 [Winston 로그] info: visitor router 요청
2024-08-05 13:15:32 [Winston 로그] info: visitor router 시작
2024-08-05 13:15:32 [Winston 로그] info: User ID: user1, Exhibition ID: exhb1 평균 방문객 정보 DB 조회
2024-08-05 13:15:32 [Winston 로그] info: visitor 성공
2024-08-05 13:16:32 [Winston 로그] info: visitor router 요청
2024-08-05 13:16:32 [Winston 로그] info: visitor router 시작
2024-08-05 13:16:32 [Winston 로그] info: User ID: user1, Exhibition ID: exhb1 평균 방문객 정보 DB 조회
2024-08-05 13:16:32 [Winston 로그] info: visitor 성공
2024-08-05 13:17:32 [Winston 로그] info: visitor router 요청
2024-08-05 13:17:32 [Winston 로그] info: visitor router 시작
2024-08-05 13:17:32 [Winston 로그] info: User ID: user1, Exhibition ID: exhb1 평균 방문객 정보 DB 조회
2024-08-05 13:17:32 [Winston 로그] info: visitor 성공
2024-08-05 13:18:32 [Winston 로그] info: visitor router 요청
2024-08-05 13:18:32 [Winston 로그] info: visitor router 시작
2024-08-05 13:18:32 [Winston 로그] info: User ID: user1, Exhibition ID: exhb1 평균 방문객 정보 DB 조회
2024-08-05 13:18:32 [Winston 로그] info: visitor 성공
2024-08-05 13:19:32 [Winston 로그] info: visitor router 요청
2024-08-05 13:19:32 [Winston 로그] info: visitor router 시작
2024-08-05 13:19:32 [Winston 로그] info: User ID: user1, Exhibition ID: exhb1 평균 방문객 정보 DB 조회
2024-08-05 13:19:32 [Winston 로그] info: visitor 성공
2024-08-05 13:20:32 [Winston 로그] info: visitor router 요청
2024-08-05 13:20:32 [Winston 로그] info: visitor router 시작
2024-08-05 13:20:32 [Winston 로그] info: User ID: user1, Exhibition ID: exhb1 평균 방문객 정보 DB 조회
2024-08-05 13:20:32 [Winston 로그] info: visitor 성공
2024-08-05 13:21:32 [Winston 로그] info: visitor router 요청
2024-08-05 13:21:32 [Winston 로그] info: visitor router 시작
2024-08-05 13:21:32 [Winston 로그] info: User ID: user1, Exhibition ID: exhb1 평균 방문객 정보 DB 조회
2024-08-05 13:21:32 [Winston 로그] info: visitor 성공
2024-08-05 13:22:32 [Winston 로그] info: visitor router 요청
2024-08-05 13:22:32 [Winston 로그] info: visitor router 시작
2024-08-05 13:22:32 [Winston 로그] info: User ID: user1, Exhibition ID: exhb1 평균 방문객 정보 DB 조회
2024-08-05 13:22:32 [Winston 로그] info: visitor 성공
2024-08-05 13:23:32 [Winston 로그] info: visitor router 요청
2024-08-05 13:23:32 [Winston 로그] info: visitor router 시작
2024-08-05 13:23:32 [Winston 로그] info: User ID: user1, Exhibition ID: exhb1 평균 방문객 정보 DB 조회
2024-08-05 13:23:32 [Winston 로그] info: visitor 성공
2024-08-05 13:24:32 [Winston 로그] info: visitor router 요청
2024-08-05 13:24:32 [Winston 로그] info: visitor router 시작
2024-08-05 13:24:32 [Winston 로그] info: User ID: user1, Exhibition ID: exhb1 평균 방문객 정보 DB 조회
2024-08-05 13:24:32 [Winston 로그] info: visitor 성공
2024-08-05 13:25:32 [Winston 로그] info: visitor router 요청
2024-08-05 13:25:32 [Winston 로그] info: visitor router 시작
2024-08-05 13:25:32 [Winston 로그] info: User ID: user1, Exhibition ID: exhb1 평균 방문객 정보 DB 조회
2024-08-05 13:25:32 [Winston 로그] info: visitor 성공
2024-08-05 13:26:32 [Winston 로그] info: visitor router 요청
2024-08-05 13:26:32 [Winston 로그] info: visitor router 시작
2024-08-05 13:26:32 [Winston 로그] info: User ID: user1, Exhibition ID: exhb1 평균 방문객 정보 DB 조회
2024-08-05 13:26:32 [Winston 로그] info: visitor 성공
2024-08-05 13:27:32 [Winston 로그] info: visitor router 요청
2024-08-05 13:27:32 [Winston 로그] info: visitor router 시작
2024-08-05 13:27:32 [Winston 로그] info: User ID: user1, Exhibition ID: exhb1 평균 방문객 정보 DB 조회
2024-08-05 13:27:32 [Winston 로그] info: visitor 성공
2024-08-05 13:28:32 [Winston 로그] info: visitor router 요청
2024-08-05 13:28:32 [Winston 로그] info: visitor router 시작
2024-08-05 13:28:32 [Winston 로그] info: User ID: user1, Exhibition ID: exhb1 평균 방문객 정보 DB 조회
2024-08-05 13:28:32 [Winston 로그] info: visitor 성공
2024-08-05 13:29:32 [Winston 로그] info: visitor router 요청
2024-08-05 13:29:32 [Winston 로그] info: visitor router 시작
2024-08-05 13:29:32 [Winston 로그] info: User ID: user1, Exhibition ID: exhb1 평균 방문객 정보 DB 조회
2024-08-05 13:29:32 [Winston 로그] info: visitor 성공
2024-08-05 13:30:32 [Winston 로그] info: visitor router 요청
2024-08-05 13:30:32 [Winston 로그] info: visitor router 시작
2024-08-05 13:30:32 [Winston 로그] info: User ID: user1, Exhibition ID: exhb1 평균 방문객 정보 DB 조회
2024-08-05 13:30:32 [Winston 로그] info: visitor 성공
2024-08-05 13:31:32 [Winston 로그] info: visitor router 요청
2024-08-05 13:31:32 [Winston 로그] info: visitor router 시작
2024-08-05 13:31:32 [Winston 로그] info: User ID: user1, Exhibition ID: exhb1 평균 방문객 정보 DB 조회
2024-08-05 13:31:32 [Winston 로그] info: visitor 성공
2024-08-05 13:32:32 [Winston 로그] info: visitor router 요청
2024-08-05 13:32:32 [Winston 로그] info: visitor router 시작
2024-08-05 13:32:32 [Winston 로그] info: User ID: user1, Exhibition ID: exhb1 평균 방문객 정보 DB 조회
2024-08-05 13:32:32 [Winston 로그] info: visitor 성공
2024-08-05 13:33:32 [Winston 로그] info: visitor router 요청
2024-08-05 13:33:32 [Winston 로그] info: visitor router 시작
2024-08-05 13:33:32 [Winston 로그] info: User ID: user1, Exhibition ID: exhb1 평균 방문객 정보 DB 조회
2024-08-05 13:33:32 [Winston 로그] info: visitor 성공
2024-08-05 13:34:32 [Winston 로그] info: visitor router 요청
2024-08-05 13:34:32 [Winston 로그] info: visitor router 시작
2024-08-05 13:34:32 [Winston 로그] info: User ID: user1, Exhibition ID: exhb1 평균 방문객 정보 DB 조회
2024-08-05 13:34:32 [Winston 로그] info: visitor 성공
2024-08-05 13:35:32 [Winston 로그] info: visitor router 요청
2024-08-05 13:35:32 [Winston 로그] info: visitor router 시작
2024-08-05 13:35:32 [Winston 로그] info: User ID: user1, Exhibition ID: exhb1 평균 방문객 정보 DB 조회
2024-08-05 13:35:32 [Winston 로그] info: visitor 성공
2024-08-05 13:36:32 [Winston 로그] info: visitor router 요청
2024-08-05 13:36:32 [Winston 로그] info: visitor router 시작
2024-08-05 13:36:32 [Winston 로그] info: User ID: user1, Exhibition ID: exhb1 평균 방문객 정보 DB 조회
2024-08-05 13:36:32 [Winston 로그] info: visitor 성공
2024-08-05 13:37:32 [Winston 로그] info: visitor router 요청
2024-08-05 13:37:32 [Winston 로그] info: visitor router 시작
2024-08-05 13:37:32 [Winston 로그] info: User ID: user1, Exhibition ID: exhb1 평균 방문객 정보 DB 조회
2024-08-05 13:37:32 [Winston 로그] info: visitor 성공
2024-08-05 13:38:32 [Winston 로그] info: visitor router 요청
2024-08-05 13:38:32 [Winston 로그] info: visitor router 시작
2024-08-05 13:38:32 [Winston 로그] info: User ID: user1, Exhibition ID: exhb1 평균 방문객 정보 DB 조회
2024-08-05 13:38:32 [Winston 로그] info: visitor 성공
2024-08-05 13:39:32 [Winston 로그] info: visitor router 요청
2024-08-05 13:39:32 [Winston 로그] info: visitor router 시작
2024-08-05 13:39:32 [Winston 로그] info: User ID: user1, Exhibition ID: exhb1 평균 방문객 정보 DB 조회
2024-08-05 13:39:32 [Winston 로그] info: visitor 성공
2024-08-05 13:40:32 [Winston 로그] info: visitor router 요청
2024-08-05 13:40:32 [Winston 로그] info: visitor router 시작
2024-08-05 13:40:32 [Winston 로그] info: User ID: user1, Exhibition ID: exhb1 평균 방문객 정보 DB 조회
2024-08-05 13:40:32 [Winston 로그] info: visitor 성공
2024-08-05 13:41:32 [Winston 로그] info: visitor router 요청
2024-08-05 13:41:32 [Winston 로그] info: visitor router 시작
2024-08-05 13:41:32 [Winston 로그] info: User ID: user1, Exhibition ID: exhb1 평균 방문객 정보 DB 조회
2024-08-05 13:41:32 [Winston 로그] info: visitor 성공
2024-08-05 13:42:32 [Winston 로그] info: visitor router 요청
2024-08-05 13:42:32 [Winston 로그] info: visitor router 시작
2024-08-05 13:42:32 [Winston 로그] info: User ID: user1, Exhibition ID: exhb1 평균 방문객 정보 DB 조회
2024-08-05 13:42:32 [Winston 로그] info: visitor 성공
2024-08-05 13:43:32 [Winston 로그] info: visitor router 요청
2024-08-05 13:43:32 [Winston 로그] info: visitor router 시작
2024-08-05 13:43:32 [Winston 로그] info: User ID: user1, Exhibition ID: exhb1 평균 방문객 정보 DB 조회
2024-08-05 13:43:32 [Winston 로그] info: visitor 성공
2024-08-05 13:44:32 [Winston 로그] info: visitor router 요청
2024-08-05 13:44:32 [Winston 로그] info: visitor router 시작
2024-08-05 13:44:32 [Winston 로그] info: User ID: user1, Exhibition ID: exhb1 평균 방문객 정보 DB 조회
2024-08-05 13:44:32 [Winston 로그] info: visitor 성공
2024-08-05 13:45:32 [Winston 로그] info: visitor router 요청
2024-08-05 13:45:32 [Winston 로그] info: visitor router 시작
2024-08-05 13:45:32 [Winston 로그] info: User ID: user1, Exhibition ID: exhb1 평균 방문객 정보 DB 조회
2024-08-05 13:45:32 [Winston 로그] info: visitor 성공
2024-08-05 13:46:32 [Winston 로그] info: visitor router 요청
2024-08-05 13:46:32 [Winston 로그] info: visitor router 시작
2024-08-05 13:46:32 [Winston 로그] info: User ID: user1, Exhibition ID: exhb1 평균 방문객 정보 DB 조회
2024-08-05 13:46:32 [Winston 로그] info: visitor 성공
2024-08-05 13:47:32 [Winston 로그] info: visitor router 요청
2024-08-05 13:47:32 [Winston 로그] info: visitor router 시작
2024-08-05 13:47:32 [Winston 로그] info: User ID: user1, Exhibition ID: exhb1 평균 방문객 정보 DB 조회
2024-08-05 13:47:32 [Winston 로그] info: visitor 성공
2024-08-05 13:48:32 [Winston 로그] info: visitor router 요청
2024-08-05 13:48:32 [Winston 로그] info: visitor router 시작
2024-08-05 13:48:32 [Winston 로그] info: User ID: user1, Exhibition ID: exhb1 평균 방문객 정보 DB 조회
2024-08-05 13:48:32 [Winston 로그] info: visitor 성공
2024-08-05 13:49:32 [Winston 로그] info: visitor router 요청
2024-08-05 13:49:32 [Winston 로그] info: visitor router 시작
2024-08-05 13:49:32 [Winston 로그] info: User ID: user1, Exhibition ID: exhb1 평균 방문객 정보 DB 조회
2024-08-05 13:49:32 [Winston 로그] info: visitor 성공
2024-08-05 13:50:32 [Winston 로그] info: visitor router 요청
2024-08-05 13:50:32 [Winston 로그] info: visitor router 시작
2024-08-05 13:50:32 [Winston 로그] info: User ID: user1, Exhibition ID: exhb1 평균 방문객 정보 DB 조회
2024-08-05 13:50:32 [Winston 로그] info: visitor 성공
2024-08-05 13:51:32 [Winston 로그] info: visitor router 요청
2024-08-05 13:51:32 [Winston 로그] info: visitor router 시작
2024-08-05 13:51:32 [Winston 로그] info: User ID: user1, Exhibition ID: exhb1 평균 방문객 정보 DB 조회
2024-08-05 13:51:32 [Winston 로그] info: visitor 성공
2024-08-05 13:52:32 [Winston 로그] info: visitor router 요청
2024-08-05 13:52:32 [Winston 로그] info: visitor router 시작
2024-08-05 13:52:32 [Winston 로그] info: User ID: user1, Exhibition ID: exhb1 평균 방문객 정보 DB 조회
2024-08-05 13:52:32 [Winston 로그] info: visitor 성공
2024-08-05 13:53:32 [Winston 로그] info: visitor router 요청
2024-08-05 13:53:32 [Winston 로그] info: visitor router 시작
2024-08-05 13:53:32 [Winston 로그] info: User ID: user1, Exhibition ID: exhb1 평균 방문객 정보 DB 조회
2024-08-05 13:53:32 [Winston 로그] info: visitor 성공
2024-08-05 13:54:32 [Winston 로그] info: visitor router 요청
2024-08-05 13:54:32 [Winston 로그] info: visitor router 시작
2024-08-05 13:54:32 [Winston 로그] info: User ID: user1, Exhibition ID: exhb1 평균 방문객 정보 DB 조회
2024-08-05 13:54:32 [Winston 로그] info: visitor 성공
2024-08-05 13:55:32 [Winston 로그] info: visitor router 요청
2024-08-05 13:55:32 [Winston 로그] info: visitor router 시작
2024-08-05 13:55:32 [Winston 로그] info: User ID: user1, Exhibition ID: exhb1 평균 방문객 정보 DB 조회
2024-08-05 13:55:32 [Winston 로그] info: visitor 성공
2024-08-05 13:56:32 [Winston 로그] info: visitor router 요청
2024-08-05 13:56:32 [Winston 로그] info: visitor router 시작
2024-08-05 13:56:32 [Winston 로그] info: User ID: user1, Exhibition ID: exhb1 평균 방문객 정보 DB 조회
2024-08-05 13:56:32 [Winston 로그] info: visitor 성공
2024-08-05 13:57:32 [Winston 로그] info: visitor router 요청
2024-08-05 13:57:32 [Winston 로그] info: visitor router 시작
2024-08-05 13:57:32 [Winston 로그] info: User ID: user1, Exhibition ID: exhb1 평균 방문객 정보 DB 조회
2024-08-05 13:57:32 [Winston 로그] info: visitor 성공
2024-08-05 13:58:32 [Winston 로그] info: visitor router 요청
2024-08-05 13:58:32 [Winston 로그] info: visitor router 시작
2024-08-05 13:58:32 [Winston 로그] info: User ID: user1, Exhibition ID: exhb1 평균 방문객 정보 DB 조회
2024-08-05 13:58:32 [Winston 로그] info: visitor 성공
2024-08-05 13:59:32 [Winston 로그] info: visitor router 요청
2024-08-05 13:59:32 [Winston 로그] info: visitor router 시작
2024-08-05 13:59:32 [Winston 로그] info: User ID: user1, Exhibition ID: exhb1 평균 방문객 정보 DB 조회
2024-08-05 13:59:32 [Winston 로그] info: visitor 성공
2024-08-05 14:00:32 [Winston 로그] info: visitor router 요청
2024-08-05 14:00:32 [Winston 로그] info: visitor router 시작
2024-08-05 14:00:32 [Winston 로그] info: User ID: user1, Exhibition ID: exhb1 평균 방문객 정보 DB 조회
2024-08-05 14:00:32 [Winston 로그] info: visitor 성공
2024-08-05 14:01:32 [Winston 로그] info: visitor router 요청
2024-08-05 14:01:32 [Winston 로그] info: visitor router 시작
2024-08-05 14:01:32 [Winston 로그] info: User ID: user1, Exhibition ID: exhb1 평균 방문객 정보 DB 조회
2024-08-05 14:01:32 [Winston 로그] info: visitor 성공
2024-08-05 14:02:26 [Winston 로그] info: visitor router 요청
2024-08-05 14:02:26 [Winston 로그] info: visitor router 시작
2024-08-05 14:02:26 [Winston 로그] info: User ID: user1, Exhibition ID: exhb1 평균 방문객 정보 DB 조회
2024-08-05 14:02:26 [Winston 로그] info: visitor 성공
2024-08-05 14:03:27 [Winston 로그] info: visitor router 요청
2024-08-05 14:03:27 [Winston 로그] info: visitor router 시작
2024-08-05 14:03:27 [Winston 로그] info: User ID: user1, Exhibition ID: exhb1 평균 방문객 정보 DB 조회
2024-08-05 14:03:27 [Winston 로그] info: visitor 성공
2024-08-05 14:04:26 [Winston 로그] info: visitor router 요청
2024-08-05 14:04:26 [Winston 로그] info: visitor router 시작
2024-08-05 14:04:26 [Winston 로그] info: User ID: user1, Exhibition ID: exhb1 평균 방문객 정보 DB 조회
2024-08-05 14:04:26 [Winston 로그] info: visitor 성공
2024-08-05 14:05:27 [Winston 로그] info: visitor router 요청
2024-08-05 14:05:27 [Winston 로그] info: visitor router 시작
2024-08-05 14:05:27 [Winston 로그] info: User ID: user1, Exhibition ID: exhb1 평균 방문객 정보 DB 조회
2024-08-05 14:05:27 [Winston 로그] info: visitor 성공
2024-08-05 14:06:28 [Winston 로그] info: visitor router 요청
2024-08-05 14:06:28 [Winston 로그] info: visitor router 시작
2024-08-05 14:06:28 [Winston 로그] info: User ID: user1, Exhibition ID: exhb1 평균 방문객 정보 DB 조회
2024-08-05 14:06:28 [Winston 로그] info: visitor 성공
2024-08-05 14:07:29 [Winston 로그] info: visitor router 요청
2024-08-05 14:07:29 [Winston 로그] info: visitor router 시작
2024-08-05 14:07:29 [Winston 로그] info: User ID: user1, Exhibition ID: exhb1 평균 방문객 정보 DB 조회
2024-08-05 14:07:29 [Winston 로그] info: visitor 성공
2024-08-05 14:08:30 [Winston 로그] info: visitor router 요청
2024-08-05 14:08:30 [Winston 로그] info: visitor router 시작
2024-08-05 14:08:30 [Winston 로그] info: User ID: user1, Exhibition ID: exhb1 평균 방문객 정보 DB 조회
2024-08-05 14:08:30 [Winston 로그] info: visitor 성공
2024-08-05 14:09:31 [Winston 로그] info: visitor router 요청
2024-08-05 14:09:31 [Winston 로그] info: visitor router 시작
2024-08-05 14:09:31 [Winston 로그] info: User ID: user1, Exhibition ID: exhb1 평균 방문객 정보 DB 조회
2024-08-05 14:09:31 [Winston 로그] info: visitor 성공
2024-08-05 14:10:32 [Winston 로그] info: visitor router 요청
2024-08-05 14:10:32 [Winston 로그] info: visitor router 시작
2024-08-05 14:10:32 [Winston 로그] info: User ID: user1, Exhibition ID: exhb1 평균 방문객 정보 DB 조회
2024-08-05 14:10:32 [Winston 로그] info: visitor 성공
2024-08-05 14:11:26 [Winston 로그] info: visitor router 요청
2024-08-05 14:11:26 [Winston 로그] info: visitor router 시작
2024-08-05 14:11:26 [Winston 로그] info: User ID: user1, Exhibition ID: exhb1 평균 방문객 정보 DB 조회
2024-08-05 14:11:26 [Winston 로그] info: visitor 성공
2024-08-05 14:12:27 [Winston 로그] info: visitor router 요청
2024-08-05 14:12:27 [Winston 로그] info: visitor router 시작
2024-08-05 14:12:27 [Winston 로그] info: User ID: user1, Exhibition ID: exhb1 평균 방문객 정보 DB 조회
2024-08-05 14:12:27 [Winston 로그] info: visitor 성공
2024-08-05 14:13:28 [Winston 로그] info: visitor router 요청
2024-08-05 14:13:28 [Winston 로그] info: visitor router 시작
2024-08-05 14:13:28 [Winston 로그] info: User ID: user1, Exhibition ID: exhb1 평균 방문객 정보 DB 조회
2024-08-05 14:13:28 [Winston 로그] info: visitor 성공
2024-08-05 14:14:29 [Winston 로그] info: visitor router 요청
2024-08-05 14:14:29 [Winston 로그] info: visitor router 시작
2024-08-05 14:14:29 [Winston 로그] info: User ID: user1, Exhibition ID: exhb1 평균 방문객 정보 DB 조회
2024-08-05 14:14:29 [Winston 로그] info: visitor 성공
2024-08-05 14:15:26 [Winston 로그] info: visitor router 요청
2024-08-05 14:15:26 [Winston 로그] info: visitor router 시작
2024-08-05 14:15:26 [Winston 로그] info: User ID: user1, Exhibition ID: exhb1 평균 방문객 정보 DB 조회
2024-08-05 14:15:26 [Winston 로그] info: visitor 성공
2024-08-05 14:16:27 [Winston 로그] info: visitor router 요청
2024-08-05 14:16:27 [Winston 로그] info: visitor router 시작
2024-08-05 14:16:27 [Winston 로그] info: User ID: user1, Exhibition ID: exhb1 평균 방문객 정보 DB 조회
2024-08-05 14:16:27 [Winston 로그] info: visitor 성공
2024-08-05 14:17:26 [Winston 로그] info: visitor router 요청
2024-08-05 14:17:26 [Winston 로그] info: visitor router 시작
2024-08-05 14:17:26 [Winston 로그] info: User ID: user1, Exhibition ID: exhb1 평균 방문객 정보 DB 조회
2024-08-05 14:17:26 [Winston 로그] info: visitor 성공
2024-08-05 14:18:27 [Winston 로그] info: visitor router 요청
2024-08-05 14:18:27 [Winston 로그] info: visitor router 시작
2024-08-05 14:18:27 [Winston 로그] info: User ID: user1, Exhibition ID: exhb1 평균 방문객 정보 DB 조회
2024-08-05 14:18:27 [Winston 로그] info: visitor 성공
2024-08-05 14:19:28 [Winston 로그] info: visitor router 요청
2024-08-05 14:19:28 [Winston 로그] info: visitor router 시작
2024-08-05 14:19:28 [Winston 로그] info: User ID: user1, Exhibition ID: exhb1 평균 방문객 정보 DB 조회
2024-08-05 14:19:28 [Winston 로그] info: visitor 성공
2024-08-05 14:20:26 [Winston 로그] info: visitor router 요청
2024-08-05 14:20:26 [Winston 로그] info: visitor router 시작
2024-08-05 14:20:26 [Winston 로그] info: User ID: user1, Exhibition ID: exhb1 평균 방문객 정보 DB 조회
2024-08-05 14:20:26 [Winston 로그] info: visitor 성공
2024-08-05 14:21:26 [Winston 로그] info: visitor router 요청
2024-08-05 14:21:26 [Winston 로그] info: visitor router 시작
2024-08-05 14:21:26 [Winston 로그] info: User ID: user1, Exhibition ID: exhb1 평균 방문객 정보 DB 조회
2024-08-05 14:21:26 [Winston 로그] info: visitor 성공
2024-08-05 14:21:45 [Winston 로그] info: visitor router 요청
2024-08-05 14:21:45 [Winston 로그] info: visitor router 시작
2024-08-05 14:21:45 [Winston 로그] info: User ID: user1, Exhibition ID: exhb1 평균 방문객 정보 DB 조회
2024-08-05 14:21:45 [Winston 로그] info: visitor 성공
2024-08-05 14:22:46 [Winston 로그] info: visitor router 요청
2024-08-05 14:22:46 [Winston 로그] info: visitor router 시작
2024-08-05 14:22:46 [Winston 로그] info: User ID: user1, Exhibition ID: exhb1 평균 방문객 정보 DB 조회
2024-08-05 14:22:46 [Winston 로그] info: visitor 성공
2024-08-05 14:23:44 [Winston 로그] info: visitor router 요청
2024-08-05 14:23:44 [Winston 로그] info: visitor router 시작
2024-08-05 14:23:44 [Winston 로그] info: User ID: user1, Exhibition ID: exhb1 평균 방문객 정보 DB 조회
2024-08-05 14:23:44 [Winston 로그] info: visitor 성공
2024-08-05 14:24:45 [Winston 로그] info: visitor router 요청
2024-08-05 14:24:45 [Winston 로그] info: visitor router 시작
2024-08-05 14:24:45 [Winston 로그] info: User ID: user1, Exhibition ID: exhb1 평균 방문객 정보 DB 조회
2024-08-05 14:24:45 [Winston 로그] info: visitor 성공
2024-08-05 14:25:18 [Winston 로그] info: getExhb router 요청
2024-08-05 14:25:18 [Winston 로그] info: getExhb router 시작
2024-08-05 14:25:18 [Winston 로그] info: heatmap router 요청
2024-08-05 14:25:18 [Winston 로그] info: heatmap router 시작
2024-08-05 14:25:18 [Winston 로그] info: User ID: user1 사용자 전시관 정보 DB 조회
2024-08-05 14:25:18 [Winston 로그] info: getexhb 성공
2024-08-05 14:25:19 [Winston 로그] info: User ID: user1, Exhibition ID: exhb1 히트맵 정보 DB 조회
2024-08-05 14:25:19 [Winston 로그] info: heatmap 데이터 없음 또는 길이가 0입니다
2024-08-05 14:25:19 [Winston 로그] info: heatmap router 요청
2024-08-05 14:25:19 [Winston 로그] info: heatmap router 시작
2024-08-05 14:25:19 [Winston 로그] info: User ID: user1, Exhibition ID: exhb1 히트맵 정보 DB 조회
2024-08-05 14:25:19 [Winston 로그] info: heatmap 데이터 없음 또는 길이가 0입니다
2024-08-05 14:25:19 [Winston 로그] info: heatmap router 요청
2024-08-05 14:25:19 [Winston 로그] info: heatmap router 시작
2024-08-05 14:25:19 [Winston 로그] info: User ID: user1, Exhibition ID: exhb1 히트맵 정보 DB 조회
2024-08-05 14:25:19 [Winston 로그] info: heatmap 데이터 없음 또는 길이가 0입니다
2024-08-05 14:25:19 [Winston 로그] info: visitor router 요청
2024-08-05 14:25:19 [Winston 로그] info: visitor router 시작
2024-08-05 14:25:19 [Winston 로그] info: crowded router 요청
2024-08-05 14:25:19 [Winston 로그] info: crowded router 시작
2024-08-05 14:25:19 [Winston 로그] info: bywork router 요청
2024-08-05 14:25:19 [Winston 로그] info: bywork router 시작
2024-08-05 14:25:19 [Winston 로그] info: bygender router 요청
2024-08-05 14:25:19 [Winston 로그] info: bygender router 시작
2024-08-05 14:25:19 [Winston 로그] info: User ID: user1, Exhibition ID: exhb1 평균 방문객 정보 DB 조회
2024-08-05 14:25:19 [Winston 로그] info: User ID: user1, Exhibition ID: exhb1 혼잡도 정보 DB 조회
2024-08-05 14:25:19 [Winston 로그] info: User ID: user1, Exhibition ID: exhb1 구역별 정보 DB 조회
2024-08-05 14:25:19 [Winston 로그] info: User ID: user1, Exhibition ID: exhb1 성별 정보 DB 조회
2024-08-05 14:25:19 [Winston 로그] info: 현재 data
2024-08-05 14:25:19 [Winston 로그] info: crowded 데이터 없음 또는 길이가 0입니다
2024-08-05 14:25:19 [Winston 로그] info: bygender 성공
2024-08-05 14:25:19 [Winston 로그] info: byage router 요청
2024-08-05 14:25:19 [Winston 로그] info: byage router 시작
2024-08-05 14:25:19 [Winston 로그] info: User ID: user1, Exhibition ID: exhb1 연령별 정보 DB 조회
2024-08-05 14:25:19 [Winston 로그] info: bywork 데이터 없음 또는 길이가 0입니다
2024-08-05 14:25:19 [Winston 로그] info: byage 성공
2024-08-05 14:25:19 [Winston 로그] info: visitor 성공
2024-08-05 14:26:19 [Winston 로그] info: visitor router 요청
2024-08-05 14:26:19 [Winston 로그] info: visitor router 시작
2024-08-05 14:26:19 [Winston 로그] info: User ID: user1, Exhibition ID: exhb1 평균 방문객 정보 DB 조회
2024-08-05 14:26:19 [Winston 로그] info: visitor 성공
2024-08-05 14:26:37 [Winston 로그] info: visitor router 요청
2024-08-05 14:26:37 [Winston 로그] info: visitor router 시작
2024-08-05 14:26:37 [Winston 로그] info: User ID: user1, Exhibition ID: exhb1 평균 방문객 정보 DB 조회
2024-08-05 14:26:37 [Winston 로그] info: visitor 성공
2024-08-05 14:27:38 [Winston 로그] info: visitor router 요청
2024-08-05 14:27:38 [Winston 로그] info: visitor router 시작
2024-08-05 14:27:38 [Winston 로그] info: User ID: user1, Exhibition ID: exhb1 평균 방문객 정보 DB 조회
2024-08-05 14:27:38 [Winston 로그] info: visitor 성공
2024-08-05 14:28:38 [Winston 로그] info: visitor router 요청
2024-08-05 14:28:38 [Winston 로그] info: visitor router 시작
2024-08-05 14:28:38 [Winston 로그] info: User ID: user1, Exhibition ID: exhb1 평균 방문객 정보 DB 조회
2024-08-05 14:28:38 [Winston 로그] info: visitor 성공
2024-08-05 14:29:38 [Winston 로그] info: visitor router 요청
2024-08-05 14:29:38 [Winston 로그] info: visitor router 시작
2024-08-05 14:29:38 [Winston 로그] info: User ID: user1, Exhibition ID: exhb1 평균 방문객 정보 DB 조회
2024-08-05 14:29:38 [Winston 로그] info: visitor 성공
2024-08-05 14:30:38 [Winston 로그] info: visitor router 요청
2024-08-05 14:30:38 [Winston 로그] info: visitor router 시작
2024-08-05 14:30:38 [Winston 로그] info: User ID: user1, Exhibition ID: exhb1 평균 방문객 정보 DB 조회
2024-08-05 14:30:38 [Winston 로그] info: visitor 성공
2024-08-05 14:31:39 [Winston 로그] info: visitor router 요청
2024-08-05 14:31:39 [Winston 로그] info: visitor router 시작
2024-08-05 14:31:39 [Winston 로그] info: User ID: user1, Exhibition ID: exhb1 평균 방문객 정보 DB 조회
2024-08-05 14:31:39 [Winston 로그] info: visitor 성공
2024-08-05 14:32:40 [Winston 로그] info: visitor router 요청
2024-08-05 14:32:40 [Winston 로그] info: visitor router 시작
2024-08-05 14:32:40 [Winston 로그] info: User ID: user1, Exhibition ID: exhb1 평균 방문객 정보 DB 조회
2024-08-05 14:32:40 [Winston 로그] info: visitor 성공
2024-08-05 14:33:41 [Winston 로그] info: visitor router 요청
2024-08-05 14:33:41 [Winston 로그] info: visitor router 시작
2024-08-05 14:33:41 [Winston 로그] info: User ID: user1, Exhibition ID: exhb1 평균 방문객 정보 DB 조회
2024-08-05 14:33:41 [Winston 로그] info: visitor 성공
2024-08-05 14:34:42 [Winston 로그] info: visitor router 요청
2024-08-05 14:34:42 [Winston 로그] info: visitor router 시작
2024-08-05 14:34:42 [Winston 로그] info: User ID: user1, Exhibition ID: exhb1 평균 방문객 정보 DB 조회
2024-08-05 14:34:42 [Winston 로그] info: visitor 성공
2024-08-05 14:35:38 [Winston 로그] info: visitor router 요청
2024-08-05 14:35:38 [Winston 로그] info: visitor router 시작
2024-08-05 14:35:38 [Winston 로그] info: User ID: user1, Exhibition ID: exhb1 평균 방문객 정보 DB 조회
2024-08-05 14:35:38 [Winston 로그] info: visitor 성공
2024-08-05 14:36:37 [Winston 로그] info: visitor router 요청
2024-08-05 14:36:37 [Winston 로그] info: visitor router 시작
2024-08-05 14:36:37 [Winston 로그] info: User ID: user1, Exhibition ID: exhb1 평균 방문객 정보 DB 조회
2024-08-05 14:36:37 [Winston 로그] info: visitor 성공
2024-08-05 14:36:45 [Winston 로그] info: visitor router 요청
2024-08-05 14:36:45 [Winston 로그] info: visitor router 시작
2024-08-05 14:36:45 [Winston 로그] info: User ID: user1, Exhibition ID: exhb1 평균 방문객 정보 DB 조회
2024-08-05 14:36:45 [Winston 로그] info: visitor 성공
2024-08-05 14:37:46 [Winston 로그] info: visitor router 요청
2024-08-05 14:37:46 [Winston 로그] info: visitor router 시작
2024-08-05 14:37:46 [Winston 로그] info: User ID: user1, Exhibition ID: exhb1 평균 방문객 정보 DB 조회
2024-08-05 14:37:46 [Winston 로그] info: visitor 성공
2024-08-05 14:38:04 [Winston 로그] info: visitor router 요청
2024-08-05 14:38:04 [Winston 로그] info: visitor router 시작
2024-08-05 14:38:04 [Winston 로그] info: User ID: user1, Exhibition ID: exhb1 평균 방문객 정보 DB 조회
2024-08-05 14:38:04 [Winston 로그] info: visitor 성공
2024-08-05 14:39:05 [Winston 로그] info: visitor router 요청
2024-08-05 14:39:05 [Winston 로그] info: visitor router 시작
2024-08-05 14:39:05 [Winston 로그] info: User ID: user1, Exhibition ID: exhb1 평균 방문객 정보 DB 조회
2024-08-05 14:39:05 [Winston 로그] info: visitor 성공
2024-08-05 14:40:05 [Winston 로그] info: visitor router 요청
2024-08-05 14:40:05 [Winston 로그] info: visitor router 시작
2024-08-05 14:40:05 [Winston 로그] info: User ID: user1, Exhibition ID: exhb1 평균 방문객 정보 DB 조회
2024-08-05 14:40:05 [Winston 로그] info: visitor 성공
2024-08-05 14:40:08 [Winston 로그] info: visitor router 요청
2024-08-05 14:40:08 [Winston 로그] info: visitor router 시작
2024-08-05 14:40:08 [Winston 로그] info: User ID: user1, Exhibition ID: exhb1 평균 방문객 정보 DB 조회
2024-08-05 14:40:08 [Winston 로그] info: visitor 성공
2024-08-05 14:40:20 [Winston 로그] info: visitor router 요청
2024-08-05 14:40:20 [Winston 로그] info: visitor router 시작
2024-08-05 14:40:20 [Winston 로그] info: User ID: user1, Exhibition ID: exhb1 평균 방문객 정보 DB 조회
2024-08-05 14:40:20 [Winston 로그] info: visitor 성공
2024-08-05 14:41:08 [Winston 로그] info: visitor router 요청
2024-08-05 14:41:08 [Winston 로그] info: visitor router 시작
2024-08-05 14:41:08 [Winston 로그] info: User ID: user1, Exhibition ID: exhb1 평균 방문객 정보 DB 조회
2024-08-05 14:41:08 [Winston 로그] info: visitor 성공
2024-08-05 14:41:25 [Winston 로그] info: visitor router 요청
2024-08-05 14:41:25 [Winston 로그] info: visitor router 시작
2024-08-05 14:41:25 [Winston 로그] info: User ID: user1, Exhibition ID: exhb1 평균 방문객 정보 DB 조회
2024-08-05 14:41:25 [Winston 로그] info: visitor 성공
2024-08-05 14:41:35 [Winston 로그] info: visitor router 요청
2024-08-05 14:41:35 [Winston 로그] info: visitor router 시작
2024-08-05 14:41:35 [Winston 로그] info: User ID: user1, Exhibition ID: exhb1 평균 방문객 정보 DB 조회
2024-08-05 14:41:35 [Winston 로그] info: visitor 성공
2024-08-05 14:41:39 [Winston 로그] info: visitor router 요청
2024-08-05 14:41:39 [Winston 로그] info: visitor router 시작
2024-08-05 14:41:39 [Winston 로그] info: User ID: user1, Exhibition ID: exhb1 평균 방문객 정보 DB 조회
2024-08-05 14:41:39 [Winston 로그] info: visitor 성공
2024-08-05 14:42:20 [Winston 로그] info: visitor router 요청
2024-08-05 14:42:20 [Winston 로그] info: visitor router 시작
2024-08-05 14:42:20 [Winston 로그] info: User ID: user1, Exhibition ID: exhb1 평균 방문객 정보 DB 조회
2024-08-05 14:42:20 [Winston 로그] info: visitor 성공
2024-08-05 14:42:25 [Winston 로그] info: visitor router 요청
2024-08-05 14:42:25 [Winston 로그] info: visitor router 시작
2024-08-05 14:42:25 [Winston 로그] info: User ID: user1, Exhibition ID: exhb1 평균 방문객 정보 DB 조회
2024-08-05 14:42:25 [Winston 로그] info: visitor 성공
2024-08-05 14:43:26 [Winston 로그] info: visitor router 요청
2024-08-05 14:43:26 [Winston 로그] info: visitor router 시작
2024-08-05 14:43:26 [Winston 로그] info: User ID: user1, Exhibition ID: exhb1 평균 방문객 정보 DB 조회
2024-08-05 14:43:26 [Winston 로그] info: visitor 성공
2024-08-05 14:44:26 [Winston 로그] info: visitor router 요청
2024-08-05 14:44:26 [Winston 로그] info: visitor router 시작
2024-08-05 14:44:26 [Winston 로그] info: User ID: user1, Exhibition ID: exhb1 평균 방문객 정보 DB 조회
2024-08-05 14:44:26 [Winston 로그] info: visitor 성공
2024-08-05 14:45:26 [Winston 로그] info: visitor router 요청
2024-08-05 14:45:26 [Winston 로그] info: visitor router 시작
2024-08-05 14:45:26 [Winston 로그] info: User ID: user1, Exhibition ID: exhb1 평균 방문객 정보 DB 조회
2024-08-05 14:45:26 [Winston 로그] info: visitor 성공
2024-08-05 14:45:43 [Winston 로그] info: visitor router 요청
2024-08-05 14:45:43 [Winston 로그] info: visitor router 시작
2024-08-05 14:45:43 [Winston 로그] info: User ID: user1, Exhibition ID: exhb1 평균 방문객 정보 DB 조회
2024-08-05 14:45:43 [Winston 로그] info: visitor 성공
2024-08-05 14:45:56 [Winston 로그] info: visitor router 요청
2024-08-05 14:45:56 [Winston 로그] info: visitor router 시작
2024-08-05 14:45:56 [Winston 로그] info: User ID: user1, Exhibition ID: exhb1 평균 방문객 정보 DB 조회
2024-08-05 14:45:56 [Winston 로그] info: visitor 성공
2024-08-05 14:46:11 [Winston 로그] info: visitor router 요청
2024-08-05 14:46:11 [Winston 로그] info: visitor router 시작
2024-08-05 14:46:11 [Winston 로그] info: User ID: user1, Exhibition ID: exhb1 평균 방문객 정보 DB 조회
2024-08-05 14:46:11 [Winston 로그] info: visitor 성공
2024-08-05 14:46:27 [Winston 로그] info: visitor router 요청
2024-08-05 14:46:27 [Winston 로그] info: visitor router 시작
2024-08-05 14:46:27 [Winston 로그] info: User ID: user1, Exhibition ID: exhb1 평균 방문객 정보 DB 조회
2024-08-05 14:46:27 [Winston 로그] info: visitor 성공
2024-08-05 14:47:04 [Winston 로그] info: visitor router 요청
2024-08-05 14:47:04 [Winston 로그] info: visitor router 시작
2024-08-05 14:47:04 [Winston 로그] info: User ID: user1, Exhibition ID: exhb1 평균 방문객 정보 DB 조회
2024-08-05 14:47:04 [Winston 로그] info: visitor 성공
2024-08-05 14:47:18 [Winston 로그] info: visitor router 요청
2024-08-05 14:47:18 [Winston 로그] info: visitor router 시작
2024-08-05 14:47:18 [Winston 로그] info: User ID: user1, Exhibition ID: exhb1 평균 방문객 정보 DB 조회
2024-08-05 14:47:18 [Winston 로그] info: visitor 성공
2024-08-05 14:47:33 [Winston 로그] info: visitor router 요청
2024-08-05 14:47:33 [Winston 로그] info: visitor router 시작
2024-08-05 14:47:33 [Winston 로그] info: User ID: user1, Exhibition ID: exhb1 평균 방문객 정보 DB 조회
2024-08-05 14:47:33 [Winston 로그] info: visitor 성공
2024-08-05 14:47:43 [Winston 로그] info: visitor router 요청
2024-08-05 14:47:43 [Winston 로그] info: visitor router 시작
2024-08-05 14:47:43 [Winston 로그] info: User ID: user1, Exhibition ID: exhb1 평균 방문객 정보 DB 조회
2024-08-05 14:47:43 [Winston 로그] info: visitor 성공
2024-08-05 14:48:02 [Winston 로그] info: visitor router 요청
2024-08-05 14:48:02 [Winston 로그] info: visitor router 시작
2024-08-05 14:48:02 [Winston 로그] info: User ID: user1, Exhibition ID: exhb1 평균 방문객 정보 DB 조회
2024-08-05 14:48:02 [Winston 로그] info: visitor 성공
2024-08-05 14:48:08 [Winston 로그] info: visitor router 요청
2024-08-05 14:48:08 [Winston 로그] info: visitor router 시작
2024-08-05 14:48:08 [Winston 로그] info: User ID: user1, Exhibition ID: exhb1 평균 방문객 정보 DB 조회
2024-08-05 14:48:08 [Winston 로그] info: visitor 성공
2024-08-05 14:48:19 [Winston 로그] info: visitor router 요청
2024-08-05 14:48:19 [Winston 로그] info: visitor router 시작
2024-08-05 14:48:20 [Winston 로그] info: User ID: user1, Exhibition ID: exhb1 평균 방문객 정보 DB 조회
2024-08-05 14:48:20 [Winston 로그] info: visitor 성공
2024-08-05 14:48:23 [Winston 로그] info: visitor router 요청
2024-08-05 14:48:23 [Winston 로그] info: visitor router 시작
2024-08-05 14:48:23 [Winston 로그] info: crowded router 요청
2024-08-05 14:48:23 [Winston 로그] info: crowded router 시작
2024-08-05 14:48:23 [Winston 로그] info: bywork router 요청
2024-08-05 14:48:23 [Winston 로그] info: bywork router 시작
2024-08-05 14:48:23 [Winston 로그] info: bygender router 요청
2024-08-05 14:48:23 [Winston 로그] info: bygender router 시작
2024-08-05 14:48:23 [Winston 로그] info: User ID: user1, Exhibition ID: exhb1 평균 방문객 정보 DB 조회
2024-08-05 14:48:23 [Winston 로그] info: User ID: user1, Exhibition ID: exhb1 성별 정보 DB 조회
2024-08-05 14:48:23 [Winston 로그] info: User ID: user1, Exhibition ID: exhb1 혼잡도 정보 DB 조회
2024-08-05 14:48:23 [Winston 로그] info: User ID: user1, Exhibition ID: exhb1 구역별 정보 DB 조회
2024-08-05 14:48:23 [Winston 로그] info: 현재 data
2024-08-05 14:48:23 [Winston 로그] info: crowded 데이터 없음 또는 길이가 0입니다
2024-08-05 14:48:23 [Winston 로그] info: bygender 성공
2024-08-05 14:48:23 [Winston 로그] info: byage router 요청
2024-08-05 14:48:23 [Winston 로그] info: byage router 시작
2024-08-05 14:48:23 [Winston 로그] info: User ID: user1, Exhibition ID: exhb1 연령별 정보 DB 조회
2024-08-05 14:48:23 [Winston 로그] info: visitor 성공
2024-08-05 14:48:23 [Winston 로그] info: byage 성공
2024-08-05 14:48:23 [Winston 로그] info: bywork 성공
2024-08-05 14:48:39 [Winston 로그] info: visitor router 요청
2024-08-05 14:48:39 [Winston 로그] info: visitor router 시작
2024-08-05 14:48:39 [Winston 로그] info: User ID: user1, Exhibition ID: exhb1 평균 방문객 정보 DB 조회
2024-08-05 14:48:39 [Winston 로그] info: visitor 성공
2024-08-05 14:49:40 [Winston 로그] info: visitor router 요청
2024-08-05 14:49:40 [Winston 로그] info: visitor router 시작
2024-08-05 14:49:40 [Winston 로그] info: User ID: user1, Exhibition ID: exhb1 평균 방문객 정보 DB 조회
2024-08-05 14:49:40 [Winston 로그] info: visitor 성공
2024-08-05 14:50:17 [Winston 로그] info: visitor router 요청
2024-08-05 14:50:17 [Winston 로그] info: visitor router 시작
2024-08-05 14:50:17 [Winston 로그] info: User ID: user1, Exhibition ID: exhb1 평균 방문객 정보 DB 조회
2024-08-05 14:50:17 [Winston 로그] info: visitor 성공
2024-08-05 14:50:47 [Winston 로그] info: visitor router 요청
2024-08-05 14:50:47 [Winston 로그] info: visitor router 시작
2024-08-05 14:50:47 [Winston 로그] info: User ID: user1, Exhibition ID: exhb1 평균 방문객 정보 DB 조회
2024-08-05 14:50:47 [Winston 로그] info: visitor 성공
2024-08-05 14:51:17 [Winston 로그] info: visitor router 요청
2024-08-05 14:51:17 [Winston 로그] info: visitor router 시작
2024-08-05 14:51:17 [Winston 로그] info: User ID: user1, Exhibition ID: exhb1 평균 방문객 정보 DB 조회
2024-08-05 14:51:17 [Winston 로그] info: visitor 성공
2024-08-05 14:51:47 [Winston 로그] info: visitor router 요청
2024-08-05 14:51:47 [Winston 로그] info: visitor router 시작
2024-08-05 14:51:47 [Winston 로그] info: User ID: user1, Exhibition ID: exhb1 평균 방문객 정보 DB 조회
2024-08-05 14:51:47 [Winston 로그] info: visitor 성공
2024-08-05 14:52:17 [Winston 로그] info: visitor router 요청
2024-08-05 14:52:17 [Winston 로그] info: visitor router 시작
2024-08-05 14:52:17 [Winston 로그] info: User ID: user1, Exhibition ID: exhb1 평균 방문객 정보 DB 조회
2024-08-05 14:52:17 [Winston 로그] info: visitor 성공
2024-08-05 14:52:47 [Winston 로그] info: visitor router 요청
2024-08-05 14:52:47 [Winston 로그] info: visitor router 시작
2024-08-05 14:52:47 [Winston 로그] info: User ID: user1, Exhibition ID: exhb1 평균 방문객 정보 DB 조회
2024-08-05 14:52:47 [Winston 로그] info: visitor 성공
2024-08-05 14:53:17 [Winston 로그] info: visitor router 요청
2024-08-05 14:53:17 [Winston 로그] info: visitor router 시작
2024-08-05 14:53:17 [Winston 로그] info: User ID: user1, Exhibition ID: exhb1 평균 방문객 정보 DB 조회
2024-08-05 14:53:17 [Winston 로그] info: visitor 성공
2024-08-05 14:53:48 [Winston 로그] info: visitor router 요청
2024-08-05 14:53:48 [Winston 로그] info: visitor router 시작
2024-08-05 14:53:48 [Winston 로그] info: User ID: user1, Exhibition ID: exhb1 평균 방문객 정보 DB 조회
2024-08-05 14:53:48 [Winston 로그] info: visitor 성공
2024-08-05 14:54:18 [Winston 로그] info: visitor router 요청
2024-08-05 14:54:18 [Winston 로그] info: visitor router 시작
2024-08-05 14:54:18 [Winston 로그] info: User ID: user1, Exhibition ID: exhb1 평균 방문객 정보 DB 조회
2024-08-05 14:54:18 [Winston 로그] info: visitor 성공
2024-08-05 14:54:48 [Winston 로그] info: visitor router 요청
2024-08-05 14:54:48 [Winston 로그] info: visitor router 시작
2024-08-05 14:54:48 [Winston 로그] info: User ID: user1, Exhibition ID: exhb1 평균 방문객 정보 DB 조회
2024-08-05 14:54:48 [Winston 로그] info: visitor 성공
2024-08-05 14:55:32 [Winston 로그] info: visitor router 요청
2024-08-05 14:55:32 [Winston 로그] info: visitor router 시작
2024-08-05 14:55:32 [Winston 로그] info: User ID: user1, Exhibition ID: exhb1 평균 방문객 정보 DB 조회
2024-08-05 14:55:32 [Winston 로그] info: visitor 성공
2024-08-05 14:56:32 [Winston 로그] info: visitor router 요청
2024-08-05 14:56:32 [Winston 로그] info: visitor router 시작
2024-08-05 14:56:32 [Winston 로그] info: User ID: user1, Exhibition ID: exhb1 평균 방문객 정보 DB 조회
2024-08-05 14:56:32 [Winston 로그] info: visitor 성공
2024-08-05 14:57:32 [Winston 로그] info: visitor router 요청
2024-08-05 14:57:32 [Winston 로그] info: visitor router 시작
2024-08-05 14:57:32 [Winston 로그] info: User ID: user1, Exhibition ID: exhb1 평균 방문객 정보 DB 조회
2024-08-05 14:57:32 [Winston 로그] info: visitor 성공
2024-08-05 14:58:32 [Winston 로그] info: visitor router 요청
2024-08-05 14:58:32 [Winston 로그] info: visitor router 시작
2024-08-05 14:58:32 [Winston 로그] info: User ID: user1, Exhibition ID: exhb1 평균 방문객 정보 DB 조회
2024-08-05 14:58:32 [Winston 로그] info: visitor 성공
2024-08-05 14:58:51 [Winston 로그] info: visitor router 요청
2024-08-05 14:58:51 [Winston 로그] info: visitor router 시작
2024-08-05 14:58:51 [Winston 로그] info: User ID: user1, Exhibition ID: exhb1 평균 방문객 정보 DB 조회
2024-08-05 14:58:51 [Winston 로그] info: visitor 성공
2024-08-05 14:59:18 [Winston 로그] info: visitor router 요청
2024-08-05 14:59:18 [Winston 로그] info: visitor router 시작
2024-08-05 14:59:18 [Winston 로그] info: User ID: user1, Exhibition ID: exhb1 평균 방문객 정보 DB 조회
2024-08-05 14:59:18 [Winston 로그] info: visitor 성공
2024-08-05 14:59:48 [Winston 로그] info: visitor router 요청
2024-08-05 14:59:48 [Winston 로그] info: visitor router 시작
2024-08-05 14:59:48 [Winston 로그] info: User ID: user1, Exhibition ID: exhb1 평균 방문객 정보 DB 조회
2024-08-05 14:59:48 [Winston 로그] info: visitor 성공
2024-08-05 15:00:32 [Winston 로그] info: visitor router 요청
2024-08-05 15:00:32 [Winston 로그] info: visitor router 시작
2024-08-05 15:00:32 [Winston 로그] info: User ID: user1, Exhibition ID: exhb1 평균 방문객 정보 DB 조회
2024-08-05 15:00:32 [Winston 로그] info: visitor 성공
2024-08-05 15:01:04 [Winston 로그] info: visitor router 요청
2024-08-05 15:01:04 [Winston 로그] info: visitor router 시작
2024-08-05 15:01:04 [Winston 로그] info: User ID: user1, Exhibition ID: exhb1 평균 방문객 정보 DB 조회
2024-08-05 15:01:04 [Winston 로그] info: visitor 성공
2024-08-05 15:01:18 [Winston 로그] info: visitor router 요청
2024-08-05 15:01:18 [Winston 로그] info: visitor router 시작
2024-08-05 15:01:18 [Winston 로그] info: User ID: user1, Exhibition ID: exhb1 평균 방문객 정보 DB 조회
2024-08-05 15:01:18 [Winston 로그] info: visitor 성공
2024-08-05 15:01:48 [Winston 로그] info: visitor router 요청
2024-08-05 15:01:48 [Winston 로그] info: visitor router 시작
2024-08-05 15:01:48 [Winston 로그] info: User ID: user1, Exhibition ID: exhb1 평균 방문객 정보 DB 조회
2024-08-05 15:01:48 [Winston 로그] info: visitor 성공
2024-08-05 15:02:17 [Winston 로그] info: visitor router 요청
2024-08-05 15:02:17 [Winston 로그] info: visitor router 시작
2024-08-05 15:02:17 [Winston 로그] info: crowded router 요청
2024-08-05 15:02:17 [Winston 로그] info: crowded router 시작
2024-08-05 15:02:17 [Winston 로그] info: bywork router 요청
2024-08-05 15:02:17 [Winston 로그] info: bywork router 시작
2024-08-05 15:02:17 [Winston 로그] info: bygender router 요청
2024-08-05 15:02:17 [Winston 로그] info: bygender router 시작
2024-08-05 15:02:17 [Winston 로그] info: User ID: user1, Exhibition ID: exhb1 평균 방문객 정보 DB 조회
2024-08-05 15:02:17 [Winston 로그] info: User ID: user1, Exhibition ID: exhb1 구역별 정보 DB 조회
2024-08-05 15:02:17 [Winston 로그] info: User ID: user1, Exhibition ID: exhb1 혼잡도 정보 DB 조회
2024-08-05 15:02:17 [Winston 로그] info: User ID: user1, Exhibition ID: exhb1 성별 정보 DB 조회
2024-08-05 15:02:17 [Winston 로그] info: visitor 성공
2024-08-05 15:02:17 [Winston 로그] info: 현재 data
2024-08-05 15:02:17 [Winston 로그] info: crowded 데이터 없음 또는 길이가 0입니다
2024-08-05 15:02:17 [Winston 로그] info: bygender 성공
2024-08-05 15:02:17 [Winston 로그] info: byage router 요청
2024-08-05 15:02:17 [Winston 로그] info: byage router 시작
2024-08-05 15:02:17 [Winston 로그] info: User ID: user1, Exhibition ID: exhb1 연령별 정보 DB 조회
2024-08-05 15:02:17 [Winston 로그] info: byage 성공
2024-08-05 15:02:18 [Winston 로그] info: bywork 성공
2024-08-05 15:02:48 [Winston 로그] info: visitor router 요청
2024-08-05 15:02:48 [Winston 로그] info: visitor router 시작
2024-08-05 15:02:48 [Winston 로그] info: User ID: user1, Exhibition ID: exhb1 평균 방문객 정보 DB 조회
2024-08-05 15:02:48 [Winston 로그] info: visitor 성공
2024-08-05 15:03:18 [Winston 로그] info: visitor router 요청
2024-08-05 15:03:18 [Winston 로그] info: visitor router 시작
2024-08-05 15:03:18 [Winston 로그] info: User ID: user1, Exhibition ID: exhb1 평균 방문객 정보 DB 조회
2024-08-05 15:03:18 [Winston 로그] info: visitor 성공
2024-08-05 15:03:48 [Winston 로그] info: visitor router 요청
2024-08-05 15:03:48 [Winston 로그] info: visitor router 시작
2024-08-05 15:03:48 [Winston 로그] info: User ID: user1, Exhibition ID: exhb1 평균 방문객 정보 DB 조회
2024-08-05 15:03:48 [Winston 로그] info: visitor 성공
2024-08-05 15:04:18 [Winston 로그] info: visitor router 요청
2024-08-05 15:04:18 [Winston 로그] info: visitor router 시작
2024-08-05 15:04:18 [Winston 로그] info: User ID: user1, Exhibition ID: exhb1 평균 방문객 정보 DB 조회
2024-08-05 15:04:18 [Winston 로그] info: visitor 성공
2024-08-05 15:04:48 [Winston 로그] info: visitor router 요청
2024-08-05 15:04:48 [Winston 로그] info: visitor router 시작
2024-08-05 15:04:48 [Winston 로그] info: User ID: user1, Exhibition ID: exhb1 평균 방문객 정보 DB 조회
2024-08-05 15:04:48 [Winston 로그] info: visitor 성공
2024-08-05 15:05:32 [Winston 로그] info: visitor router 요청
2024-08-05 15:05:32 [Winston 로그] info: visitor router 시작
2024-08-05 15:05:32 [Winston 로그] info: User ID: user1, Exhibition ID: exhb1 평균 방문객 정보 DB 조회
2024-08-05 15:05:32 [Winston 로그] info: visitor 성공
2024-08-05 15:06:32 [Winston 로그] info: visitor router 요청
2024-08-05 15:06:32 [Winston 로그] info: visitor router 시작
2024-08-05 15:06:32 [Winston 로그] info: User ID: user1, Exhibition ID: exhb1 평균 방문객 정보 DB 조회
2024-08-05 15:06:32 [Winston 로그] info: visitor 성공
2024-08-05 15:07:32 [Winston 로그] info: visitor router 요청
2024-08-05 15:07:32 [Winston 로그] info: visitor router 시작
2024-08-05 15:07:32 [Winston 로그] info: User ID: user1, Exhibition ID: exhb1 평균 방문객 정보 DB 조회
2024-08-05 15:07:32 [Winston 로그] info: visitor 성공
2024-08-05 15:08:32 [Winston 로그] info: visitor router 요청
2024-08-05 15:08:32 [Winston 로그] info: visitor router 시작
2024-08-05 15:08:32 [Winston 로그] info: User ID: user1, Exhibition ID: exhb1 평균 방문객 정보 DB 조회
2024-08-05 15:08:32 [Winston 로그] info: visitor 성공
2024-08-05 15:09:32 [Winston 로그] info: visitor router 요청
2024-08-05 15:09:32 [Winston 로그] info: visitor router 시작
2024-08-05 15:09:32 [Winston 로그] info: User ID: user1, Exhibition ID: exhb1 평균 방문객 정보 DB 조회
2024-08-05 15:09:32 [Winston 로그] info: visitor 성공
2024-08-05 15:09:48 [Winston 로그] info: visitor router 요청
2024-08-05 15:09:48 [Winston 로그] info: visitor router 시작
2024-08-05 15:09:48 [Winston 로그] info: User ID: user1, Exhibition ID: exhb1 평균 방문객 정보 DB 조회
2024-08-05 15:09:48 [Winston 로그] info: visitor 성공
2024-08-05 15:10:18 [Winston 로그] info: visitor router 요청
2024-08-05 15:10:18 [Winston 로그] info: visitor router 시작
2024-08-05 15:10:18 [Winston 로그] info: User ID: user1, Exhibition ID: exhb1 평균 방문객 정보 DB 조회
2024-08-05 15:10:18 [Winston 로그] info: visitor 성공
2024-08-05 15:10:33 [Winston 로그] info: visitor router 요청
2024-08-05 15:10:33 [Winston 로그] info: visitor router 시작
2024-08-05 15:10:33 [Winston 로그] info: User ID: user1, Exhibition ID: exhb1 평균 방문객 정보 DB 조회
2024-08-05 15:10:33 [Winston 로그] info: visitor 성공
2024-08-05 15:10:41 [Winston 로그] info: visitor router 요청
2024-08-05 15:10:41 [Winston 로그] info: visitor router 시작
2024-08-05 15:10:41 [Winston 로그] info: User ID: user1, Exhibition ID: exhb1 평균 방문객 정보 DB 조회
2024-08-05 15:10:41 [Winston 로그] info: visitor 성공
2024-08-05 15:11:07 [Winston 로그] info: visitor router 요청
2024-08-05 15:11:07 [Winston 로그] info: visitor router 시작
2024-08-05 15:11:07 [Winston 로그] info: User ID: user1, Exhibition ID: exhb1 평균 방문객 정보 DB 조회
2024-08-05 15:11:07 [Winston 로그] info: visitor 성공
2024-08-05 15:11:25 [Winston 로그] info: visitor router 요청
2024-08-05 15:11:25 [Winston 로그] info: visitor router 시작
2024-08-05 15:11:25 [Winston 로그] info: User ID: user1, Exhibition ID: exhb1 평균 방문객 정보 DB 조회
2024-08-05 15:11:25 [Winston 로그] info: visitor 성공
2024-08-05 15:11:56 [Winston 로그] info: visitor router 요청
2024-08-05 15:11:56 [Winston 로그] info: visitor router 시작
2024-08-05 15:11:56 [Winston 로그] info: User ID: user1, Exhibition ID: exhb1 평균 방문객 정보 DB 조회
2024-08-05 15:11:56 [Winston 로그] info: visitor 성공
2024-08-05 15:12:02 [Winston 로그] info: visitor router 요청
2024-08-05 15:12:02 [Winston 로그] info: visitor router 시작
2024-08-05 15:12:02 [Winston 로그] info: User ID: user1, Exhibition ID: exhb1 평균 방문객 정보 DB 조회
2024-08-05 15:12:02 [Winston 로그] info: visitor 성공
2024-08-05 15:12:11 [Winston 로그] info: visitor router 요청
2024-08-05 15:12:11 [Winston 로그] info: visitor router 시작
2024-08-05 15:12:11 [Winston 로그] info: User ID: user1, Exhibition ID: exhb1 평균 방문객 정보 DB 조회
2024-08-05 15:12:11 [Winston 로그] info: visitor 성공
2024-08-05 15:12:42 [Winston 로그] info: visitor router 요청
2024-08-05 15:12:42 [Winston 로그] info: visitor router 시작
2024-08-05 15:12:42 [Winston 로그] info: User ID: user1, Exhibition ID: exhb1 평균 방문객 정보 DB 조회
2024-08-05 15:12:42 [Winston 로그] info: visitor 성공
2024-08-05 15:13:12 [Winston 로그] info: visitor router 요청
2024-08-05 15:13:12 [Winston 로그] info: visitor router 시작
2024-08-05 15:13:12 [Winston 로그] info: User ID: user1, Exhibition ID: exhb1 평균 방문객 정보 DB 조회
2024-08-05 15:13:12 [Winston 로그] info: visitor 성공
2024-08-05 15:13:38 [Winston 로그] info: visitor router 요청
2024-08-05 15:13:38 [Winston 로그] info: visitor router 시작
2024-08-05 15:13:38 [Winston 로그] info: User ID: user1, Exhibition ID: exhb1 평균 방문객 정보 DB 조회
2024-08-05 15:13:38 [Winston 로그] info: visitor 성공
2024-08-05 15:13:42 [Winston 로그] info: visitor router 요청
2024-08-05 15:13:42 [Winston 로그] info: visitor router 시작
2024-08-05 15:13:42 [Winston 로그] info: User ID: user1, Exhibition ID: exhb1 평균 방문객 정보 DB 조회
2024-08-05 15:13:42 [Winston 로그] info: visitor 성공
2024-08-05 15:13:50 [Winston 로그] info: visitor router 요청
2024-08-05 15:13:50 [Winston 로그] info: visitor router 시작
2024-08-05 15:13:50 [Winston 로그] info: User ID: user1, Exhibition ID: exhb1 평균 방문객 정보 DB 조회
2024-08-05 15:13:50 [Winston 로그] info: visitor 성공
2024-08-05 15:14:21 [Winston 로그] info: visitor router 요청
2024-08-05 15:14:21 [Winston 로그] info: visitor router 시작
2024-08-05 15:14:21 [Winston 로그] info: User ID: user1, Exhibition ID: exhb1 평균 방문객 정보 DB 조회
2024-08-05 15:14:21 [Winston 로그] info: visitor 성공
2024-08-05 15:14:51 [Winston 로그] info: visitor router 요청
2024-08-05 15:14:51 [Winston 로그] info: visitor router 시작
2024-08-05 15:14:51 [Winston 로그] info: User ID: user1, Exhibition ID: exhb1 평균 방문객 정보 DB 조회
2024-08-05 15:14:51 [Winston 로그] info: visitor 성공
2024-08-05 15:15:05 [Winston 로그] info: visitor router 요청
2024-08-05 15:15:05 [Winston 로그] info: visitor router 시작
2024-08-05 15:15:05 [Winston 로그] info: User ID: user1, Exhibition ID: exhb1 평균 방문객 정보 DB 조회
2024-08-05 15:15:05 [Winston 로그] info: visitor 성공
2024-08-05 15:15:14 [Winston 로그] info: visitor router 요청
2024-08-05 15:15:14 [Winston 로그] info: visitor router 시작
2024-08-05 15:15:14 [Winston 로그] info: User ID: user1, Exhibition ID: exhb1 평균 방문객 정보 DB 조회
2024-08-05 15:15:14 [Winston 로그] info: visitor 성공
2024-08-05 15:15:45 [Winston 로그] info: visitor router 요청
2024-08-05 15:15:45 [Winston 로그] info: visitor router 시작
2024-08-05 15:15:45 [Winston 로그] info: User ID: user1, Exhibition ID: exhb1 평균 방문객 정보 DB 조회
2024-08-05 15:15:45 [Winston 로그] info: visitor 성공
2024-08-05 15:16:15 [Winston 로그] info: visitor router 요청
2024-08-05 15:16:15 [Winston 로그] info: visitor router 시작
2024-08-05 15:16:15 [Winston 로그] info: User ID: user1, Exhibition ID: exhb1 평균 방문객 정보 DB 조회
2024-08-05 15:16:15 [Winston 로그] info: visitor 성공
2024-08-05 15:16:45 [Winston 로그] info: visitor router 요청
2024-08-05 15:16:45 [Winston 로그] info: visitor router 시작
2024-08-05 15:16:45 [Winston 로그] info: User ID: user1, Exhibition ID: exhb1 평균 방문객 정보 DB 조회
2024-08-05 15:16:45 [Winston 로그] info: visitor 성공
2024-08-05 15:17:32 [Winston 로그] info: visitor router 요청
2024-08-05 15:17:32 [Winston 로그] info: visitor router 시작
2024-08-05 15:17:32 [Winston 로그] info: User ID: user1, Exhibition ID: exhb1 평균 방문객 정보 DB 조회
2024-08-05 15:17:32 [Winston 로그] info: visitor 성공
2024-08-05 15:17:51 [Winston 로그] info: visitor router 요청
2024-08-05 15:17:51 [Winston 로그] info: visitor router 시작
2024-08-05 15:17:51 [Winston 로그] info: User ID: user1, Exhibition ID: exhb1 평균 방문객 정보 DB 조회
2024-08-05 15:17:51 [Winston 로그] info: visitor 성공
2024-08-05 15:18:14 [Winston 로그] info: visitor router 요청
2024-08-05 15:18:14 [Winston 로그] info: visitor router 시작
2024-08-05 15:18:14 [Winston 로그] info: User ID: user1, Exhibition ID: exhb1 평균 방문객 정보 DB 조회
2024-08-05 15:18:14 [Winston 로그] info: visitor 성공
2024-08-05 15:18:45 [Winston 로그] info: visitor router 요청
2024-08-05 15:18:45 [Winston 로그] info: visitor router 시작
2024-08-05 15:18:45 [Winston 로그] info: User ID: user1, Exhibition ID: exhb1 평균 방문객 정보 DB 조회
2024-08-05 15:18:45 [Winston 로그] info: visitor 성공
2024-08-05 15:19:32 [Winston 로그] info: visitor router 요청
2024-08-05 15:19:32 [Winston 로그] info: visitor router 시작
2024-08-05 15:19:32 [Winston 로그] info: User ID: user1, Exhibition ID: exhb1 평균 방문객 정보 DB 조회
2024-08-05 15:19:32 [Winston 로그] info: visitor 성공
2024-08-05 15:20:32 [Winston 로그] info: visitor router 요청
2024-08-05 15:20:32 [Winston 로그] info: visitor router 시작
2024-08-05 15:20:32 [Winston 로그] info: User ID: user1, Exhibition ID: exhb1 평균 방문객 정보 DB 조회
2024-08-05 15:20:32 [Winston 로그] info: visitor 성공
2024-08-05 15:21:32 [Winston 로그] info: visitor router 요청
2024-08-05 15:21:32 [Winston 로그] info: visitor router 시작
2024-08-05 15:21:32 [Winston 로그] info: User ID: user1, Exhibition ID: exhb1 평균 방문객 정보 DB 조회
2024-08-05 15:21:32 [Winston 로그] info: visitor 성공
2024-08-05 15:22:32 [Winston 로그] info: visitor router 요청
2024-08-05 15:22:32 [Winston 로그] info: visitor router 시작
2024-08-05 15:22:32 [Winston 로그] info: User ID: user1, Exhibition ID: exhb1 평균 방문객 정보 DB 조회
2024-08-05 15:22:32 [Winston 로그] info: visitor 성공
2024-08-05 15:23:32 [Winston 로그] info: visitor router 요청
2024-08-05 15:23:32 [Winston 로그] info: visitor router 시작
2024-08-05 15:23:32 [Winston 로그] info: User ID: user1, Exhibition ID: exhb1 평균 방문객 정보 DB 조회
2024-08-05 15:23:32 [Winston 로그] info: visitor 성공
2024-08-05 15:24:32 [Winston 로그] info: visitor router 요청
2024-08-05 15:24:32 [Winston 로그] info: visitor router 시작
2024-08-05 15:24:32 [Winston 로그] info: User ID: user1, Exhibition ID: exhb1 평균 방문객 정보 DB 조회
2024-08-05 15:24:32 [Winston 로그] info: visitor 성공
2024-08-05 15:25:32 [Winston 로그] info: visitor router 요청
2024-08-05 15:25:32 [Winston 로그] info: visitor router 시작
2024-08-05 15:25:32 [Winston 로그] info: User ID: user1, Exhibition ID: exhb1 평균 방문객 정보 DB 조회
2024-08-05 15:25:32 [Winston 로그] info: visitor 성공
2024-08-05 15:26:22 [Winston 로그] info: visitor router 요청
2024-08-05 15:26:22 [Winston 로그] info: visitor router 시작
2024-08-05 15:26:22 [Winston 로그] info: User ID: user1, Exhibition ID: exhb1 평균 방문객 정보 DB 조회
2024-08-05 15:26:22 [Winston 로그] info: visitor 성공
2024-08-05 15:26:45 [Winston 로그] info: visitor router 요청
2024-08-05 15:26:45 [Winston 로그] info: visitor router 시작
2024-08-05 15:26:45 [Winston 로그] info: User ID: user1, Exhibition ID: exhb1 평균 방문객 정보 DB 조회
2024-08-05 15:26:45 [Winston 로그] info: visitor 성공
2024-08-05 15:27:15 [Winston 로그] info: visitor router 요청
2024-08-05 15:27:15 [Winston 로그] info: visitor router 시작
2024-08-05 15:27:15 [Winston 로그] info: User ID: user1, Exhibition ID: exhb1 평균 방문객 정보 DB 조회
2024-08-05 15:27:15 [Winston 로그] info: visitor 성공
2024-08-05 15:28:16 [Winston 로그] info: visitor router 요청
2024-08-05 15:28:16 [Winston 로그] info: visitor router 시작
2024-08-05 15:28:16 [Winston 로그] info: User ID: user1, Exhibition ID: exhb1 평균 방문객 정보 DB 조회
2024-08-05 15:28:16 [Winston 로그] info: visitor 성공
2024-08-05 15:29:17 [Winston 로그] info: visitor router 요청
2024-08-05 15:29:17 [Winston 로그] info: visitor router 시작
2024-08-05 15:29:17 [Winston 로그] info: User ID: user1, Exhibition ID: exhb1 평균 방문객 정보 DB 조회
2024-08-05 15:29:17 [Winston 로그] info: visitor 성공
2024-08-05 15:29:48 [Winston 로그] info: visitor router 요청
2024-08-05 15:29:48 [Winston 로그] info: visitor router 시작
2024-08-05 15:29:48 [Winston 로그] info: User ID: user1, Exhibition ID: exhb1 평균 방문객 정보 DB 조회
2024-08-05 15:29:48 [Winston 로그] info: visitor 성공
2024-08-05 15:30:15 [Winston 로그] info: visitor router 요청
2024-08-05 15:30:15 [Winston 로그] info: visitor router 시작
2024-08-05 15:30:15 [Winston 로그] info: User ID: user1, Exhibition ID: exhb1 평균 방문객 정보 DB 조회
2024-08-05 15:30:15 [Winston 로그] info: visitor 성공
2024-08-05 15:30:45 [Winston 로그] info: visitor router 요청
2024-08-05 15:30:45 [Winston 로그] info: visitor router 시작
2024-08-05 15:30:45 [Winston 로그] info: User ID: user1, Exhibition ID: exhb1 평균 방문객 정보 DB 조회
2024-08-05 15:30:45 [Winston 로그] info: visitor 성공
2024-08-05 15:31:32 [Winston 로그] info: visitor router 요청
2024-08-05 15:31:32 [Winston 로그] info: visitor router 시작
2024-08-05 15:31:32 [Winston 로그] info: User ID: user1, Exhibition ID: exhb1 평균 방문객 정보 DB 조회
2024-08-05 15:31:32 [Winston 로그] info: visitor 성공
2024-08-05 15:31:44 [Winston 로그] info: visitor router 요청
2024-08-05 15:31:44 [Winston 로그] info: visitor router 시작
2024-08-05 15:31:44 [Winston 로그] info: User ID: user1, Exhibition ID: exhb1 평균 방문객 정보 DB 조회
2024-08-05 15:31:44 [Winston 로그] info: visitor 성공
