2024-07-23 15:54:54 [Winston 로그] info: login router 요청
2024-07-23 15:54:54 [Winston 로그] info: login router 시작
2024-07-23 15:54:54 [Winston 로그] info: 로그인에 성공했습니다.
2024-07-23 15:54:54 [Winston 로그] info: donutchart router 요청
2024-07-23 15:54:54 [Winston 로그] info: donutchart router 시작
2024-07-23 15:54:54 [Winston 로그] info: User ID: user1, 도넛차트 정보 DB 조회
2024-07-23 15:54:55 [Winston 로그] info: donutchart 데이터 없음 또는 길이가 0입니다
2024-07-23 15:54:55 [Winston 로그] info: sametime router 요청
2024-07-23 15:54:55 [Winston 로그] info: sametime router 시작
2024-07-23 15:54:55 [Winston 로그] info: User ID: user1 동시간대 정보 DB 조회
2024-07-23 15:54:55 [Winston 로그] info: sametime 성공
2024-07-23 15:54:55 [Winston 로그] info: bytime router 요청
2024-07-23 15:54:55 [Winston 로그] info: bytime router 시작
2024-07-23 15:54:55 [Winston 로그] info: User ID: user1 시간별 정보 DB 조회
2024-07-23 15:54:55 [Winston 로그] info: bytime 데이터 없음 또는 길이가 0입니다
2024-07-23 15:54:55 [Winston 로그] info: weekavg router 요청
2024-07-23 15:54:55 [Winston 로그] info: weekavg router 시작
2024-07-23 15:54:55 [Winston 로그] info: User ID: user1 이번주, 지난주 평균 DB 조회
2024-07-23 15:54:55 [Winston 로그] info: weekavg 성공
2024-07-23 15:54:57 [Winston 로그] info: getExhb router 요청
2024-07-23 15:54:57 [Winston 로그] info: getExhb router 시작
2024-07-23 15:54:57 [Winston 로그] info: heatmap router 요청
2024-07-23 15:54:57 [Winston 로그] info: heatmap router 시작
2024-07-23 15:54:57 [Winston 로그] info: User ID: user1 사용자 전시관 정보 DB 조회
2024-07-23 15:54:57 [Winston 로그] info: getexhb 성공
2024-07-23 15:54:58 [Winston 로그] info: User ID: user1, Exhibition ID: exhb1 히트맵 정보 DB 조회
2024-07-23 15:54:58 [Winston 로그] info: heatmap 데이터 없음 또는 길이가 0입니다
2024-07-23 15:54:58 [Winston 로그] info: heatmap router 요청
2024-07-23 15:54:58 [Winston 로그] info: heatmap router 시작
2024-07-23 15:54:58 [Winston 로그] info: User ID: user1, Exhibition ID: exhb1 히트맵 정보 DB 조회
2024-07-23 15:54:58 [Winston 로그] info: heatmap 데이터 없음 또는 길이가 0입니다
2024-07-23 15:54:58 [Winston 로그] info: heatmap router 요청
2024-07-23 15:54:58 [Winston 로그] info: heatmap router 시작
2024-07-23 15:54:58 [Winston 로그] info: User ID: user1, Exhibition ID: exhb1 히트맵 정보 DB 조회
2024-07-23 15:54:58 [Winston 로그] info: heatmap 데이터 없음 또는 길이가 0입니다
2024-07-23 15:54:58 [Winston 로그] info: visitor router 요청
2024-07-23 15:54:58 [Winston 로그] info: visitor router 시작
2024-07-23 15:54:58 [Winston 로그] info: crowded router 요청
2024-07-23 15:54:58 [Winston 로그] info: crowded router 시작
2024-07-23 15:54:58 [Winston 로그] info: bywork router 요청
2024-07-23 15:54:58 [Winston 로그] info: bywork router 시작
2024-07-23 15:54:58 [Winston 로그] info: bygender router 요청
2024-07-23 15:54:58 [Winston 로그] info: bygender router 시작
2024-07-23 15:54:58 [Winston 로그] info: User ID: user1, Exhibition ID: exhb1 혼잡도 정보 DB 조회
2024-07-23 15:54:58 [Winston 로그] info: User ID: user1, Exhibition ID: exhb1 평균 방문객 정보 DB 조회
2024-07-23 15:54:58 [Winston 로그] info: User ID: user1, Exhibition ID: exhb1 성별 정보 DB 조회
2024-07-23 15:54:58 [Winston 로그] info: User ID: user1, Exhibition ID: exhb1 구역별 정보 DB 조회
2024-07-23 15:54:58 [Winston 로그] info: 현재 data
2024-07-23 15:54:58 [Winston 로그] info: crowded 데이터 없음 또는 길이가 0입니다
2024-07-23 15:54:58 [Winston 로그] info: bygender 성공
2024-07-23 15:54:58 [Winston 로그] info: byage router 요청
2024-07-23 15:54:58 [Winston 로그] info: byage router 시작
2024-07-23 15:54:58 [Winston 로그] info: User ID: user1, Exhibition ID: exhb1 연령별 정보 DB 조회
2024-07-23 15:54:58 [Winston 로그] info: byage 성공
2024-07-23 15:54:58 [Winston 로그] info: bywork 데이터 없음 또는 길이가 0입니다
2024-07-23 15:54:58 [Winston 로그] info: visitor 성공
2024-07-23 15:55:58 [Winston 로그] info: visitor router 요청
2024-07-23 15:55:58 [Winston 로그] info: visitor router 시작
2024-07-23 15:55:58 [Winston 로그] info: User ID: user1, Exhibition ID: exhb1 평균 방문객 정보 DB 조회
2024-07-23 15:55:58 [Winston 로그] info: visitor 성공
2024-07-23 15:57:43 [Winston 로그] info: login router 요청
2024-07-23 15:57:43 [Winston 로그] info: login router 시작
2024-07-23 15:57:43 [Winston 로그] error: 유효하지 않은 ID 또는 PW입니다.
2024-07-23 15:57:48 [Winston 로그] info: login router 요청
2024-07-23 15:57:48 [Winston 로그] info: login router 시작
2024-07-23 15:57:48 [Winston 로그] info: 로그인에 성공했습니다.
2024-07-23 15:57:48 [Winston 로그] info: donutchart router 요청
2024-07-23 15:57:48 [Winston 로그] info: donutchart router 시작
2024-07-23 15:57:48 [Winston 로그] info: User ID: user1, 도넛차트 정보 DB 조회
2024-07-23 15:57:48 [Winston 로그] info: donutchart 데이터 없음 또는 길이가 0입니다
2024-07-23 15:57:48 [Winston 로그] info: sametime router 요청
2024-07-23 15:57:48 [Winston 로그] info: sametime router 시작
2024-07-23 15:57:48 [Winston 로그] info: User ID: user1 동시간대 정보 DB 조회
2024-07-23 15:57:48 [Winston 로그] info: sametime 성공
2024-07-23 15:57:48 [Winston 로그] info: bytime router 요청
2024-07-23 15:57:48 [Winston 로그] info: bytime router 시작
2024-07-23 15:57:48 [Winston 로그] info: User ID: user1 시간별 정보 DB 조회
2024-07-23 15:57:48 [Winston 로그] info: bytime 성공
2024-07-23 15:57:48 [Winston 로그] info: weekavg router 요청
2024-07-23 15:57:48 [Winston 로그] info: weekavg router 시작
2024-07-23 15:57:48 [Winston 로그] info: User ID: user1 이번주, 지난주 평균 DB 조회
2024-07-23 15:57:49 [Winston 로그] info: weekavg 성공
2024-07-23 15:57:50 [Winston 로그] info: visitor router 요청
2024-07-23 15:57:50 [Winston 로그] info: visitor router 시작
2024-07-23 15:57:50 [Winston 로그] info: crowded router 요청
2024-07-23 15:57:50 [Winston 로그] info: crowded router 시작
2024-07-23 15:57:50 [Winston 로그] info: bywork router 요청
2024-07-23 15:57:50 [Winston 로그] info: bywork router 시작
2024-07-23 15:57:50 [Winston 로그] info: bygender router 요청
2024-07-23 15:57:50 [Winston 로그] info: bygender router 시작
2024-07-23 15:57:50 [Winston 로그] info: User ID: user1, Exhibition ID: exhb1 평균 방문객 정보 DB 조회
2024-07-23 15:57:50 [Winston 로그] info: User ID: user1, Exhibition ID: exhb1 혼잡도 정보 DB 조회
2024-07-23 15:57:50 [Winston 로그] info: User ID: user1, Exhibition ID: exhb1 구역별 정보 DB 조회
2024-07-23 15:57:50 [Winston 로그] info: User ID: user1, Exhibition ID: exhb1 성별 정보 DB 조회
2024-07-23 15:57:50 [Winston 로그] info: bygender 성공
2024-07-23 15:57:50 [Winston 로그] info: byage router 요청
2024-07-23 15:57:50 [Winston 로그] info: byage router 시작
2024-07-23 15:57:50 [Winston 로그] info: 현재 data
2024-07-23 15:57:50 [Winston 로그] info: crowded 데이터 없음 또는 길이가 0입니다
2024-07-23 15:57:50 [Winston 로그] info: User ID: user1, Exhibition ID: exhb1 연령별 정보 DB 조회
2024-07-23 15:57:50 [Winston 로그] info: byage 성공
2024-07-23 15:57:50 [Winston 로그] info: visitor 성공
2024-07-23 15:57:50 [Winston 로그] info: bywork 데이터 없음 또는 길이가 0입니다
2024-07-23 15:57:51 [Winston 로그] info: getExhb router 요청
2024-07-23 15:57:51 [Winston 로그] info: getExhb router 시작
2024-07-23 15:57:51 [Winston 로그] info: heatmap router 요청
2024-07-23 15:57:51 [Winston 로그] info: heatmap router 시작
2024-07-23 15:57:51 [Winston 로그] info: User ID: user1 사용자 전시관 정보 DB 조회
2024-07-23 15:57:51 [Winston 로그] info: getexhb 성공
2024-07-23 15:57:51 [Winston 로그] info: User ID: user1, Exhibition ID: exhb1 히트맵 정보 DB 조회
2024-07-23 15:57:51 [Winston 로그] info: heatmap 데이터 없음 또는 길이가 0입니다
2024-07-23 15:57:51 [Winston 로그] info: heatmap router 요청
2024-07-23 15:57:51 [Winston 로그] info: heatmap router 시작
2024-07-23 15:57:51 [Winston 로그] info: User ID: user1, Exhibition ID: exhb1 히트맵 정보 DB 조회
2024-07-23 15:57:51 [Winston 로그] info: heatmap 데이터 없음 또는 길이가 0입니다
2024-07-23 15:57:51 [Winston 로그] info: heatmap router 요청
2024-07-23 15:57:51 [Winston 로그] info: heatmap router 시작
2024-07-23 15:57:51 [Winston 로그] info: User ID: user1, Exhibition ID: exhb1 히트맵 정보 DB 조회
2024-07-23 15:57:51 [Winston 로그] info: heatmap 데이터 없음 또는 길이가 0입니다
2024-07-23 15:57:51 [Winston 로그] info: visitor router 요청
2024-07-23 15:57:51 [Winston 로그] info: visitor router 시작
2024-07-23 15:57:51 [Winston 로그] info: crowded router 요청
2024-07-23 15:57:51 [Winston 로그] info: crowded router 시작
2024-07-23 15:57:51 [Winston 로그] info: bywork router 요청
2024-07-23 15:57:51 [Winston 로그] info: bywork router 시작
2024-07-23 15:57:51 [Winston 로그] info: bygender router 요청
2024-07-23 15:57:51 [Winston 로그] info: bygender router 시작
2024-07-23 15:57:51 [Winston 로그] info: User ID: user1, Exhibition ID: exhb1 성별 정보 DB 조회
2024-07-23 15:57:51 [Winston 로그] info: User ID: user1, Exhibition ID: exhb1 혼잡도 정보 DB 조회
2024-07-23 15:57:51 [Winston 로그] info: User ID: user1, Exhibition ID: exhb1 구역별 정보 DB 조회
2024-07-23 15:57:51 [Winston 로그] info: User ID: user1, Exhibition ID: exhb1 평균 방문객 정보 DB 조회
2024-07-23 15:57:51 [Winston 로그] info: 현재 data
2024-07-23 15:57:51 [Winston 로그] info: crowded 데이터 없음 또는 길이가 0입니다
2024-07-23 15:57:51 [Winston 로그] info: bygender 성공
2024-07-23 15:57:51 [Winston 로그] info: byage router 요청
2024-07-23 15:57:51 [Winston 로그] info: byage router 시작
2024-07-23 15:57:51 [Winston 로그] info: User ID: user1, Exhibition ID: exhb1 연령별 정보 DB 조회
2024-07-23 15:57:51 [Winston 로그] info: byage 성공
2024-07-23 15:57:51 [Winston 로그] info: bywork 데이터 없음 또는 길이가 0입니다
2024-07-23 15:57:51 [Winston 로그] info: visitor 성공
2024-07-23 15:57:54 [Winston 로그] info: visitor router 요청
2024-07-23 15:57:54 [Winston 로그] info: visitor router 시작
2024-07-23 15:57:54 [Winston 로그] info: crowded router 요청
2024-07-23 15:57:54 [Winston 로그] info: crowded router 시작
2024-07-23 15:57:54 [Winston 로그] info: bywork router 요청
2024-07-23 15:57:54 [Winston 로그] info: bywork router 시작
2024-07-23 15:57:54 [Winston 로그] info: bygender router 요청
2024-07-23 15:57:54 [Winston 로그] info: bygender router 시작
2024-07-23 15:57:54 [Winston 로그] info: User ID: user1, Exhibition ID: exhb1 성별 정보 DB 조회
2024-07-23 15:57:54 [Winston 로그] info: User ID: user1, Exhibition ID: exhb1 혼잡도 정보 DB 조회
2024-07-23 15:57:54 [Winston 로그] info: User ID: user1, Exhibition ID: exhb1 평균 방문객 정보 DB 조회
2024-07-23 15:57:54 [Winston 로그] info: User ID: user1, Exhibition ID: exhb1 구역별 정보 DB 조회
2024-07-23 15:57:54 [Winston 로그] info: bygender 성공
2024-07-23 15:57:54 [Winston 로그] info: 현재 data
2024-07-23 15:57:54 [Winston 로그] info: crowded 데이터 없음 또는 길이가 0입니다
2024-07-23 15:57:54 [Winston 로그] info: byage router 요청
2024-07-23 15:57:54 [Winston 로그] info: byage router 시작
2024-07-23 15:57:54 [Winston 로그] info: User ID: user1, Exhibition ID: exhb1 연령별 정보 DB 조회
2024-07-23 15:57:54 [Winston 로그] info: byage 성공
2024-07-23 15:57:54 [Winston 로그] info: visitor 성공
2024-07-23 15:57:55 [Winston 로그] info: bywork 성공
2024-07-23 15:57:57 [Winston 로그] info: visitor router 요청
2024-07-23 15:57:57 [Winston 로그] info: visitor router 시작
2024-07-23 15:57:57 [Winston 로그] info: crowded router 요청
2024-07-23 15:57:57 [Winston 로그] info: crowded router 시작
2024-07-23 15:57:57 [Winston 로그] info: bywork router 요청
2024-07-23 15:57:57 [Winston 로그] info: bywork router 시작
2024-07-23 15:57:57 [Winston 로그] info: bygender router 요청
2024-07-23 15:57:57 [Winston 로그] info: bygender router 시작
2024-07-23 15:57:57 [Winston 로그] info: User ID: user1, Exhibition ID: exhb1 평균 방문객 정보 DB 조회
2024-07-23 15:57:57 [Winston 로그] info: User ID: user1, Exhibition ID: exhb1 성별 정보 DB 조회
2024-07-23 15:57:57 [Winston 로그] info: User ID: user1, Exhibition ID: exhb1 구역별 정보 DB 조회
2024-07-23 15:57:57 [Winston 로그] info: User ID: user1, Exhibition ID: exhb1 혼잡도 정보 DB 조회
2024-07-23 15:57:57 [Winston 로그] info: 현재 data
2024-07-23 15:57:57 [Winston 로그] info: crowded 데이터 없음 또는 길이가 0입니다
2024-07-23 15:57:57 [Winston 로그] info: bygender 성공
2024-07-23 15:57:57 [Winston 로그] info: byage router 요청
2024-07-23 15:57:57 [Winston 로그] info: byage router 시작
2024-07-23 15:57:57 [Winston 로그] info: User ID: user1, Exhibition ID: exhb1 연령별 정보 DB 조회
2024-07-23 15:57:57 [Winston 로그] info: bywork 데이터 없음 또는 길이가 0입니다
2024-07-23 15:57:57 [Winston 로그] info: byage 성공
2024-07-23 15:57:57 [Winston 로그] info: visitor 성공
2024-07-23 15:57:59 [Winston 로그] info: visitor router 요청
2024-07-23 15:57:59 [Winston 로그] info: visitor router 시작
2024-07-23 15:57:59 [Winston 로그] info: crowded router 요청
2024-07-23 15:57:59 [Winston 로그] info: crowded router 시작
2024-07-23 15:57:59 [Winston 로그] info: bywork router 요청
2024-07-23 15:57:59 [Winston 로그] info: bywork router 시작
2024-07-23 15:57:59 [Winston 로그] info: bygender router 요청
2024-07-23 15:57:59 [Winston 로그] info: bygender router 시작
2024-07-23 15:57:59 [Winston 로그] info: User ID: user1, Exhibition ID: exhb1 평균 방문객 정보 DB 조회
2024-07-23 15:57:59 [Winston 로그] info: User ID: user1, Exhibition ID: exhb1 혼잡도 정보 DB 조회
2024-07-23 15:57:59 [Winston 로그] info: User ID: user1, Exhibition ID: exhb1 구역별 정보 DB 조회
2024-07-23 15:57:59 [Winston 로그] info: User ID: user1, Exhibition ID: exhb1 성별 정보 DB 조회
2024-07-23 15:57:59 [Winston 로그] info: 현재 data
2024-07-23 15:57:59 [Winston 로그] info: crowded 데이터 없음 또는 길이가 0입니다
2024-07-23 15:57:59 [Winston 로그] info: bygender 성공
2024-07-23 15:57:59 [Winston 로그] info: byage router 요청
2024-07-23 15:57:59 [Winston 로그] info: byage router 시작
2024-07-23 15:57:59 [Winston 로그] info: User ID: user1, Exhibition ID: exhb1 연령별 정보 DB 조회
2024-07-23 15:57:59 [Winston 로그] info: byage 성공
2024-07-23 15:57:59 [Winston 로그] info: visitor 성공
2024-07-23 15:57:59 [Winston 로그] info: bywork 성공
2024-07-23 15:58:03 [Winston 로그] info: donutchart router 요청
2024-07-23 15:58:03 [Winston 로그] info: donutchart router 시작
2024-07-23 15:58:03 [Winston 로그] info: User ID: user1, 도넛차트 정보 DB 조회
2024-07-23 15:58:04 [Winston 로그] info: donutchart 데이터 없음 또는 길이가 0입니다
2024-07-23 15:58:04 [Winston 로그] info: sametime router 요청
2024-07-23 15:58:04 [Winston 로그] info: sametime router 시작
2024-07-23 15:58:04 [Winston 로그] info: User ID: user1 동시간대 정보 DB 조회
2024-07-23 15:58:04 [Winston 로그] info: sametime 성공
2024-07-23 15:58:04 [Winston 로그] info: bytime router 요청
2024-07-23 15:58:04 [Winston 로그] info: bytime router 시작
2024-07-23 15:58:04 [Winston 로그] info: User ID: user1 시간별 정보 DB 조회
2024-07-23 15:58:04 [Winston 로그] info: bytime 성공
2024-07-23 15:58:04 [Winston 로그] info: weekavg router 요청
2024-07-23 15:58:04 [Winston 로그] info: weekavg router 시작
2024-07-23 15:58:04 [Winston 로그] info: User ID: user1 이번주, 지난주 평균 DB 조회
2024-07-23 15:58:04 [Winston 로그] info: weekavg 성공
2024-07-23 15:58:05 [Winston 로그] info: crowded router 요청
2024-07-23 15:58:05 [Winston 로그] info: crowded router 시작
2024-07-23 15:58:05 [Winston 로그] info: visitor router 요청
2024-07-23 15:58:05 [Winston 로그] info: visitor router 시작
2024-07-23 15:58:05 [Winston 로그] info: bywork router 요청
2024-07-23 15:58:05 [Winston 로그] info: bywork router 시작
2024-07-23 15:58:05 [Winston 로그] info: bygender router 요청
2024-07-23 15:58:05 [Winston 로그] info: bygender router 시작
2024-07-23 15:58:05 [Winston 로그] info: User ID: user1, Exhibition ID: exhb1 평균 방문객 정보 DB 조회
2024-07-23 15:58:05 [Winston 로그] info: User ID: user1, Exhibition ID: exhb1 성별 정보 DB 조회
2024-07-23 15:58:05 [Winston 로그] info: User ID: user1, Exhibition ID: exhb1 혼잡도 정보 DB 조회
2024-07-23 15:58:05 [Winston 로그] info: User ID: user1, Exhibition ID: exhb1 구역별 정보 DB 조회
2024-07-23 15:58:05 [Winston 로그] info: 현재 data
2024-07-23 15:58:05 [Winston 로그] info: crowded 데이터 없음 또는 길이가 0입니다
2024-07-23 15:58:05 [Winston 로그] info: bygender 성공
2024-07-23 15:58:05 [Winston 로그] info: byage router 요청
2024-07-23 15:58:05 [Winston 로그] info: byage router 시작
2024-07-23 15:58:05 [Winston 로그] info: User ID: user1, Exhibition ID: exhb1 연령별 정보 DB 조회
2024-07-23 15:58:05 [Winston 로그] info: byage 성공
2024-07-23 15:58:05 [Winston 로그] info: bywork 데이터 없음 또는 길이가 0입니다
2024-07-23 15:58:05 [Winston 로그] info: visitor 성공
2024-07-23 15:58:09 [Winston 로그] info: donutchart router 요청
2024-07-23 15:58:09 [Winston 로그] info: donutchart router 시작
2024-07-23 15:58:09 [Winston 로그] info: User ID: user1, 도넛차트 정보 DB 조회
2024-07-23 15:58:09 [Winston 로그] info: donutchart 데이터 없음 또는 길이가 0입니다
2024-07-23 15:58:09 [Winston 로그] info: sametime router 요청
2024-07-23 15:58:09 [Winston 로그] info: sametime router 시작
2024-07-23 15:58:09 [Winston 로그] info: User ID: user1 동시간대 정보 DB 조회
2024-07-23 15:58:09 [Winston 로그] info: sametime 성공
2024-07-23 15:58:09 [Winston 로그] info: bytime router 요청
2024-07-23 15:58:09 [Winston 로그] info: bytime router 시작
2024-07-23 15:58:09 [Winston 로그] info: User ID: user1 시간별 정보 DB 조회
2024-07-23 15:58:10 [Winston 로그] info: bytime 성공
2024-07-23 15:58:10 [Winston 로그] info: weekavg router 요청
2024-07-23 15:58:10 [Winston 로그] info: weekavg router 시작
2024-07-23 15:58:10 [Winston 로그] info: User ID: user1 이번주, 지난주 평균 DB 조회
2024-07-23 15:58:10 [Winston 로그] info: weekavg 성공
2024-07-23 15:58:12 [Winston 로그] info: bygender router 요청
2024-07-23 15:58:12 [Winston 로그] info: bygender router 시작
2024-07-23 15:58:12 [Winston 로그] info: visitor router 요청
2024-07-23 15:58:12 [Winston 로그] info: visitor router 시작
2024-07-23 15:58:12 [Winston 로그] info: crowded router 요청
2024-07-23 15:58:12 [Winston 로그] info: crowded router 시작
2024-07-23 15:58:12 [Winston 로그] info: bywork router 요청
2024-07-23 15:58:12 [Winston 로그] info: bywork router 시작
2024-07-23 15:58:12 [Winston 로그] info: User ID: user1, Exhibition ID: exhb1 성별 정보 DB 조회
2024-07-23 15:58:12 [Winston 로그] info: User ID: user1, Exhibition ID: exhb1 혼잡도 정보 DB 조회
2024-07-23 15:58:12 [Winston 로그] info: User ID: user1, Exhibition ID: exhb1 구역별 정보 DB 조회
2024-07-23 15:58:12 [Winston 로그] info: User ID: user1, Exhibition ID: exhb1 평균 방문객 정보 DB 조회
2024-07-23 15:58:12 [Winston 로그] info: bygender 성공
2024-07-23 15:58:12 [Winston 로그] info: 현재 data
2024-07-23 15:58:12 [Winston 로그] info: crowded 데이터 없음 또는 길이가 0입니다
2024-07-23 15:58:12 [Winston 로그] info: byage router 요청
2024-07-23 15:58:12 [Winston 로그] info: byage router 시작
2024-07-23 15:58:12 [Winston 로그] info: User ID: user1, Exhibition ID: exhb1 연령별 정보 DB 조회
2024-07-23 15:58:12 [Winston 로그] info: byage 성공
2024-07-23 15:58:12 [Winston 로그] info: bywork 데이터 없음 또는 길이가 0입니다
2024-07-23 15:58:12 [Winston 로그] info: visitor 성공
2024-07-23 15:58:14 [Winston 로그] info: visitor router 요청
2024-07-23 15:58:14 [Winston 로그] info: visitor router 시작
2024-07-23 15:58:14 [Winston 로그] info: crowded router 요청
2024-07-23 15:58:14 [Winston 로그] info: crowded router 시작
2024-07-23 15:58:14 [Winston 로그] info: bywork router 요청
2024-07-23 15:58:14 [Winston 로그] info: bywork router 시작
2024-07-23 15:58:14 [Winston 로그] info: bygender router 요청
2024-07-23 15:58:14 [Winston 로그] info: bygender router 시작
2024-07-23 15:58:14 [Winston 로그] info: User ID: user1, Exhibition ID: exhb1 구역별 정보 DB 조회
2024-07-23 15:58:14 [Winston 로그] info: User ID: user1, Exhibition ID: exhb1 성별 정보 DB 조회
2024-07-23 15:58:14 [Winston 로그] info: User ID: user1, Exhibition ID: exhb1 혼잡도 정보 DB 조회
2024-07-23 15:58:14 [Winston 로그] info: User ID: user1, Exhibition ID: exhb1 평균 방문객 정보 DB 조회
2024-07-23 15:58:15 [Winston 로그] info: bygender 성공
2024-07-23 15:58:15 [Winston 로그] info: byage router 요청
2024-07-23 15:58:15 [Winston 로그] info: byage router 시작
2024-07-23 15:58:15 [Winston 로그] info: 현재 data
2024-07-23 15:58:15 [Winston 로그] info: crowded 데이터 없음 또는 길이가 0입니다
2024-07-23 15:58:15 [Winston 로그] info: User ID: user1, Exhibition ID: exhb1 연령별 정보 DB 조회
2024-07-23 15:58:15 [Winston 로그] info: byage 성공
2024-07-23 15:58:15 [Winston 로그] info: visitor 성공
2024-07-23 15:58:15 [Winston 로그] info: bywork 성공
2024-07-23 15:59:15 [Winston 로그] info: visitor router 요청
2024-07-23 15:59:15 [Winston 로그] info: visitor router 시작
2024-07-23 15:59:15 [Winston 로그] info: User ID: user1, Exhibition ID: exhb1 평균 방문객 정보 DB 조회
2024-07-23 15:59:15 [Winston 로그] info: visitor 성공
2024-07-23 16:00:15 [Winston 로그] info: visitor router 요청
2024-07-23 16:00:15 [Winston 로그] info: visitor router 시작
2024-07-23 16:00:15 [Winston 로그] info: User ID: user1, Exhibition ID: exhb1 평균 방문객 정보 DB 조회
2024-07-23 16:00:15 [Winston 로그] info: visitor 성공
2024-07-23 16:01:15 [Winston 로그] info: visitor router 요청
2024-07-23 16:01:15 [Winston 로그] info: visitor router 시작
2024-07-23 16:01:15 [Winston 로그] info: User ID: user1, Exhibition ID: exhb1 평균 방문객 정보 DB 조회
2024-07-23 16:01:16 [Winston 로그] info: visitor 성공
2024-07-23 16:02:15 [Winston 로그] info: visitor router 요청
2024-07-23 16:02:15 [Winston 로그] info: visitor router 시작
2024-07-23 16:02:15 [Winston 로그] info: User ID: user1, Exhibition ID: exhb1 평균 방문객 정보 DB 조회
2024-07-23 16:02:15 [Winston 로그] info: visitor 성공
2024-07-23 16:03:15 [Winston 로그] info: visitor router 요청
2024-07-23 16:03:15 [Winston 로그] info: visitor router 시작
2024-07-23 16:03:15 [Winston 로그] info: User ID: user1, Exhibition ID: exhb1 평균 방문객 정보 DB 조회
2024-07-23 16:03:15 [Winston 로그] info: visitor 성공
2024-07-23 16:04:16 [Winston 로그] info: visitor router 요청
2024-07-23 16:04:16 [Winston 로그] info: visitor router 시작
2024-07-23 16:04:16 [Winston 로그] info: User ID: user1, Exhibition ID: exhb1 평균 방문객 정보 DB 조회
2024-07-23 16:04:16 [Winston 로그] info: visitor 성공
2024-07-23 16:05:17 [Winston 로그] info: visitor router 요청
2024-07-23 16:05:17 [Winston 로그] info: visitor router 시작
2024-07-23 16:05:17 [Winston 로그] info: User ID: user1, Exhibition ID: exhb1 평균 방문객 정보 DB 조회
2024-07-23 16:05:17 [Winston 로그] info: visitor 성공
2024-07-23 16:06:18 [Winston 로그] info: visitor router 요청
2024-07-23 16:06:18 [Winston 로그] info: visitor router 시작
2024-07-23 16:06:18 [Winston 로그] info: User ID: user1, Exhibition ID: exhb1 평균 방문객 정보 DB 조회
2024-07-23 16:06:18 [Winston 로그] info: visitor 성공
2024-07-23 16:07:19 [Winston 로그] info: visitor router 요청
2024-07-23 16:07:19 [Winston 로그] info: visitor router 시작
2024-07-23 16:07:19 [Winston 로그] info: User ID: user1, Exhibition ID: exhb1 평균 방문객 정보 DB 조회
2024-07-23 16:07:19 [Winston 로그] info: visitor 성공
2024-07-23 16:08:20 [Winston 로그] info: visitor router 요청
2024-07-23 16:08:20 [Winston 로그] info: visitor router 시작
2024-07-23 16:08:20 [Winston 로그] info: User ID: user1, Exhibition ID: exhb1 평균 방문객 정보 DB 조회
2024-07-23 16:08:20 [Winston 로그] info: visitor 성공
2024-07-23 16:09:21 [Winston 로그] info: visitor router 요청
2024-07-23 16:09:21 [Winston 로그] info: visitor router 시작
2024-07-23 16:09:21 [Winston 로그] info: User ID: user1, Exhibition ID: exhb1 평균 방문객 정보 DB 조회
2024-07-23 16:09:21 [Winston 로그] info: visitor 성공
2024-07-23 16:10:15 [Winston 로그] info: visitor router 요청
2024-07-23 16:10:15 [Winston 로그] info: visitor router 시작
2024-07-23 16:10:15 [Winston 로그] info: User ID: user1, Exhibition ID: exhb1 평균 방문객 정보 DB 조회
2024-07-23 16:10:15 [Winston 로그] info: visitor 성공
2024-07-23 16:11:15 [Winston 로그] info: visitor router 요청
2024-07-23 16:11:15 [Winston 로그] info: visitor router 시작
2024-07-23 16:11:15 [Winston 로그] info: User ID: user1, Exhibition ID: exhb1 평균 방문객 정보 DB 조회
2024-07-23 16:11:15 [Winston 로그] info: visitor 성공
2024-07-23 16:12:16 [Winston 로그] info: visitor router 요청
2024-07-23 16:12:16 [Winston 로그] info: visitor router 시작
2024-07-23 16:12:16 [Winston 로그] info: User ID: user1, Exhibition ID: exhb1 평균 방문객 정보 DB 조회
2024-07-23 16:12:16 [Winston 로그] info: visitor 성공
2024-07-23 16:13:14 [Winston 로그] info: getExhb router 요청
2024-07-23 16:13:14 [Winston 로그] info: getExhb router 시작
2024-07-23 16:13:14 [Winston 로그] info: heatmap router 요청
2024-07-23 16:13:14 [Winston 로그] info: heatmap router 시작
2024-07-23 16:13:14 [Winston 로그] info: User ID: user1 사용자 전시관 정보 DB 조회
2024-07-23 16:13:14 [Winston 로그] info: getexhb 성공
2024-07-23 16:13:14 [Winston 로그] info: User ID: user1, Exhibition ID: exhb1 히트맵 정보 DB 조회
2024-07-23 16:13:14 [Winston 로그] info: heatmap 데이터 없음 또는 길이가 0입니다
2024-07-23 16:13:14 [Winston 로그] info: heatmap router 요청
2024-07-23 16:13:14 [Winston 로그] info: heatmap router 시작
2024-07-23 16:13:14 [Winston 로그] info: User ID: user1, Exhibition ID: exhb1 히트맵 정보 DB 조회
2024-07-23 16:13:14 [Winston 로그] info: heatmap 데이터 없음 또는 길이가 0입니다
2024-07-23 16:13:14 [Winston 로그] info: heatmap router 요청
2024-07-23 16:13:14 [Winston 로그] info: heatmap router 시작
2024-07-23 16:13:14 [Winston 로그] info: User ID: user1, Exhibition ID: exhb1 히트맵 정보 DB 조회
2024-07-23 16:13:14 [Winston 로그] info: heatmap 데이터 없음 또는 길이가 0입니다
2024-07-23 16:13:14 [Winston 로그] info: visitor router 요청
2024-07-23 16:13:14 [Winston 로그] info: visitor router 시작
2024-07-23 16:13:14 [Winston 로그] info: crowded router 요청
2024-07-23 16:13:14 [Winston 로그] info: crowded router 시작
2024-07-23 16:13:14 [Winston 로그] info: bywork router 요청
2024-07-23 16:13:14 [Winston 로그] info: bywork router 시작
2024-07-23 16:13:14 [Winston 로그] info: bygender router 요청
2024-07-23 16:13:14 [Winston 로그] info: bygender router 시작
2024-07-23 16:13:14 [Winston 로그] info: User ID: user1, Exhibition ID: exhb1 평균 방문객 정보 DB 조회
2024-07-23 16:13:14 [Winston 로그] info: User ID: user1, Exhibition ID: exhb1 혼잡도 정보 DB 조회
2024-07-23 16:13:14 [Winston 로그] info: User ID: user1, Exhibition ID: exhb1 구역별 정보 DB 조회
2024-07-23 16:13:14 [Winston 로그] info: User ID: user1, Exhibition ID: exhb1 성별 정보 DB 조회
2024-07-23 16:13:14 [Winston 로그] info: 현재 data
2024-07-23 16:13:14 [Winston 로그] info: crowded 데이터 없음 또는 길이가 0입니다
2024-07-23 16:13:14 [Winston 로그] info: bygender 성공
2024-07-23 16:13:14 [Winston 로그] info: byage router 요청
2024-07-23 16:13:14 [Winston 로그] info: byage router 시작
2024-07-23 16:13:14 [Winston 로그] info: User ID: user1, Exhibition ID: exhb1 연령별 정보 DB 조회
2024-07-23 16:13:14 [Winston 로그] info: byage 성공
2024-07-23 16:13:15 [Winston 로그] info: visitor 성공
2024-07-23 16:13:15 [Winston 로그] info: bywork 성공
2024-07-23 16:13:15 [Winston 로그] info: bygender router 요청
2024-07-23 16:13:15 [Winston 로그] info: bygender router 시작
2024-07-23 16:13:15 [Winston 로그] info: byage router 요청
2024-07-23 16:13:15 [Winston 로그] info: byage router 시작
2024-07-23 16:13:15 [Winston 로그] info: User ID: user1, Exhibition ID: exhb1 연령별 정보 DB 조회
2024-07-23 16:13:15 [Winston 로그] info: User ID: user1, Exhibition ID: exhb1 성별 정보 DB 조회
2024-07-23 16:13:15 [Winston 로그] info: bygender 성공
2024-07-23 16:13:15 [Winston 로그] info: byage 성공
2024-07-23 16:13:17 [Winston 로그] info: donutchart router 요청
2024-07-23 16:13:17 [Winston 로그] info: donutchart router 시작
2024-07-23 16:13:17 [Winston 로그] info: User ID: user1, 도넛차트 정보 DB 조회
2024-07-23 16:13:17 [Winston 로그] info: donutchart 성공
2024-07-23 16:13:17 [Winston 로그] info: sametime router 요청
2024-07-23 16:13:17 [Winston 로그] info: sametime router 시작
2024-07-23 16:13:17 [Winston 로그] info: User ID: user1 동시간대 정보 DB 조회
2024-07-23 16:13:18 [Winston 로그] info: sametime 성공
2024-07-23 16:13:18 [Winston 로그] info: bytime router 요청
2024-07-23 16:13:18 [Winston 로그] info: bytime router 시작
2024-07-23 16:13:18 [Winston 로그] info: User ID: user1 시간별 정보 DB 조회
2024-07-23 16:13:18 [Winston 로그] info: bytime 성공
2024-07-23 16:13:18 [Winston 로그] info: weekavg router 요청
2024-07-23 16:13:18 [Winston 로그] info: weekavg router 시작
2024-07-23 16:13:18 [Winston 로그] info: User ID: user1 이번주, 지난주 평균 DB 조회
2024-07-23 16:13:18 [Winston 로그] info: weekavg 성공
2024-07-23 16:14:17 [Winston 로그] info: donutchart router 요청
2024-07-23 16:14:17 [Winston 로그] info: donutchart router 시작
2024-07-23 16:14:17 [Winston 로그] info: User ID: user1, 도넛차트 정보 DB 조회
2024-07-23 16:14:17 [Winston 로그] info: donutchart 성공
2024-07-23 16:14:17 [Winston 로그] info: sametime router 요청
2024-07-23 16:14:17 [Winston 로그] info: sametime router 시작
2024-07-23 16:14:17 [Winston 로그] info: User ID: user1 동시간대 정보 DB 조회
2024-07-23 16:14:18 [Winston 로그] info: sametime 성공
2024-07-23 16:14:18 [Winston 로그] info: bytime router 요청
2024-07-23 16:14:18 [Winston 로그] info: bytime router 시작
2024-07-23 16:14:18 [Winston 로그] info: User ID: user1 시간별 정보 DB 조회
2024-07-23 16:14:18 [Winston 로그] info: bytime 성공
2024-07-23 16:14:18 [Winston 로그] info: weekavg router 요청
2024-07-23 16:14:18 [Winston 로그] info: weekavg router 시작
2024-07-23 16:14:18 [Winston 로그] info: User ID: user1 이번주, 지난주 평균 DB 조회
2024-07-23 16:14:18 [Winston 로그] info: weekavg 성공
2024-07-23 16:15:04 [Winston 로그] info: bygender router 요청
2024-07-23 16:15:04 [Winston 로그] info: bygender router 시작
2024-07-23 16:15:04 [Winston 로그] info: byage router 요청
2024-07-23 16:15:04 [Winston 로그] info: byage router 시작
2024-07-23 16:15:04 [Winston 로그] info: User ID: user1, Exhibition ID: exhb1 성별 정보 DB 조회
2024-07-23 16:15:04 [Winston 로그] info: User ID: user1, Exhibition ID: exhb1 연령별 정보 DB 조회
2024-07-23 16:15:04 [Winston 로그] info: bygender 성공
2024-07-23 16:15:04 [Winston 로그] info: byage 성공
2024-07-23 16:15:29 [Winston 로그] info: getExhb router 요청
2024-07-23 16:15:29 [Winston 로그] info: getExhb router 시작
2024-07-23 16:15:29 [Winston 로그] info: heatmap router 요청
2024-07-23 16:15:29 [Winston 로그] info: heatmap router 시작
2024-07-23 16:15:29 [Winston 로그] info: User ID: user1 사용자 전시관 정보 DB 조회
2024-07-23 16:15:29 [Winston 로그] info: User ID: user1, Exhibition ID: exhb1 히트맵 정보 DB 조회
2024-07-23 16:15:29 [Winston 로그] info: getexhb 성공
2024-07-23 16:15:29 [Winston 로그] info: heatmap 데이터 없음 또는 길이가 0입니다
2024-07-23 16:15:29 [Winston 로그] info: heatmap router 요청
2024-07-23 16:15:29 [Winston 로그] info: heatmap router 시작
2024-07-23 16:15:29 [Winston 로그] info: User ID: user1, Exhibition ID: exhb1 히트맵 정보 DB 조회
2024-07-23 16:15:29 [Winston 로그] info: heatmap 데이터 없음 또는 길이가 0입니다
2024-07-23 16:15:29 [Winston 로그] info: heatmap router 요청
2024-07-23 16:15:29 [Winston 로그] info: heatmap router 시작
2024-07-23 16:15:29 [Winston 로그] info: User ID: user1, Exhibition ID: exhb1 히트맵 정보 DB 조회
2024-07-23 16:15:29 [Winston 로그] info: heatmap 데이터 없음 또는 길이가 0입니다
2024-07-23 16:15:29 [Winston 로그] info: donutchart router 요청
2024-07-23 16:15:29 [Winston 로그] info: donutchart router 시작
2024-07-23 16:15:29 [Winston 로그] info: User ID: user1, 도넛차트 정보 DB 조회
2024-07-23 16:15:29 [Winston 로그] info: donutchart 성공
2024-07-23 16:15:29 [Winston 로그] info: sametime router 요청
2024-07-23 16:15:29 [Winston 로그] info: sametime router 시작
2024-07-23 16:15:29 [Winston 로그] info: User ID: user1 동시간대 정보 DB 조회
2024-07-23 16:15:30 [Winston 로그] info: sametime 성공
2024-07-23 16:15:30 [Winston 로그] info: bytime router 요청
2024-07-23 16:15:30 [Winston 로그] info: bytime router 시작
2024-07-23 16:15:30 [Winston 로그] info: User ID: user1 시간별 정보 DB 조회
2024-07-23 16:15:30 [Winston 로그] info: bytime 성공
2024-07-23 16:15:30 [Winston 로그] info: weekavg router 요청
2024-07-23 16:15:30 [Winston 로그] info: weekavg router 시작
2024-07-23 16:15:30 [Winston 로그] info: User ID: user1 이번주, 지난주 평균 DB 조회
2024-07-23 16:15:30 [Winston 로그] info: weekavg 성공
2024-07-23 16:15:30 [Winston 로그] info: getExhb router 요청
2024-07-23 16:15:30 [Winston 로그] info: getExhb router 시작
2024-07-23 16:15:30 [Winston 로그] info: heatmap router 요청
2024-07-23 16:15:30 [Winston 로그] info: heatmap router 시작
2024-07-23 16:15:30 [Winston 로그] info: User ID: user1 사용자 전시관 정보 DB 조회
2024-07-23 16:15:30 [Winston 로그] info: getexhb 성공
2024-07-23 16:15:30 [Winston 로그] info: User ID: user1, Exhibition ID: exhb1 히트맵 정보 DB 조회
2024-07-23 16:15:30 [Winston 로그] info: heatmap 데이터 없음 또는 길이가 0입니다
2024-07-23 16:15:30 [Winston 로그] info: heatmap router 요청
2024-07-23 16:15:30 [Winston 로그] info: heatmap router 시작
2024-07-23 16:15:30 [Winston 로그] info: User ID: user1, Exhibition ID: exhb1 히트맵 정보 DB 조회
2024-07-23 16:15:30 [Winston 로그] info: heatmap 데이터 없음 또는 길이가 0입니다
2024-07-23 16:15:30 [Winston 로그] info: heatmap router 요청
2024-07-23 16:15:30 [Winston 로그] info: heatmap router 시작
2024-07-23 16:15:30 [Winston 로그] info: User ID: user1, Exhibition ID: exhb1 히트맵 정보 DB 조회
2024-07-23 16:15:31 [Winston 로그] info: heatmap 데이터 없음 또는 길이가 0입니다
2024-07-23 16:15:31 [Winston 로그] info: visitor router 요청
2024-07-23 16:15:31 [Winston 로그] info: visitor router 시작
2024-07-23 16:15:31 [Winston 로그] info: crowded router 요청
2024-07-23 16:15:31 [Winston 로그] info: crowded router 시작
2024-07-23 16:15:31 [Winston 로그] info: bywork router 요청
2024-07-23 16:15:31 [Winston 로그] info: bywork router 시작
2024-07-23 16:15:31 [Winston 로그] info: bygender router 요청
2024-07-23 16:15:31 [Winston 로그] info: bygender router 시작
2024-07-23 16:15:31 [Winston 로그] info: User ID: user1, Exhibition ID: exhb1 평균 방문객 정보 DB 조회
2024-07-23 16:15:31 [Winston 로그] info: User ID: user1, Exhibition ID: exhb1 구역별 정보 DB 조회
2024-07-23 16:15:31 [Winston 로그] info: User ID: user1, Exhibition ID: exhb1 혼잡도 정보 DB 조회
2024-07-23 16:15:31 [Winston 로그] info: User ID: user1, Exhibition ID: exhb1 성별 정보 DB 조회
2024-07-23 16:15:31 [Winston 로그] info: 현재 data
2024-07-23 16:15:31 [Winston 로그] info: crowded 성공
2024-07-23 16:15:31 [Winston 로그] info: bygender 성공
2024-07-23 16:15:31 [Winston 로그] info: byage router 요청
2024-07-23 16:15:31 [Winston 로그] info: byage router 시작
2024-07-23 16:15:31 [Winston 로그] info: User ID: user1, Exhibition ID: exhb1 연령별 정보 DB 조회
2024-07-23 16:15:31 [Winston 로그] info: byage 성공
2024-07-23 16:15:31 [Winston 로그] info: visitor 성공
2024-07-23 16:15:31 [Winston 로그] info: bywork 성공
2024-07-23 16:16:31 [Winston 로그] info: visitor router 요청
2024-07-23 16:16:31 [Winston 로그] info: visitor router 시작
2024-07-23 16:16:31 [Winston 로그] info: User ID: user1, Exhibition ID: exhb1 평균 방문객 정보 DB 조회
2024-07-23 16:16:31 [Winston 로그] info: visitor 성공
2024-07-23 16:17:31 [Winston 로그] info: visitor router 요청
2024-07-23 16:17:31 [Winston 로그] info: visitor router 시작
2024-07-23 16:17:31 [Winston 로그] info: User ID: user1, Exhibition ID: exhb1 평균 방문객 정보 DB 조회
2024-07-23 16:17:31 [Winston 로그] info: visitor 성공
