2024-06-28 11:58:40 [Winston 로그] info: login router 요청
2024-06-28 11:58:40 [Winston 로그] info: login router 시작
2024-06-28 11:58:41 [Winston 로그] info: 로그인에 성공했습니다.
2024-06-28 11:58:41 [Winston 로그] info: thisweek router 요청
2024-06-28 11:58:41 [Winston 로그] info: thisweek router 시작
2024-06-28 11:58:41 [Winston 로그] info: donutchart router 요청
2024-06-28 11:58:41 [Winston 로그] info: donutchart router 시작
2024-06-28 11:58:41 [Winston 로그] info: User ID: user1 이번주 정보 DB 조회
2024-06-28 11:58:41 [Winston 로그] info: User ID: user1, 도넛차트 정보 DB 조회
2024-06-28 11:58:43 [Winston 로그] info: donutchart 데이터 없음 또는 길이가 0입니다
2024-06-28 11:58:43 [Winston 로그] info: sametime router 요청
2024-06-28 11:58:43 [Winston 로그] info: sametime router 시작
2024-06-28 11:58:43 [Winston 로그] info: User ID: user1 동시간대 정보 DB 조회
2024-06-28 11:58:44 [Winston 로그] info: thisweek 데이터 없음 또는 길이가 0입니다
2024-06-28 11:58:44 [Winston 로그] info: lastweek router 요청
2024-06-28 11:58:44 [Winston 로그] info: lastweek router 시작
2024-06-28 11:58:44 [Winston 로그] info: User ID: user1 지난주 정보 DB 조회
2024-06-28 11:58:44 [Winston 로그] info: getExhb router 요청
2024-06-28 11:58:44 [Winston 로그] info: getExhb router 시작
2024-06-28 11:58:44 [Winston 로그] info: heatmap router 요청
2024-06-28 11:58:44 [Winston 로그] info: heatmap router 시작
2024-06-28 11:58:44 [Winston 로그] info: User ID: user1 사용자 전시관 정보 DB 조회
2024-06-28 11:58:44 [Winston 로그] info: getexhb 성공
2024-06-28 11:58:44 [Winston 로그] info: User ID: user1, Exhibition ID: exhb1 히트맵 정보 DB 조회
2024-06-28 11:58:44 [Winston 로그] info: lastweek 성공
2024-06-28 11:58:45 [Winston 로그] info: sametime 성공
2024-06-28 11:58:45 [Winston 로그] info: bytime router 요청
2024-06-28 11:58:45 [Winston 로그] info: bytime router 시작
2024-06-28 11:58:45 [Winston 로그] info: User ID: user1 시간별 정보 DB 조회
2024-06-28 11:58:45 [Winston 로그] info: bytime 데이터 없음 또는 길이가 0입니다
2024-06-28 11:58:45 [Winston 로그] info: weekavg router 요청
2024-06-28 11:58:45 [Winston 로그] info: weekavg router 시작
2024-06-28 11:58:45 [Winston 로그] info: User ID: user1 이번주, 지난주 평균 DB 조회
2024-06-28 11:58:45 [Winston 로그] info: visitor router 요청
2024-06-28 11:58:45 [Winston 로그] info: visitor router 시작
2024-06-28 11:58:45 [Winston 로그] info: crowded router 요청
2024-06-28 11:58:45 [Winston 로그] info: crowded router 시작
2024-06-28 11:58:45 [Winston 로그] info: bywork router 요청
2024-06-28 11:58:45 [Winston 로그] info: bywork router 시작
2024-06-28 11:58:45 [Winston 로그] info: bygender router 요청
2024-06-28 11:58:45 [Winston 로그] info: bygender router 시작
2024-06-28 11:58:45 [Winston 로그] info: weekavg 성공
2024-06-28 11:58:45 [Winston 로그] info: User ID: user1, Exhibition ID: exhb1 혼잡도 정보 DB 조회
2024-06-28 11:58:45 [Winston 로그] info: User ID: user1, Exhibition ID: exhb1 평균 방문객 정보 DB 조회
2024-06-28 11:58:45 [Winston 로그] info: User ID: user1, Exhibition ID: exhb1 구역별 정보 DB 조회
2024-06-28 11:58:45 [Winston 로그] info: User ID: user1, Exhibition ID: exhb1 성별 정보 DB 조회
2024-06-28 11:58:45 [Winston 로그] info: 현재 data
2024-06-28 11:58:45 [Winston 로그] info: crowded 데이터 없음 또는 길이가 0입니다
2024-06-28 11:58:45 [Winston 로그] info: bygender 성공
2024-06-28 11:58:46 [Winston 로그] info: byage router 요청
2024-06-28 11:58:46 [Winston 로그] info: byage router 시작
2024-06-28 11:58:46 [Winston 로그] info: User ID: user1, Exhibition ID: exhb1 연령별 정보 DB 조회
2024-06-28 11:58:46 [Winston 로그] info: bywork 데이터 없음 또는 길이가 0입니다
2024-06-28 11:58:46 [Winston 로그] info: byage 성공
2024-06-28 11:58:46 [Winston 로그] info: visitor 성공
2024-06-28 11:58:47 [Winston 로그] info: heatmap 데이터 없음 또는 길이가 0입니다
2024-06-28 11:58:47 [Winston 로그] info: heatmap router 요청
2024-06-28 11:58:47 [Winston 로그] info: heatmap router 시작
2024-06-28 11:58:47 [Winston 로그] info: User ID: user1, Exhibition ID: exhb1 히트맵 정보 DB 조회
2024-06-28 11:58:47 [Winston 로그] info: heatmap 데이터 없음 또는 길이가 0입니다
2024-06-28 11:58:47 [Winston 로그] info: heatmap router 요청
2024-06-28 11:58:47 [Winston 로그] info: heatmap router 시작
2024-06-28 11:58:47 [Winston 로그] info: User ID: user1, Exhibition ID: exhb1 히트맵 정보 DB 조회
2024-06-28 11:58:47 [Winston 로그] info: heatmap 데이터 없음 또는 길이가 0입니다
2024-06-28 11:58:53 [Winston 로그] info: bygender router 요청
2024-06-28 11:58:53 [Winston 로그] info: bygender router 시작
2024-06-28 11:58:53 [Winston 로그] info: byage router 요청
2024-06-28 11:58:53 [Winston 로그] info: byage router 시작
2024-06-28 11:58:53 [Winston 로그] info: User ID: user1, Exhibition ID: exhb1 연령별 정보 DB 조회
2024-06-28 11:58:53 [Winston 로그] info: User ID: user1, Exhibition ID: exhb1 성별 정보 DB 조회
2024-06-28 11:58:53 [Winston 로그] info: bygender 성공
2024-06-28 11:58:53 [Winston 로그] info: byage 성공
2024-06-28 11:58:55 [Winston 로그] info: getExhb router 요청
2024-06-28 11:58:55 [Winston 로그] info: getExhb router 시작
2024-06-28 11:58:55 [Winston 로그] info: heatmap router 요청
2024-06-28 11:58:55 [Winston 로그] info: heatmap router 시작
2024-06-28 11:58:55 [Winston 로그] info: User ID: user1 사용자 전시관 정보 DB 조회
2024-06-28 11:58:55 [Winston 로그] info: getexhb 성공
2024-06-28 11:58:55 [Winston 로그] info: User ID: user1, Exhibition ID: exhb1 히트맵 정보 DB 조회
2024-06-28 11:58:55 [Winston 로그] info: heatmap 데이터 없음 또는 길이가 0입니다
2024-06-28 11:58:55 [Winston 로그] info: heatmap router 요청
2024-06-28 11:58:55 [Winston 로그] info: heatmap router 시작
2024-06-28 11:58:55 [Winston 로그] info: User ID: user1, Exhibition ID: exhb1 히트맵 정보 DB 조회
2024-06-28 11:58:55 [Winston 로그] info: heatmap 데이터 없음 또는 길이가 0입니다
2024-06-28 11:58:55 [Winston 로그] info: heatmap router 요청
2024-06-28 11:58:55 [Winston 로그] info: heatmap router 시작
2024-06-28 11:58:55 [Winston 로그] info: User ID: user1, Exhibition ID: exhb1 히트맵 정보 DB 조회
2024-06-28 11:58:55 [Winston 로그] info: heatmap 데이터 없음 또는 길이가 0입니다
2024-06-28 11:58:55 [Winston 로그] info: visitor router 요청
2024-06-28 11:58:55 [Winston 로그] info: visitor router 시작
2024-06-28 11:58:55 [Winston 로그] info: crowded router 요청
2024-06-28 11:58:55 [Winston 로그] info: crowded router 시작
2024-06-28 11:58:55 [Winston 로그] info: bywork router 요청
2024-06-28 11:58:55 [Winston 로그] info: bywork router 시작
2024-06-28 11:58:55 [Winston 로그] info: bygender router 요청
2024-06-28 11:58:55 [Winston 로그] info: bygender router 시작
2024-06-28 11:58:56 [Winston 로그] info: User ID: user1, Exhibition ID: exhb1 혼잡도 정보 DB 조회
2024-06-28 11:58:56 [Winston 로그] info: User ID: user1, Exhibition ID: exhb1 성별 정보 DB 조회
2024-06-28 11:58:56 [Winston 로그] info: User ID: user1, Exhibition ID: exhb1 구역별 정보 DB 조회
2024-06-28 11:58:56 [Winston 로그] info: User ID: user1, Exhibition ID: exhb1 평균 방문객 정보 DB 조회
2024-06-28 11:58:56 [Winston 로그] info: 현재 data
2024-06-28 11:58:56 [Winston 로그] info: crowded 데이터 없음 또는 길이가 0입니다
2024-06-28 11:58:56 [Winston 로그] info: bygender 성공
2024-06-28 11:58:56 [Winston 로그] info: byage router 요청
2024-06-28 11:58:56 [Winston 로그] info: byage router 시작
2024-06-28 11:58:56 [Winston 로그] info: User ID: user1, Exhibition ID: exhb1 연령별 정보 DB 조회
2024-06-28 11:58:56 [Winston 로그] info: bywork 데이터 없음 또는 길이가 0입니다
2024-06-28 11:58:56 [Winston 로그] info: byage 성공
2024-06-28 11:58:56 [Winston 로그] info: bygender router 요청
2024-06-28 11:58:56 [Winston 로그] info: bygender router 시작
2024-06-28 11:58:56 [Winston 로그] info: byage router 요청
2024-06-28 11:58:56 [Winston 로그] info: byage router 시작
2024-06-28 11:58:56 [Winston 로그] info: User ID: user1, Exhibition ID: exhb1 성별 정보 DB 조회
2024-06-28 11:58:56 [Winston 로그] info: User ID: user1, Exhibition ID: exhb1 연령별 정보 DB 조회
2024-06-28 11:58:56 [Winston 로그] info: visitor 성공
2024-06-28 11:58:56 [Winston 로그] info: bygender 성공
2024-06-28 11:58:56 [Winston 로그] info: byage 성공
2024-06-28 11:58:56 [Winston 로그] info: getExhb router 요청
2024-06-28 11:58:56 [Winston 로그] info: getExhb router 시작
2024-06-28 11:58:56 [Winston 로그] info: heatmap router 요청
2024-06-28 11:58:56 [Winston 로그] info: heatmap router 시작
2024-06-28 11:58:56 [Winston 로그] info: User ID: user1 사용자 전시관 정보 DB 조회
2024-06-28 11:58:56 [Winston 로그] info: User ID: user1, Exhibition ID: exhb1 히트맵 정보 DB 조회
2024-06-28 11:58:56 [Winston 로그] info: getexhb 성공
2024-06-28 11:58:56 [Winston 로그] info: heatmap 데이터 없음 또는 길이가 0입니다
2024-06-28 11:58:56 [Winston 로그] info: heatmap router 요청
2024-06-28 11:58:56 [Winston 로그] info: heatmap router 시작
2024-06-28 11:58:56 [Winston 로그] info: User ID: user1, Exhibition ID: exhb1 히트맵 정보 DB 조회
2024-06-28 11:58:57 [Winston 로그] info: heatmap 데이터 없음 또는 길이가 0입니다
2024-06-28 11:58:57 [Winston 로그] info: heatmap router 요청
2024-06-28 11:58:57 [Winston 로그] info: heatmap router 시작
2024-06-28 11:58:57 [Winston 로그] info: User ID: user1, Exhibition ID: exhb1 히트맵 정보 DB 조회
2024-06-28 11:58:57 [Winston 로그] info: heatmap 데이터 없음 또는 길이가 0입니다
2024-06-28 11:58:58 [Winston 로그] info: thisweek router 요청
2024-06-28 11:58:58 [Winston 로그] info: thisweek router 시작
2024-06-28 11:58:58 [Winston 로그] info: donutchart router 요청
2024-06-28 11:58:58 [Winston 로그] info: donutchart router 시작
2024-06-28 11:58:58 [Winston 로그] info: User ID: user1 이번주 정보 DB 조회
2024-06-28 11:58:58 [Winston 로그] info: User ID: user1, 도넛차트 정보 DB 조회
2024-06-28 11:58:58 [Winston 로그] info: thisweek 데이터 없음 또는 길이가 0입니다
2024-06-28 11:58:58 [Winston 로그] info: lastweek router 요청
2024-06-28 11:58:58 [Winston 로그] info: lastweek router 시작
2024-06-28 11:58:58 [Winston 로그] info: donutchart 데이터 없음 또는 길이가 0입니다
2024-06-28 11:58:58 [Winston 로그] info: sametime router 요청
2024-06-28 11:58:58 [Winston 로그] info: sametime router 시작
2024-06-28 11:58:58 [Winston 로그] info: User ID: user1 지난주 정보 DB 조회
2024-06-28 11:58:58 [Winston 로그] info: User ID: user1 동시간대 정보 DB 조회
2024-06-28 11:58:58 [Winston 로그] info: lastweek 성공
2024-06-28 11:58:58 [Winston 로그] info: getExhb router 요청
2024-06-28 11:58:58 [Winston 로그] info: getExhb router 시작
2024-06-28 11:58:58 [Winston 로그] info: heatmap router 요청
2024-06-28 11:58:58 [Winston 로그] info: heatmap router 시작
2024-06-28 11:58:59 [Winston 로그] info: User ID: user1 사용자 전시관 정보 DB 조회
2024-06-28 11:58:59 [Winston 로그] info: getexhb 성공
2024-06-28 11:58:59 [Winston 로그] info: User ID: user1, Exhibition ID: exhb1 히트맵 정보 DB 조회
2024-06-28 11:58:59 [Winston 로그] info: heatmap 데이터 없음 또는 길이가 0입니다
2024-06-28 11:58:59 [Winston 로그] info: heatmap router 요청
2024-06-28 11:58:59 [Winston 로그] info: heatmap router 시작
2024-06-28 11:58:59 [Winston 로그] info: sametime 성공
2024-06-28 11:58:59 [Winston 로그] info: bytime router 요청
2024-06-28 11:58:59 [Winston 로그] info: bytime router 시작
2024-06-28 11:58:59 [Winston 로그] info: User ID: user1 시간별 정보 DB 조회
2024-06-28 11:58:59 [Winston 로그] info: User ID: user1, Exhibition ID: exhb1 히트맵 정보 DB 조회
2024-06-28 11:58:59 [Winston 로그] info: heatmap 데이터 없음 또는 길이가 0입니다
2024-06-28 11:58:59 [Winston 로그] info: heatmap router 요청
2024-06-28 11:58:59 [Winston 로그] info: heatmap router 시작
2024-06-28 11:58:59 [Winston 로그] info: visitor router 요청
2024-06-28 11:58:59 [Winston 로그] info: visitor router 시작
2024-06-28 11:58:59 [Winston 로그] info: crowded router 요청
2024-06-28 11:58:59 [Winston 로그] info: crowded router 시작
2024-06-28 11:58:59 [Winston 로그] info: bywork router 요청
2024-06-28 11:58:59 [Winston 로그] info: bywork router 시작
2024-06-28 11:58:59 [Winston 로그] info: bygender router 요청
2024-06-28 11:58:59 [Winston 로그] info: bygender router 시작
2024-06-28 11:58:59 [Winston 로그] info: bytime 데이터 없음 또는 길이가 0입니다
2024-06-28 11:58:59 [Winston 로그] info: User ID: user1, Exhibition ID: exhb1 히트맵 정보 DB 조회
2024-06-28 11:58:59 [Winston 로그] info: weekavg router 요청
2024-06-28 11:58:59 [Winston 로그] info: weekavg router 시작
2024-06-28 11:58:59 [Winston 로그] info: User ID: user1, Exhibition ID: exhb1 평균 방문객 정보 DB 조회
2024-06-28 11:58:59 [Winston 로그] info: User ID: user1, Exhibition ID: exhb1 혼잡도 정보 DB 조회
2024-06-28 11:58:59 [Winston 로그] info: User ID: user1, Exhibition ID: exhb1 성별 정보 DB 조회
2024-06-28 11:58:59 [Winston 로그] info: User ID: user1, Exhibition ID: exhb1 구역별 정보 DB 조회
2024-06-28 11:58:59 [Winston 로그] info: User ID: user1 이번주, 지난주 평균 DB 조회
2024-06-28 11:58:59 [Winston 로그] info: bygender 성공
2024-06-28 11:58:59 [Winston 로그] info: byage router 요청
2024-06-28 11:58:59 [Winston 로그] info: byage router 시작
2024-06-28 11:58:59 [Winston 로그] info: heatmap 데이터 없음 또는 길이가 0입니다
2024-06-28 11:58:59 [Winston 로그] info: 현재 data
2024-06-28 11:58:59 [Winston 로그] info: crowded 데이터 없음 또는 길이가 0입니다
2024-06-28 11:58:59 [Winston 로그] info: User ID: user1, Exhibition ID: exhb1 연령별 정보 DB 조회
2024-06-28 11:58:59 [Winston 로그] info: bywork 데이터 없음 또는 길이가 0입니다
2024-06-28 11:58:59 [Winston 로그] info: byage 성공
2024-06-28 11:58:59 [Winston 로그] info: thisweek router 요청
2024-06-28 11:58:59 [Winston 로그] info: thisweek router 시작
2024-06-28 11:58:59 [Winston 로그] info: donutchart router 요청
2024-06-28 11:58:59 [Winston 로그] info: donutchart router 시작
2024-06-28 11:58:59 [Winston 로그] info: User ID: user1, 도넛차트 정보 DB 조회
2024-06-28 11:58:59 [Winston 로그] info: User ID: user1 이번주 정보 DB 조회
2024-06-28 11:59:00 [Winston 로그] info: donutchart 데이터 없음 또는 길이가 0입니다
2024-06-28 11:59:00 [Winston 로그] info: sametime router 요청
2024-06-28 11:59:00 [Winston 로그] info: sametime router 시작
2024-06-28 11:59:00 [Winston 로그] info: User ID: user1 동시간대 정보 DB 조회
2024-06-28 11:59:00 [Winston 로그] info: visitor 성공
2024-06-28 11:59:00 [Winston 로그] info: thisweek 데이터 없음 또는 길이가 0입니다
2024-06-28 11:59:00 [Winston 로그] info: lastweek router 요청
2024-06-28 11:59:00 [Winston 로그] info: lastweek router 시작
2024-06-28 11:59:00 [Winston 로그] info: User ID: user1 지난주 정보 DB 조회
2024-06-28 11:59:00 [Winston 로그] info: weekavg 성공
2024-06-28 11:59:00 [Winston 로그] info: lastweek 성공
2024-06-28 11:59:00 [Winston 로그] info: sametime 성공
2024-06-28 11:59:00 [Winston 로그] info: bytime router 요청
2024-06-28 11:59:00 [Winston 로그] info: bytime router 시작
2024-06-28 11:59:00 [Winston 로그] info: User ID: user1 시간별 정보 DB 조회
2024-06-28 11:59:00 [Winston 로그] info: bytime 데이터 없음 또는 길이가 0입니다
2024-06-28 11:59:00 [Winston 로그] info: weekavg router 요청
2024-06-28 11:59:00 [Winston 로그] info: weekavg router 시작
2024-06-28 11:59:00 [Winston 로그] info: User ID: user1 이번주, 지난주 평균 DB 조회
2024-06-28 11:59:01 [Winston 로그] info: weekavg 성공
2024-06-28 11:59:13 [Winston 로그] info: getExhb router 요청
2024-06-28 11:59:13 [Winston 로그] info: getExhb router 시작
2024-06-28 11:59:13 [Winston 로그] info: heatmap router 요청
2024-06-28 11:59:13 [Winston 로그] info: heatmap router 시작
2024-06-28 11:59:13 [Winston 로그] info: User ID: user1 사용자 전시관 정보 DB 조회
2024-06-28 11:59:13 [Winston 로그] info: getexhb 성공
2024-06-28 11:59:13 [Winston 로그] info: User ID: user1, Exhibition ID: exhb1 히트맵 정보 DB 조회
2024-06-28 11:59:13 [Winston 로그] info: heatmap 데이터 없음 또는 길이가 0입니다
2024-06-28 11:59:13 [Winston 로그] info: heatmap router 요청
2024-06-28 11:59:13 [Winston 로그] info: heatmap router 시작
2024-06-28 11:59:13 [Winston 로그] info: User ID: user1, Exhibition ID: exhb1 히트맵 정보 DB 조회
2024-06-28 11:59:13 [Winston 로그] info: heatmap 데이터 없음 또는 길이가 0입니다
2024-06-28 11:59:13 [Winston 로그] info: heatmap router 요청
2024-06-28 11:59:13 [Winston 로그] info: heatmap router 시작
2024-06-28 11:59:13 [Winston 로그] info: User ID: user1, Exhibition ID: exhb1 히트맵 정보 DB 조회
2024-06-28 11:59:13 [Winston 로그] info: heatmap 데이터 없음 또는 길이가 0입니다
2024-06-28 11:59:13 [Winston 로그] info: thisweek router 요청
2024-06-28 11:59:13 [Winston 로그] info: thisweek router 시작
2024-06-28 11:59:13 [Winston 로그] info: donutchart router 요청
2024-06-28 11:59:13 [Winston 로그] info: donutchart router 시작
2024-06-28 11:59:13 [Winston 로그] info: User ID: user1, 도넛차트 정보 DB 조회
2024-06-28 11:59:13 [Winston 로그] info: User ID: user1 이번주 정보 DB 조회
2024-06-28 11:59:13 [Winston 로그] info: thisweek 데이터 없음 또는 길이가 0입니다
2024-06-28 11:59:13 [Winston 로그] info: lastweek router 요청
2024-06-28 11:59:13 [Winston 로그] info: lastweek router 시작
2024-06-28 11:59:13 [Winston 로그] info: donutchart 데이터 없음 또는 길이가 0입니다
2024-06-28 11:59:13 [Winston 로그] info: User ID: user1 지난주 정보 DB 조회
2024-06-28 11:59:13 [Winston 로그] info: sametime router 요청
2024-06-28 11:59:13 [Winston 로그] info: sametime router 시작
2024-06-28 11:59:13 [Winston 로그] info: User ID: user1 동시간대 정보 DB 조회
2024-06-28 11:59:14 [Winston 로그] info: getExhb router 요청
2024-06-28 11:59:14 [Winston 로그] info: getExhb router 시작
2024-06-28 11:59:14 [Winston 로그] info: heatmap router 요청
2024-06-28 11:59:14 [Winston 로그] info: heatmap router 시작
2024-06-28 11:59:14 [Winston 로그] info: User ID: user1 사용자 전시관 정보 DB 조회
2024-06-28 11:59:14 [Winston 로그] info: User ID: user1, Exhibition ID: exhb1 히트맵 정보 DB 조회
2024-06-28 11:59:14 [Winston 로그] info: getexhb 성공
2024-06-28 11:59:14 [Winston 로그] info: heatmap 데이터 없음 또는 길이가 0입니다
2024-06-28 11:59:14 [Winston 로그] info: heatmap router 요청
2024-06-28 11:59:14 [Winston 로그] info: heatmap router 시작
2024-06-28 11:59:14 [Winston 로그] info: User ID: user1, Exhibition ID: exhb1 히트맵 정보 DB 조회
2024-06-28 11:59:14 [Winston 로그] info: heatmap 데이터 없음 또는 길이가 0입니다
2024-06-28 11:59:14 [Winston 로그] info: heatmap router 요청
2024-06-28 11:59:14 [Winston 로그] info: heatmap router 시작
2024-06-28 11:59:14 [Winston 로그] info: User ID: user1, Exhibition ID: exhb1 히트맵 정보 DB 조회
2024-06-28 11:59:14 [Winston 로그] info: lastweek 성공
2024-06-28 11:59:14 [Winston 로그] info: visitor router 요청
2024-06-28 11:59:14 [Winston 로그] info: visitor router 시작
2024-06-28 11:59:14 [Winston 로그] info: crowded router 요청
2024-06-28 11:59:14 [Winston 로그] info: crowded router 시작
2024-06-28 11:59:14 [Winston 로그] info: bywork router 요청
2024-06-28 11:59:14 [Winston 로그] info: bywork router 시작
2024-06-28 11:59:14 [Winston 로그] info: bygender router 요청
2024-06-28 11:59:14 [Winston 로그] info: bygender router 시작
2024-06-28 11:59:14 [Winston 로그] info: heatmap 데이터 없음 또는 길이가 0입니다
2024-06-28 11:59:14 [Winston 로그] info: User ID: user1, Exhibition ID: exhb1 평균 방문객 정보 DB 조회
2024-06-28 11:59:14 [Winston 로그] info: User ID: user1, Exhibition ID: exhb1 구역별 정보 DB 조회
2024-06-28 11:59:14 [Winston 로그] info: User ID: user1, Exhibition ID: exhb1 혼잡도 정보 DB 조회
2024-06-28 11:59:14 [Winston 로그] info: User ID: user1, Exhibition ID: exhb1 성별 정보 DB 조회
2024-06-28 11:59:14 [Winston 로그] info: bygender 성공
2024-06-28 11:59:14 [Winston 로그] info: 현재 data
2024-06-28 11:59:14 [Winston 로그] info: crowded 데이터 없음 또는 길이가 0입니다
2024-06-28 11:59:14 [Winston 로그] info: byage router 요청
2024-06-28 11:59:14 [Winston 로그] info: byage router 시작
2024-06-28 11:59:14 [Winston 로그] info: User ID: user1, Exhibition ID: exhb1 연령별 정보 DB 조회
2024-06-28 11:59:14 [Winston 로그] info: bywork 데이터 없음 또는 길이가 0입니다
2024-06-28 11:59:14 [Winston 로그] info: byage 성공
2024-06-28 11:59:14 [Winston 로그] info: sametime 성공
2024-06-28 11:59:14 [Winston 로그] info: bytime router 요청
2024-06-28 11:59:14 [Winston 로그] info: bytime router 시작
2024-06-28 11:59:14 [Winston 로그] info: User ID: user1 시간별 정보 DB 조회
2024-06-28 11:59:15 [Winston 로그] info: visitor 성공
2024-06-28 11:59:15 [Winston 로그] info: bytime 데이터 없음 또는 길이가 0입니다
2024-06-28 11:59:15 [Winston 로그] info: weekavg router 요청
2024-06-28 11:59:15 [Winston 로그] info: weekavg router 시작
2024-06-28 11:59:15 [Winston 로그] info: User ID: user1 이번주, 지난주 평균 DB 조회
2024-06-28 11:59:15 [Winston 로그] info: weekavg 성공
2024-06-28 11:59:19 [Winston 로그] info: getExhb router 요청
2024-06-28 11:59:19 [Winston 로그] info: getExhb router 시작
2024-06-28 11:59:19 [Winston 로그] info: heatmap router 요청
2024-06-28 11:59:19 [Winston 로그] info: heatmap router 시작
2024-06-28 11:59:19 [Winston 로그] info: User ID: user1 사용자 전시관 정보 DB 조회
2024-06-28 11:59:19 [Winston 로그] info: getexhb 성공
2024-06-28 11:59:19 [Winston 로그] info: User ID: user1, Exhibition ID: exhb1 히트맵 정보 DB 조회
2024-06-28 11:59:19 [Winston 로그] info: heatmap 데이터 없음 또는 길이가 0입니다
2024-06-28 11:59:19 [Winston 로그] info: heatmap router 요청
2024-06-28 11:59:19 [Winston 로그] info: heatmap router 시작
2024-06-28 11:59:19 [Winston 로그] info: User ID: user1, Exhibition ID: exhb1 히트맵 정보 DB 조회
2024-06-28 11:59:19 [Winston 로그] info: heatmap 데이터 없음 또는 길이가 0입니다
2024-06-28 11:59:19 [Winston 로그] info: heatmap router 요청
2024-06-28 11:59:19 [Winston 로그] info: heatmap router 시작
2024-06-28 11:59:19 [Winston 로그] info: User ID: user1, Exhibition ID: exhb1 히트맵 정보 DB 조회
2024-06-28 11:59:19 [Winston 로그] info: heatmap 데이터 없음 또는 길이가 0입니다
2024-06-28 11:59:20 [Winston 로그] info: bywork router 요청
2024-06-28 11:59:20 [Winston 로그] info: bywork router 시작
2024-06-28 11:59:20 [Winston 로그] info: visitor router 요청
2024-06-28 11:59:20 [Winston 로그] info: visitor router 시작
2024-06-28 11:59:20 [Winston 로그] info: crowded router 요청
2024-06-28 11:59:20 [Winston 로그] info: crowded router 시작
2024-06-28 11:59:20 [Winston 로그] info: bygender router 요청
2024-06-28 11:59:20 [Winston 로그] info: bygender router 시작
2024-06-28 11:59:20 [Winston 로그] info: User ID: user1, Exhibition ID: exhb1 성별 정보 DB 조회
2024-06-28 11:59:20 [Winston 로그] info: User ID: user1, Exhibition ID: exhb1 평균 방문객 정보 DB 조회
2024-06-28 11:59:20 [Winston 로그] info: User ID: user1, Exhibition ID: exhb1 구역별 정보 DB 조회
2024-06-28 11:59:20 [Winston 로그] info: User ID: user1, Exhibition ID: exhb1 혼잡도 정보 DB 조회
2024-06-28 11:59:20 [Winston 로그] info: bygender 성공
2024-06-28 11:59:20 [Winston 로그] info: byage router 요청
2024-06-28 11:59:20 [Winston 로그] info: byage router 시작
2024-06-28 11:59:20 [Winston 로그] info: 현재 data
2024-06-28 11:59:20 [Winston 로그] info: crowded 데이터 없음 또는 길이가 0입니다
2024-06-28 11:59:20 [Winston 로그] info: User ID: user1, Exhibition ID: exhb1 연령별 정보 DB 조회
2024-06-28 11:59:20 [Winston 로그] info: bywork 데이터 없음 또는 길이가 0입니다
2024-06-28 11:59:20 [Winston 로그] info: byage 성공
2024-06-28 11:59:20 [Winston 로그] info: visitor 성공
2024-06-28 11:59:20 [Winston 로그] info: getExhb router 요청
2024-06-28 11:59:20 [Winston 로그] info: getExhb router 시작
2024-06-28 11:59:20 [Winston 로그] info: heatmap router 요청
2024-06-28 11:59:20 [Winston 로그] info: heatmap router 시작
2024-06-28 11:59:20 [Winston 로그] info: User ID: user1 사용자 전시관 정보 DB 조회
2024-06-28 11:59:20 [Winston 로그] info: User ID: user1, Exhibition ID: exhb1 히트맵 정보 DB 조회
2024-06-28 11:59:20 [Winston 로그] info: getexhb 성공
2024-06-28 11:59:20 [Winston 로그] info: heatmap 데이터 없음 또는 길이가 0입니다
2024-06-28 11:59:20 [Winston 로그] info: heatmap router 요청
2024-06-28 11:59:20 [Winston 로그] info: heatmap router 시작
2024-06-28 11:59:20 [Winston 로그] info: User ID: user1, Exhibition ID: exhb1 히트맵 정보 DB 조회
2024-06-28 11:59:20 [Winston 로그] info: heatmap 데이터 없음 또는 길이가 0입니다
2024-06-28 11:59:20 [Winston 로그] info: heatmap router 요청
2024-06-28 11:59:20 [Winston 로그] info: heatmap router 시작
2024-06-28 11:59:21 [Winston 로그] info: User ID: user1, Exhibition ID: exhb1 히트맵 정보 DB 조회
2024-06-28 11:59:21 [Winston 로그] info: heatmap 데이터 없음 또는 길이가 0입니다
2024-06-28 11:59:31 [Winston 로그] info: visitor router 요청
2024-06-28 11:59:31 [Winston 로그] info: visitor router 시작
2024-06-28 11:59:31 [Winston 로그] info: crowded router 요청
2024-06-28 11:59:31 [Winston 로그] info: crowded router 시작
2024-06-28 11:59:31 [Winston 로그] info: bywork router 요청
2024-06-28 11:59:31 [Winston 로그] info: bywork router 시작
2024-06-28 11:59:31 [Winston 로그] info: bygender router 요청
2024-06-28 11:59:31 [Winston 로그] info: bygender router 시작
2024-06-28 11:59:31 [Winston 로그] info: User ID: user1, Exhibition ID: exhb1 평균 방문객 정보 DB 조회
2024-06-28 11:59:31 [Winston 로그] info: User ID: user1, Exhibition ID: exhb1 구역별 정보 DB 조회
2024-06-28 11:59:31 [Winston 로그] info: User ID: user1, Exhibition ID: exhb1 혼잡도 정보 DB 조회
2024-06-28 11:59:31 [Winston 로그] info: User ID: user1, Exhibition ID: exhb1 성별 정보 DB 조회
2024-06-28 11:59:31 [Winston 로그] info: bygender 성공
2024-06-28 11:59:31 [Winston 로그] info: 현재 data
2024-06-28 11:59:31 [Winston 로그] info: crowded 데이터 없음 또는 길이가 0입니다
2024-06-28 11:59:31 [Winston 로그] info: byage router 요청
2024-06-28 11:59:31 [Winston 로그] info: byage router 시작
2024-06-28 11:59:31 [Winston 로그] info: User ID: user1, Exhibition ID: exhb1 연령별 정보 DB 조회
2024-06-28 11:59:31 [Winston 로그] info: bywork 데이터 없음 또는 길이가 0입니다
2024-06-28 11:59:31 [Winston 로그] info: byage 성공
2024-06-28 11:59:31 [Winston 로그] info: visitor 성공
2024-06-28 12:00:31 [Winston 로그] info: visitor router 요청
2024-06-28 12:00:31 [Winston 로그] info: visitor router 시작
2024-06-28 12:00:31 [Winston 로그] info: User ID: user1, Exhibition ID: exhb1 평균 방문객 정보 DB 조회
2024-06-28 12:00:32 [Winston 로그] info: visitor 성공
2024-06-28 12:01:31 [Winston 로그] info: visitor router 요청
2024-06-28 12:01:31 [Winston 로그] info: visitor router 시작
2024-06-28 12:01:31 [Winston 로그] info: User ID: user1, Exhibition ID: exhb1 평균 방문객 정보 DB 조회
2024-06-28 12:01:32 [Winston 로그] info: visitor 성공
2024-06-28 12:02:31 [Winston 로그] info: visitor router 요청
2024-06-28 12:02:31 [Winston 로그] info: visitor router 시작
2024-06-28 12:02:31 [Winston 로그] info: User ID: user1, Exhibition ID: exhb1 평균 방문객 정보 DB 조회
2024-06-28 12:02:32 [Winston 로그] info: visitor 성공
2024-06-28 12:03:31 [Winston 로그] info: visitor router 요청
2024-06-28 12:03:31 [Winston 로그] info: visitor router 시작
2024-06-28 12:03:31 [Winston 로그] info: User ID: user1, Exhibition ID: exhb1 평균 방문객 정보 DB 조회
2024-06-28 12:03:32 [Winston 로그] info: visitor 성공
2024-06-28 12:04:31 [Winston 로그] info: visitor router 요청
2024-06-28 12:04:31 [Winston 로그] info: visitor router 시작
2024-06-28 12:04:31 [Winston 로그] info: User ID: user1, Exhibition ID: exhb1 평균 방문객 정보 DB 조회
2024-06-28 12:04:32 [Winston 로그] info: visitor 성공
2024-06-28 12:05:32 [Winston 로그] info: visitor router 요청
2024-06-28 12:05:32 [Winston 로그] info: visitor router 시작
2024-06-28 12:05:32 [Winston 로그] info: User ID: user1, Exhibition ID: exhb1 평균 방문객 정보 DB 조회
2024-06-28 12:05:33 [Winston 로그] info: visitor 성공
2024-06-28 12:06:33 [Winston 로그] info: visitor router 요청
2024-06-28 12:06:33 [Winston 로그] info: visitor router 시작
2024-06-28 12:06:33 [Winston 로그] info: User ID: user1, Exhibition ID: exhb1 평균 방문객 정보 DB 조회
2024-06-28 12:06:34 [Winston 로그] info: visitor 성공
2024-06-28 12:07:34 [Winston 로그] info: visitor router 요청
2024-06-28 12:07:34 [Winston 로그] info: visitor router 시작
2024-06-28 12:07:34 [Winston 로그] info: User ID: user1, Exhibition ID: exhb1 평균 방문객 정보 DB 조회
2024-06-28 12:07:35 [Winston 로그] info: visitor 성공
