2024-06-11 10:38:54 [Winston 로그] error: bywork db 에러 Unknown column 'selectedDate' in 'where clause'
2024-06-11 10:38:54 [Winston 로그] error: bywork router 에러 : Unknown column 'selectedDate' in 'where clause'
2024-06-11 10:38:55 [Winston 로그] error: bywork db 에러 Unknown column 'selectedDate' in 'where clause'
2024-06-11 10:38:55 [Winston 로그] error: bywork router 에러 : Unknown column 'selectedDate' in 'where clause'
2024-06-11 10:38:56 [Winston 로그] error: bywork db 에러 Unknown column 'selectedDate' in 'where clause'
2024-06-11 10:38:56 [Winston 로그] error: bywork router 에러 : Unknown column 'selectedDate' in 'where clause'
2024-06-11 10:39:02 [Winston 로그] error: bywork db 에러 Unknown column 'selectedDate' in 'where clause'
2024-06-11 10:39:02 [Winston 로그] error: bywork router 에러 : Unknown column 'selectedDate' in 'where clause'
2024-06-11 10:39:07 [Winston 로그] error: bywork db 에러 Unknown column 'selectedDate' in 'where clause'
2024-06-11 10:39:07 [Winston 로그] error: bywork router 에러 : Unknown column 'selectedDate' in 'where clause'
2024-06-11 10:39:19 [Winston 로그] error: bywork db 에러 Unknown column 'selectedDate' in 'where clause'
2024-06-11 10:39:19 [Winston 로그] error: bywork router 에러 : Unknown column 'selectedDate' in 'where clause'
2024-06-11 10:40:14 [Winston 로그] error: bywork db 에러 Unknown column 'selectedDate' in 'where clause'
2024-06-11 10:40:14 [Winston 로그] error: bywork router 에러 : Unknown column 'selectedDate' in 'where clause'
2024-06-11 10:40:27 [Winston 로그] error: bywork db 에러 Unknown column 'selectedDate' in 'where clause'
2024-06-11 10:40:27 [Winston 로그] error: bywork router 에러 : Unknown column 'selectedDate' in 'where clause'
2024-06-11 10:41:02 [Winston 로그] error: bywork db 에러 Unknown column 'selectedDate' in 'where clause'
2024-06-11 10:41:02 [Winston 로그] error: bywork router 에러 : Unknown column 'selectedDate' in 'where clause'
2024-06-11 10:41:29 [Winston 로그] error: bywork db 에러 Unknown column 'selectedDate' in 'where clause'
2024-06-11 10:41:29 [Winston 로그] error: bywork router 에러 : Unknown column 'selectedDate' in 'where clause'
2024-06-11 10:41:30 [Winston 로그] error: bywork db 에러 Unknown column 'selectedDate' in 'where clause'
2024-06-11 10:41:30 [Winston 로그] error: bywork router 에러 : Unknown column 'selectedDate' in 'where clause'
2024-06-11 10:42:28 [Winston 로그] error: bywork db 에러 Unknown column 'selectedDate' in 'where clause'
2024-06-11 10:42:28 [Winston 로그] error: bywork router 에러 : Unknown column 'selectedDate' in 'where clause'
2024-06-11 10:42:28 [Winston 로그] error: bywork db 에러 Unknown column 'selectedDate' in 'where clause'
2024-06-11 10:42:28 [Winston 로그] error: bywork router 에러 : Unknown column 'selectedDate' in 'where clause'
2024-06-11 10:42:34 [Winston 로그] error: bywork db 에러 Unknown column 'selectedDate' in 'where clause'
2024-06-11 10:42:34 [Winston 로그] error: bywork router 에러 : Unknown column 'selectedDate' in 'where clause'
2024-06-11 10:42:37 [Winston 로그] error: bywork db 에러 Unknown column 'selectedDate' in 'where clause'
2024-06-11 10:42:37 [Winston 로그] error: bywork router 에러 : Unknown column 'selectedDate' in 'where clause'
2024-06-11 10:42:40 [Winston 로그] error: bywork db 에러 Unknown column 'selectedDate' in 'where clause'
2024-06-11 10:42:40 [Winston 로그] error: bywork router 에러 : Unknown column 'selectedDate' in 'where clause'
2024-06-11 10:42:43 [Winston 로그] error: bywork db 에러 Unknown column 'selectedDate' in 'where clause'
2024-06-11 10:42:43 [Winston 로그] error: bywork router 에러 : Unknown column 'selectedDate' in 'where clause'
2024-06-11 10:44:00 [Winston 로그] error: bywork db 에러 Unknown column 'selectedDate' in 'where clause'
2024-06-11 10:44:00 [Winston 로그] error: bywork router 에러 : Unknown column 'selectedDate' in 'where clause'
2024-06-11 10:44:00 [Winston 로그] error: bywork db 에러 Unknown column 'selectedDate' in 'where clause'
2024-06-11 10:44:00 [Winston 로그] error: bywork router 에러 : Unknown column 'selectedDate' in 'where clause'
2024-06-11 10:45:17 [Winston 로그] error: bywork db 에러 Unknown column 'selectedDate' in 'where clause'
2024-06-11 10:45:17 [Winston 로그] error: bywork router 에러 : Unknown column 'selectedDate' in 'where clause'
2024-06-11 10:45:18 [Winston 로그] error: bywork db 에러 Unknown column 'selectedDate' in 'where clause'
2024-06-11 10:45:18 [Winston 로그] error: bywork router 에러 : Unknown column 'selectedDate' in 'where clause'
2024-06-11 10:45:18 [Winston 로그] error: bywork db 에러 Unknown column 'selectedDate' in 'where clause'
2024-06-11 10:45:18 [Winston 로그] error: bywork router 에러 : Unknown column 'selectedDate' in 'where clause'
2024-06-11 10:47:37 [Winston 로그] error: bywork db 에러 Unknown column 'selectedDate' in 'where clause'
2024-06-11 10:47:37 [Winston 로그] error: bywork router 에러 : Unknown column 'selectedDate' in 'where clause'
2024-06-11 10:47:37 [Winston 로그] error: bywork db 에러 Unknown column 'selectedDate' in 'where clause'
2024-06-11 10:47:37 [Winston 로그] error: bywork router 에러 : Unknown column 'selectedDate' in 'where clause'
2024-06-11 10:48:29 [Winston 로그] error: bywork db 에러 Unknown column 'selectedDate' in 'where clause'
2024-06-11 10:48:29 [Winston 로그] error: bywork router 에러 : Unknown column 'selectedDate' in 'where clause'
2024-06-11 10:48:29 [Winston 로그] error: bywork db 에러 Unknown column 'selectedDate' in 'where clause'
2024-06-11 10:48:29 [Winston 로그] error: bywork router 에러 : Unknown column 'selectedDate' in 'where clause'
2024-06-11 10:48:32 [Winston 로그] error: bywork db 에러 Unknown column 'selectedDate' in 'where clause'
2024-06-11 10:48:32 [Winston 로그] error: bywork router 에러 : Unknown column 'selectedDate' in 'where clause'
2024-06-11 10:58:00 [Winston 로그] error: bywork db 에러 Unknown column 'selectedDate' in 'where clause'
2024-06-11 10:58:00 [Winston 로그] error: bywork router 에러 : Unknown column 'selectedDate' in 'where clause'
2024-06-11 10:58:02 [Winston 로그] error: bywork db 에러 Unknown column 'selectedDate' in 'where clause'
2024-06-11 10:58:02 [Winston 로그] error: bywork router 에러 : Unknown column 'selectedDate' in 'where clause'
2024-06-11 10:58:02 [Winston 로그] error: bywork db 에러 Unknown column 'selectedDate' in 'where clause'
2024-06-11 10:58:02 [Winston 로그] error: bywork router 에러 : Unknown column 'selectedDate' in 'where clause'
2024-06-11 10:58:39 [Winston 로그] error: bywork db 에러 Unknown column 'selectedDate' in 'where clause'
2024-06-11 10:58:39 [Winston 로그] error: bywork router 에러 : Unknown column 'selectedDate' in 'where clause'
2024-06-11 10:58:40 [Winston 로그] error: bywork db 에러 Unknown column 'selectedDate' in 'where clause'
2024-06-11 10:58:40 [Winston 로그] error: bywork router 에러 : Unknown column 'selectedDate' in 'where clause'
2024-06-11 11:00:39 [Winston 로그] error: bywork db 에러 Unknown column 'selectedDate' in 'where clause'
2024-06-11 11:00:39 [Winston 로그] error: bywork router 에러 : Unknown column 'selectedDate' in 'where clause'
2024-06-11 11:00:39 [Winston 로그] error: bywork db 에러 Unknown column 'selectedDate' in 'where clause'
2024-06-11 11:00:39 [Winston 로그] error: bywork router 에러 : Unknown column 'selectedDate' in 'where clause'
2024-06-11 11:01:03 [Winston 로그] error: bywork db 에러 Unknown column 'selectedDate' in 'where clause'
2024-06-11 11:01:03 [Winston 로그] error: bywork router 에러 : Unknown column 'selectedDate' in 'where clause'
2024-06-11 11:01:03 [Winston 로그] error: bywork db 에러 Unknown column 'selectedDate' in 'where clause'
2024-06-11 11:01:03 [Winston 로그] error: bywork router 에러 : Unknown column 'selectedDate' in 'where clause'
2024-06-11 11:03:11 [Winston 로그] error: bywork db 에러 Unknown column 'selectedDate' in 'where clause'
2024-06-11 11:03:11 [Winston 로그] error: bywork router 에러 : Unknown column 'selectedDate' in 'where clause'
2024-06-11 11:03:11 [Winston 로그] error: bywork db 에러 Unknown column 'selectedDate' in 'where clause'
2024-06-11 11:03:11 [Winston 로그] error: bywork router 에러 : Unknown column 'selectedDate' in 'where clause'
2024-06-11 11:04:29 [Winston 로그] error: bywork db 에러 Unknown column 'selectedDate' in 'where clause'
2024-06-11 11:04:29 [Winston 로그] error: bywork router 에러 : Unknown column 'selectedDate' in 'where clause'
2024-06-11 11:04:29 [Winston 로그] error: bywork db 에러 Unknown column 'selectedDate' in 'where clause'
2024-06-11 11:04:29 [Winston 로그] error: bywork router 에러 : Unknown column 'selectedDate' in 'where clause'
2024-06-11 11:11:11 [Winston 로그] error: bywork db 에러 Unknown column 'selectedDate' in 'where clause'
2024-06-11 11:11:11 [Winston 로그] error: bywork router 에러 : Unknown column 'selectedDate' in 'where clause'
2024-06-11 11:11:12 [Winston 로그] error: bywork db 에러 Unknown column 'selectedDate' in 'where clause'
2024-06-11 11:11:12 [Winston 로그] error: bywork router 에러 : Unknown column 'selectedDate' in 'where clause'
2024-06-11 11:11:23 [Winston 로그] error: bywork db 에러 Unknown column 'selectedDate' in 'where clause'
2024-06-11 11:11:23 [Winston 로그] error: bywork router 에러 : Unknown column 'selectedDate' in 'where clause'
2024-06-11 11:11:23 [Winston 로그] error: bywork db 에러 Unknown column 'selectedDate' in 'where clause'
2024-06-11 11:11:23 [Winston 로그] error: bywork router 에러 : Unknown column 'selectedDate' in 'where clause'
2024-06-11 11:11:29 [Winston 로그] error: bywork db 에러 Unknown column 'selectedDate' in 'where clause'
2024-06-11 11:11:29 [Winston 로그] error: bywork router 에러 : Unknown column 'selectedDate' in 'where clause'
2024-06-11 11:11:29 [Winston 로그] error: bywork db 에러 Unknown column 'selectedDate' in 'where clause'
2024-06-11 11:11:29 [Winston 로그] error: bywork router 에러 : Unknown column 'selectedDate' in 'where clause'
2024-06-11 11:13:03 [Winston 로그] error: bywork db 에러 Unknown column 'selectedDate' in 'where clause'
2024-06-11 11:13:03 [Winston 로그] error: bywork router 에러 : Unknown column 'selectedDate' in 'where clause'
2024-06-11 11:13:03 [Winston 로그] error: bywork db 에러 Unknown column 'selectedDate' in 'where clause'
2024-06-11 11:13:03 [Winston 로그] error: bywork router 에러 : Unknown column 'selectedDate' in 'where clause'
2024-06-11 11:14:56 [Winston 로그] error: bywork db 에러 Unknown column 'selectedDate' in 'where clause'
2024-06-11 11:14:56 [Winston 로그] error: bywork router 에러 : Unknown column 'selectedDate' in 'where clause'
2024-06-11 11:14:56 [Winston 로그] error: bywork db 에러 Unknown column 'selectedDate' in 'where clause'
2024-06-11 11:14:56 [Winston 로그] error: bywork router 에러 : Unknown column 'selectedDate' in 'where clause'
2024-06-11 11:16:31 [Winston 로그] error: bywork db 에러 Unknown column 'selectedDate' in 'where clause'
2024-06-11 11:16:31 [Winston 로그] error: bywork DB 조회 에러: Unknown column 'selectedDate' in 'where clause'
2024-06-11 11:16:32 [Winston 로그] error: bywork db 에러 Unknown column 'selectedDate' in 'where clause'
2024-06-11 11:16:32 [Winston 로그] error: bywork DB 조회 에러: Unknown column 'selectedDate' in 'where clause'
2024-06-11 11:16:39 [Winston 로그] error: bywork db 에러 Unknown column 'selectedDate' in 'where clause'
2024-06-11 11:16:39 [Winston 로그] error: bywork DB 조회 에러: Unknown column 'selectedDate' in 'where clause'
2024-06-11 11:16:40 [Winston 로그] error: bywork db 에러 Unknown column 'selectedDate' in 'where clause'
2024-06-11 11:16:40 [Winston 로그] error: bywork DB 조회 에러: Unknown column 'selectedDate' in 'where clause'
2024-06-11 11:18:20 [Winston 로그] error: bywork db 에러 Unknown column 'selectedDate' in 'where clause'
2024-06-11 11:18:20 [Winston 로그] error: bywork router 에러 : Unknown column 'selectedDate' in 'where clause'
2024-06-11 11:18:20 [Winston 로그] error: bywork db 에러 Unknown column 'selectedDate' in 'where clause'
2024-06-11 11:18:20 [Winston 로그] error: bywork router 에러 : Unknown column 'selectedDate' in 'where clause'
2024-06-11 11:20:00 [Winston 로그] error: bywork db 에러 Unknown column 'selectedDate' in 'where clause'
2024-06-11 11:20:00 [Winston 로그] error: DB 조회 중 에러 발생 Unknown column 'selectedDate' in 'where clause'
2024-06-11 11:20:00 [Winston 로그] error: bywork router 에러 : Unknown column 'selectedDate' in 'where clause'
2024-06-11 11:20:00 [Winston 로그] error: bywork db 에러 Unknown column 'selectedDate' in 'where clause'
2024-06-11 11:20:00 [Winston 로그] error: DB 조회 중 에러 발생 Unknown column 'selectedDate' in 'where clause'
2024-06-11 11:20:00 [Winston 로그] error: bywork router 에러 : Unknown column 'selectedDate' in 'where clause'
2024-06-11 11:27:48 [Winston 로그] error: bywork db 에러 Unknown column 'selectedDate' in 'where clause'
2024-06-11 11:27:48 [Winston 로그] error: bywork router 에러 : Unknown column 'selectedDate' in 'where clause'
2024-06-11 11:27:48 [Winston 로그] error: bywork db 에러 Unknown column 'selectedDate' in 'where clause'
2024-06-11 11:27:48 [Winston 로그] error: bywork router 에러 : Unknown column 'selectedDate' in 'where clause'
2024-06-11 11:28:29 [Winston 로그] error: bywork db 에러 Unknown column 'selectedDate' in 'where clause'
2024-06-11 11:28:29 [Winston 로그] error: bywork db 에러 : Unknown column 'selectedDate' in 'where clause'
2024-06-11 11:28:29 [Winston 로그] error: bywork db 에러 Unknown column 'selectedDate' in 'where clause'
2024-06-11 11:28:29 [Winston 로그] error: bywork db 에러 : Unknown column 'selectedDate' in 'where clause'
2024-06-11 11:30:02 [Winston 로그] error: bywork db 에러 Unknown column 'selectedDate' in 'where clause'
2024-06-11 11:30:02 [Winston 로그] error: bywork db 에러 : Unknown column 'selectedDate' in 'where clause'
2024-06-11 11:30:03 [Winston 로그] error: bywork db 에러 Unknown column 'selectedDate' in 'where clause'
2024-06-11 11:30:03 [Winston 로그] error: bywork db 에러 : Unknown column 'selectedDate' in 'where clause'
2024-06-11 11:31:49 [Winston 로그] error: bywork db 에러 Unknown column 'selectedDate' in 'where clause'
2024-06-11 11:31:49 [Winston 로그] error: bywork 실패: 데이터를 가져오지 못했습니다.
2024-06-11 11:31:49 [Winston 로그] error: bywork db 에러 Unknown column 'selectedDate' in 'where clause'
2024-06-11 11:31:49 [Winston 로그] error: bywork 실패: 데이터를 가져오지 못했습니다.
2024-06-11 11:32:28 [Winston 로그] error: bywork 실패: 데이터를 가져오지 못했습니다.
2024-06-11 11:32:48 [Winston 로그] error: bywork db 에러 Incorrect DATE value: '2024-06'
2024-06-11 11:33:26 [Winston 로그] error: bywork db 에러 Incorrect DATE value: ''
2024-06-11 11:33:29 [Winston 로그] error: bywork db 에러 Incorrect DATE value: ''
2024-06-11 11:34:13 [Winston 로그] error: bywork router 에러 : Assignment to constant variable.
2024-06-11 11:34:18 [Winston 로그] error: bywork router 에러 : Assignment to constant variable.
2024-06-11 11:34:24 [Winston 로그] error: bywork router 에러 : Assignment to constant variable.
2024-06-11 11:34:33 [Winston 로그] error: bywork router 에러 : Assignment to constant variable.
2024-06-11 11:34:44 [Winston 로그] error: 아이디가 입력되지 않았습니다
2024-06-11 11:34:59 [Winston 로그] error: bywork router 에러 : Assignment to constant variable.
2024-06-11 11:35:04 [Winston 로그] error: bywork router 에러 : Assignment to constant variable.
2024-06-11 11:35:40 [Winston 로그] error: bywork router 에러 : Assignment to constant variable.
2024-06-11 11:35:40 [Winston 로그] error: bywork router 에러 : Assignment to constant variable.
2024-06-11 11:35:42 [Winston 로그] error: bywork router 에러 : Assignment to constant variable.
2024-06-11 11:35:42 [Winston 로그] error: bywork router 에러 : Assignment to constant variable.
2024-06-11 11:35:49 [Winston 로그] error: bywork 실패: 데이터를 가져오지 못했습니다.
2024-06-11 11:35:59 [Winston 로그] error: bywork 실패: 데이터를 가져오지 못했습니다.
2024-06-11 11:36:05 [Winston 로그] error: bywork 실패: 데이터를 가져오지 못했습니다.
2024-06-11 11:36:24 [Winston 로그] error: bywork 실패: 데이터를 가져오지 못했습니다.
2024-06-11 11:36:33 [Winston 로그] error: bywork 실패: 데이터를 가져오지 못했습니다.
2024-06-11 11:37:02 [Winston 로그] error: bywork 실패: 데이터를 가져오지 못했습니다.
2024-06-11 11:37:05 [Winston 로그] error: bywork 실패: 데이터를 가져오지 못했습니다.
2024-06-11 11:37:12 [Winston 로그] error: bywork 실패: 데이터를 가져오지 못했습니다.
2024-06-11 11:37:14 [Winston 로그] error: bywork 실패: 데이터를 가져오지 못했습니다.
2024-06-11 11:37:37 [Winston 로그] error: bywork 실패: 데이터를 가져오지 못했습니다.
2024-06-11 11:38:29 [Winston 로그] error: bywork 실패: 데이터를 가져오지 못했습니다.
2024-06-11 11:38:31 [Winston 로그] error: bywork 실패: 데이터를 가져오지 못했습니다.
2024-06-11 11:39:06 [Winston 로그] error: bywork 실패: 데이터를 가져오지 못했습니다.
2024-06-11 11:43:27 [Winston 로그] error: bywork 실패: 데이터를 가져오지 못했습니다.
2024-06-11 11:53:40 [Winston 로그] error: bywork db 에러 Unknown column 'selectedDate' in 'where clause'
2024-06-11 11:53:40 [Winston 로그] error: bywork router 에러 : Unknown column 'selectedDate' in 'where clause'
2024-06-11 11:53:40 [Winston 로그] error: bywork db 에러 Unknown column 'selectedDate' in 'where clause'
2024-06-11 11:53:40 [Winston 로그] error: bywork router 에러 : Unknown column 'selectedDate' in 'where clause'
2024-06-11 11:54:55 [Winston 로그] error: 데이터를 가져오지 못했습니다
2024-06-11 11:54:55 [Winston 로그] error: 데이터를 가져오지 못했습니다
2024-06-11 11:54:55 [Winston 로그] error: 데이터를 가져오지 못했습니다
2024-06-11 11:54:55 [Winston 로그] error: 데이터를 가져오지 못했습니다
2024-06-11 12:01:15 [Winston 로그] error: bywork db 에러 Unknown column 'selectedDate' in 'where clause'
2024-06-11 12:01:15 [Winston 로그] error: bywork router 에러 : Unknown column 'selectedDate' in 'where clause'
2024-06-11 12:01:15 [Winston 로그] error: bywork db 에러 Unknown column 'selectedDate' in 'where clause'
2024-06-11 12:01:15 [Winston 로그] error: bywork router 에러 : Unknown column 'selectedDate' in 'where clause'
2024-06-11 12:03:14 [Winston 로그] error: bywork db 에러 Unknown column 'selectedDate' in 'where clause'
2024-06-11 12:03:14 [Winston 로그] error: bywork router 에러 : Unknown column 'selectedDate' in 'where clause'
2024-06-11 12:03:15 [Winston 로그] error: bywork db 에러 Unknown column 'selectedDate' in 'where clause'
2024-06-11 12:03:15 [Winston 로그] error: bywork router 에러 : Unknown column 'selectedDate' in 'where clause'
2024-06-11 12:03:58 [Winston 로그] error: bywork db 에러 Unknown column 'selectedDate' in 'where clause'
2024-06-11 12:03:58 [Winston 로그] error: bywork router 에러 : Unknown column 'selectedDate' in 'where clause'
2024-06-11 12:03:58 [Winston 로그] error: bywork db 에러 Unknown column 'selectedDate' in 'where clause'
2024-06-11 12:03:58 [Winston 로그] error: bywork router 에러 : Unknown column 'selectedDate' in 'where clause'
2024-06-11 12:05:01 [Winston 로그] error: bywork db 에러 Unknown column 'selectedDate' in 'where clause'
2024-06-11 12:05:01 [Winston 로그] error: bywork router 에러 : Unknown column 'selectedDate' in 'where clause'
2024-06-11 12:05:01 [Winston 로그] error: bywork db 에러 Unknown column 'selectedDate' in 'where clause'
2024-06-11 12:05:01 [Winston 로그] error: bywork router 에러 : Unknown column 'selectedDate' in 'where clause'
2024-06-11 12:05:53 [Winston 로그] error: bywork db 에러 Unknown column 'selectedDate' in 'where clause'
2024-06-11 12:05:53 [Winston 로그] error: bywork router 에러 : Unknown column 'selectedDate' in 'where clause'
2024-06-11 12:05:53 [Winston 로그] error: bywork db 에러 Unknown column 'selectedDate' in 'where clause'
2024-06-11 12:05:53 [Winston 로그] error: bywork router 에러 : Unknown column 'selectedDate' in 'where clause'
2024-06-11 12:08:40 [Winston 로그] error: bywork db 에러 Incorrect DATE value: 'selectedDate'
2024-06-11 12:08:40 [Winston 로그] error: bywork router 에러 : Incorrect DATE value: 'selectedDate'
2024-06-11 12:08:40 [Winston 로그] error: bywork db 에러 Incorrect DATE value: 'selectedDate'
2024-06-11 12:08:40 [Winston 로그] error: bywork router 에러 : Incorrect DATE value: 'selectedDate'
2024-06-11 12:41:50 [Winston 로그] error: 날짜가 입력되지 않았습니다
2024-06-11 12:42:59 [Winston 로그] error: 날짜가 입력되지 않았습니다
2024-06-11 12:44:20 [Winston 로그] error: 날짜가 입력되지 않았습니다
2024-06-11 12:44:30 [Winston 로그] error: 날짜가 입력되지 않았습니다
2024-06-11 12:44:34 [Winston 로그] error: 날짜가 입력되지 않았습니다
2024-06-11 12:48:54 [Winston 로그] error: 날짜가 입력되지 않았습니다
2024-06-11 12:48:56 [Winston 로그] error: 날짜가 입력되지 않았습니다
2024-06-11 12:49:00 [Winston 로그] error: 날짜가 입력되지 않았습니다
2024-06-11 12:49:03 [Winston 로그] error: 날짜가 입력되지 않았습니다
2024-06-11 12:49:16 [Winston 로그] error: 날짜가 입력되지 않았습니다
2024-06-11 13:26:10 [Winston 로그] error: visitor router 에러:  read ETIMEDOUT
2024-06-11 13:26:14 [Winston 로그] error: crowded router 에러 : read ETIMEDOUT
2024-06-11 13:26:24 [Winston 로그] error: crowded router 에러 : read ETIMEDOUT
2024-06-11 13:38:17 [Winston 로그] error: 날짜가 입력되지 않았습니다
2024-06-11 13:38:29 [Winston 로그] error: 날짜가 입력되지 않았습니다
2024-06-11 13:38:47 [Winston 로그] error: 날짜가 입력되지 않았습니다
2024-06-11 13:39:06 [Winston 로그] error: 날짜가 입력되지 않았습니다
2024-06-11 13:39:08 [Winston 로그] error: 날짜가 입력되지 않았습니다
2024-06-11 13:39:20 [Winston 로그] error: 날짜가 입력되지 않았습니다
2024-06-11 13:44:06 [Winston 로그] error: 날짜가 입력되지 않았습니다
2024-06-11 13:44:16 [Winston 로그] error: 날짜가 입력되지 않았습니다
2024-06-11 13:45:37 [Winston 로그] error: 날짜가 입력되지 않았습니다
2024-06-11 13:45:38 [Winston 로그] error: 날짜가 입력되지 않았습니다
2024-06-11 13:45:42 [Winston 로그] error: 날짜가 입력되지 않았습니다
2024-06-11 13:48:00 [Winston 로그] error: 날짜가 입력되지 않았습니다
2024-06-11 13:50:41 [Winston 로그] error: 날짜가 입력되지 않았습니다
2024-06-11 13:54:02 [Winston 로그] error: 날짜가 입력되지 않았습니다
2024-06-11 13:56:49 [Winston 로그] error: 날짜가 입력되지 않았습니다
2024-06-11 13:58:22 [Winston 로그] error: 날짜가 입력되지 않았습니다
2024-06-11 14:01:01 [Winston 로그] error: 날짜가 입력되지 않았습니다
2024-06-11 14:01:07 [Winston 로그] error: 날짜가 입력되지 않았습니다
2024-06-11 14:02:23 [Winston 로그] error: 날짜가 입력되지 않았습니다
2024-06-11 14:03:21 [Winston 로그] error: 날짜가 입력되지 않았습니다
2024-06-11 14:03:39 [Winston 로그] error: 날짜가 입력되지 않았습니다
2024-06-11 14:04:42 [Winston 로그] error: 날짜가 입력되지 않았습니다
2024-06-11 14:09:29 [Winston 로그] error: 날짜가 입력되지 않았습니다
2024-06-11 14:10:41 [Winston 로그] error: 날짜가 입력되지 않았습니다
2024-06-11 14:11:09 [Winston 로그] error: 날짜가 입력되지 않았습니다
2024-06-11 14:12:45 [Winston 로그] error: 날짜가 입력되지 않았습니다
2024-06-11 14:15:05 [Winston 로그] error: 날짜가 입력되지 않았습니다
2024-06-11 14:15:11 [Winston 로그] error: 날짜가 입력되지 않았습니다
2024-06-11 14:15:22 [Winston 로그] error: 날짜가 입력되지 않았습니다
2024-06-11 14:21:59 [Winston 로그] error: 날짜가 입력되지 않았습니다
2024-06-11 14:23:09 [Winston 로그] error: 날짜가 입력되지 않았습니다
2024-06-11 14:26:25 [Winston 로그] error: 날짜가 입력되지 않았습니다
2024-06-11 14:28:56 [Winston 로그] error: 날짜가 입력되지 않았습니다
2024-06-11 14:31:31 [Winston 로그] error: 날짜가 입력되지 않았습니다
2024-06-11 14:31:32 [Winston 로그] error: 날짜가 입력되지 않았습니다
2024-06-11 14:33:02 [Winston 로그] error: 날짜가 입력되지 않았습니다
2024-06-11 14:33:10 [Winston 로그] error: 날짜가 입력되지 않았습니다
2024-06-11 14:33:36 [Winston 로그] error: 날짜가 입력되지 않았습니다
2024-06-11 14:35:07 [Winston 로그] error: 날짜가 입력되지 않았습니다
2024-06-11 14:35:07 [Winston 로그] error: byage 라우터 에러 : 날짜가 입력되지 않았습니다
2024-06-11 14:35:37 [Winston 로그] error: 날짜가 입력되지 않았습니다
2024-06-11 14:35:37 [Winston 로그] error: bywork router 에러 : 날짜가 입력되지 않았습니다
2024-06-11 14:35:37 [Winston 로그] error: 날짜가 입력되지 않았습니다
2024-06-11 14:35:37 [Winston 로그] error: bywork router 에러 : 날짜가 입력되지 않았습니다
2024-06-11 14:35:38 [Winston 로그] error: 날짜가 입력되지 않았습니다
2024-06-11 14:35:38 [Winston 로그] error: byage 라우터 에러 : 날짜가 입력되지 않았습니다
2024-06-11 14:35:47 [Winston 로그] error: 날짜가 입력되지 않았습니다
2024-06-11 14:35:47 [Winston 로그] error: bywork router 에러 : 날짜가 입력되지 않았습니다
2024-06-11 14:35:57 [Winston 로그] error: 날짜가 입력되지 않았습니다
2024-06-11 14:35:57 [Winston 로그] error: bywork router 에러 : 날짜가 입력되지 않았습니다
2024-06-11 14:36:07 [Winston 로그] error: 날짜가 입력되지 않았습니다
2024-06-11 14:36:07 [Winston 로그] error: bywork router 에러 : 날짜가 입력되지 않았습니다
2024-06-11 14:36:17 [Winston 로그] error: 날짜가 입력되지 않았습니다
2024-06-11 14:36:17 [Winston 로그] error: bywork router 에러 : 날짜가 입력되지 않았습니다
2024-06-11 14:36:27 [Winston 로그] error: 날짜가 입력되지 않았습니다
2024-06-11 14:36:27 [Winston 로그] error: bywork router 에러 : 날짜가 입력되지 않았습니다
2024-06-11 14:36:37 [Winston 로그] error: 날짜가 입력되지 않았습니다
2024-06-11 14:36:37 [Winston 로그] error: bywork router 에러 : 날짜가 입력되지 않았습니다
2024-06-11 14:38:35 [Winston 로그] error: 날짜가 입력되지 않았습니다
2024-06-11 14:38:35 [Winston 로그] error: 날짜가 입력되지 않았습니다
2024-06-11 14:38:45 [Winston 로그] error: 날짜가 입력되지 않았습니다
2024-06-11 14:38:56 [Winston 로그] error: 날짜가 입력되지 않았습니다
2024-06-11 14:38:59 [Winston 로그] error: by work 날짜가 입력되지 않았습니다
2024-06-11 14:39:00 [Winston 로그] error: 날짜가 입력되지 않았습니다
2024-06-11 14:39:09 [Winston 로그] error: by work 날짜가 입력되지 않았습니다
2024-06-11 14:39:19 [Winston 로그] error: by work 날짜가 입력되지 않았습니다
2024-06-11 14:39:30 [Winston 로그] error: by work 날짜가 입력되지 않았습니다
2024-06-11 14:39:40 [Winston 로그] error: by work 날짜가 입력되지 않았습니다
2024-06-11 14:39:50 [Winston 로그] error: by work 날짜가 입력되지 않았습니다
2024-06-11 14:39:51 [Winston 로그] error: by work 날짜가 입력되지 않았습니다
2024-06-11 14:39:56 [Winston 로그] error: by work 날짜가 입력되지 않았습니다
2024-06-11 14:39:56 [Winston 로그] error: 날짜가 입력되지 않았습니다
2024-06-11 14:41:51 [Winston 로그] error: by work 날짜가 입력되지 않았습니다
2024-06-11 14:41:51 [Winston 로그] error: 날짜가 입력되지 않았습니다
2024-06-11 14:41:54 [Winston 로그] error: by work 날짜가 입력되지 않았습니다
2024-06-11 14:41:54 [Winston 로그] error: 날짜가 입력되지 않았습니다
2024-06-11 14:42:26 [Winston 로그] error: bywork router 에러 : isValidDate is not defined
2024-06-11 14:42:26 [Winston 로그] error: by work 날짜가 입력되지 않았습니다
2024-06-11 14:42:26 [Winston 로그] error: 날짜가 입력되지 않았습니다
2024-06-11 14:43:09 [Winston 로그] error: bywork router 에러 : isValidDate is not defined
2024-06-11 14:43:09 [Winston 로그] error: by work 날짜가 입력되지 않았습니다
2024-06-11 14:43:09 [Winston 로그] error: 날짜가 입력되지 않았습니다
2024-06-11 14:43:47 [Winston 로그] error: by work 날짜가 입력되지 않았습니다
2024-06-11 14:43:47 [Winston 로그] error: 날짜가 입력되지 않았습니다
2024-06-11 14:46:12 [Winston 로그] error: by work 날짜가 입력되지 않았습니다
2024-06-11 14:46:12 [Winston 로그] error: by work 날짜가 입력되지 않았습니다
2024-06-11 14:46:15 [Winston 로그] error: by work 날짜가 입력되지 않았습니다
2024-06-11 14:46:15 [Winston 로그] error: by work 날짜가 입력되지 않았습니다
2024-06-11 14:46:16 [Winston 로그] error: 날짜가 입력되지 않았습니다
2024-06-11 14:46:40 [Winston 로그] error: 아이디 또는 전시관이 입력되지 않았습니다
2024-06-11 14:46:40 [Winston 로그] error: 아이디 또는 전시관이 입력되지 않았습니다
2024-06-11 14:46:41 [Winston 로그] error: 아이디 또는 전시관이 입력되지 않았습니다
2024-06-11 14:46:41 [Winston 로그] error: 아이디 또는 전시관이 입력되지 않았습니다
2024-06-11 14:46:41 [Winston 로그] error: by work 날짜가 입력되지 않았습니다
2024-06-11 14:46:41 [Winston 로그] error: by work 날짜가 입력되지 않았습니다
2024-06-11 14:46:42 [Winston 로그] error: 날짜가 입력되지 않았습니다
2024-06-11 14:47:03 [Winston 로그] error: 아이디 또는 전시관이 입력되지 않았습니다
2024-06-11 14:47:03 [Winston 로그] error: 아이디 또는 전시관이 입력되지 않았습니다
2024-06-11 14:47:03 [Winston 로그] error: by work 날짜가 입력되지 않았습니다
2024-06-11 14:47:03 [Winston 로그] error: by work 날짜가 입력되지 않았습니다
2024-06-11 14:47:03 [Winston 로그] error: 날짜가 입력되지 않았습니다
2024-06-11 14:48:04 [Winston 로그] error: 아이디 또는 전시관이 입력되지 않았습니다
2024-06-11 14:48:04 [Winston 로그] error: 아이디 또는 전시관이 입력되지 않았습니다
2024-06-11 14:49:04 [Winston 로그] error: 아이디 또는 전시관이 입력되지 않았습니다
2024-06-11 14:49:04 [Winston 로그] error: 아이디 또는 전시관이 입력되지 않았습니다
2024-06-11 14:50:04 [Winston 로그] error: 아이디 또는 전시관이 입력되지 않았습니다
2024-06-11 14:50:04 [Winston 로그] error: 아이디 또는 전시관이 입력되지 않았습니다
2024-06-11 14:50:10 [Winston 로그] error: by work 날짜가 입력되지 않았습니다
2024-06-11 14:50:14 [Winston 로그] error: 아이디 또는 전시관이 입력되지 않았습니다
2024-06-11 14:50:14 [Winston 로그] error: by work 날짜가 입력되지 않았습니다
2024-06-11 14:50:15 [Winston 로그] error: 날짜가 입력되지 않았습니다
2024-06-11 14:50:21 [Winston 로그] error: 아이디 또는 전시관이 입력되지 않았습니다
2024-06-11 14:50:21 [Winston 로그] error: by work 날짜가 입력되지 않았습니다
2024-06-11 14:50:22 [Winston 로그] error: 날짜가 입력되지 않았습니다
2024-06-11 14:50:46 [Winston 로그] error: 아이디 또는 전시관이 입력되지 않았습니다
2024-06-11 14:50:46 [Winston 로그] error: by work 날짜가 입력되지 않았습니다
2024-06-11 14:50:46 [Winston 로그] error: 날짜가 입력되지 않았습니다
2024-06-11 14:51:46 [Winston 로그] error: 아이디 또는 전시관이 입력되지 않았습니다
2024-06-11 14:52:10 [Winston 로그] error: 아이디 또는 전시관이 입력되지 않았습니다
2024-06-11 14:52:10 [Winston 로그] error: by work 날짜가 입력되지 않았습니다
2024-06-11 14:52:10 [Winston 로그] error: 날짜가 입력되지 않았습니다
2024-06-11 14:52:59 [Winston 로그] error: 아이디 또는 전시관이 입력되지 않았습니다
2024-06-11 14:52:59 [Winston 로그] error: by work 날짜가 입력되지 않았습니다
2024-06-11 14:52:59 [Winston 로그] error: 날짜가 입력되지 않았습니다
2024-06-11 14:53:42 [Winston 로그] error: 아이디 또는 전시관이 입력되지 않았습니다
2024-06-11 14:53:42 [Winston 로그] error: by work 날짜가 입력되지 않았습니다
2024-06-11 14:53:42 [Winston 로그] error: 날짜가 입력되지 않았습니다
2024-06-11 14:54:02 [Winston 로그] error: 아이디 또는 전시관이 입력되지 않았습니다
2024-06-11 14:54:02 [Winston 로그] error: by work 날짜가 입력되지 않았습니다
2024-06-11 14:54:02 [Winston 로그] error: 날짜가 입력되지 않았습니다
2024-06-11 14:55:02 [Winston 로그] error: 아이디 또는 전시관이 입력되지 않았습니다
2024-06-11 14:55:23 [Winston 로그] error: by work 날짜가 입력되지 않았습니다
2024-06-11 14:55:23 [Winston 로그] error: 날짜가 입력되지 않았습니다
2024-06-11 14:55:24 [Winston 로그] error: by work 날짜가 입력되지 않았습니다
2024-06-11 14:55:24 [Winston 로그] error: 날짜가 입력되지 않았습니다
2024-06-11 14:56:07 [Winston 로그] error: by work 날짜가 입력되지 않았습니다
2024-06-11 14:56:07 [Winston 로그] error: 날짜가 입력되지 않았습니다
2024-06-11 14:57:58 [Winston 로그] error: 날짜가 입력되지 않았습니다
2024-06-11 14:58:01 [Winston 로그] error: 날짜가 입력되지 않았습니다
2024-06-11 14:58:40 [Winston 로그] error: by work 날짜가 입력되지 않았습니다
2024-06-11 14:58:40 [Winston 로그] error: 날짜가 입력되지 않았습니다
2024-06-11 14:58:42 [Winston 로그] error: by work 날짜가 입력되지 않았습니다
2024-06-11 14:58:42 [Winston 로그] error: 날짜가 입력되지 않았습니다
2024-06-11 15:05:40 [Winston 로그] error: by work 날짜가 입력되지 않았습니다
2024-06-11 15:05:40 [Winston 로그] error: 날짜가 입력되지 않았습니다
2024-06-11 15:05:45 [Winston 로그] error: by work 날짜가 입력되지 않았습니다
2024-06-11 15:05:46 [Winston 로그] error: 날짜가 입력되지 않았습니다
2024-06-11 15:06:07 [Winston 로그] error: by work 날짜가 입력되지 않았습니다
2024-06-11 15:06:07 [Winston 로그] error: 날짜가 입력되지 않았습니다
2024-06-11 15:06:19 [Winston 로그] error: by work 날짜가 입력되지 않았습니다
2024-06-11 15:06:19 [Winston 로그] error: 날짜가 입력되지 않았습니다
2024-06-11 15:06:22 [Winston 로그] error: by work 날짜가 입력되지 않았습니다
2024-06-11 15:06:22 [Winston 로그] error: 날짜가 입력되지 않았습니다
2024-06-11 15:06:25 [Winston 로그] error: by work 날짜가 입력되지 않았습니다
2024-06-11 15:06:25 [Winston 로그] error: 날짜가 입력되지 않았습니다
2024-06-11 15:06:30 [Winston 로그] error: 날짜가 입력되지 않았습니다
2024-06-11 15:07:07 [Winston 로그] error: by work 날짜가 입력되지 않았습니다
2024-06-11 15:07:07 [Winston 로그] error: 날짜가 입력되지 않았습니다
2024-06-11 15:08:11 [Winston 로그] error: 날짜가 입력되지 않았습니다
2024-06-11 15:08:35 [Winston 로그] error: 날짜가 입력되지 않았습니다
2024-06-11 15:09:35 [Winston 로그] error: 날짜가 입력되지 않았습니다
2024-06-11 15:09:46 [Winston 로그] error: 날짜가 입력되지 않았습니다
2024-06-11 15:09:52 [Winston 로그] error: 날짜가 입력되지 않았습니다
2024-06-11 15:12:08 [Winston 로그] error: 날짜가 입력되지 않았습니다
2024-06-11 15:12:10 [Winston 로그] error: 날짜가 입력되지 않았습니다
2024-06-11 15:12:40 [Winston 로그] error: 날짜가 입력되지 않았습니다
2024-06-11 15:13:27 [Winston 로그] error: 날짜가 입력되지 않았습니다
2024-06-11 15:14:24 [Winston 로그] error: 날짜가 입력되지 않았습니다
2024-06-11 15:14:36 [Winston 로그] error: 날짜가 입력되지 않았습니다
2024-06-11 15:14:39 [Winston 로그] error: 날짜가 입력되지 않았습니다
2024-06-11 15:14:57 [Winston 로그] error: 날짜가 입력되지 않았습니다
2024-06-11 15:17:00 [Winston 로그] error: Exhibition ID: undefined가 user1에 존재하지 않습니다
2024-06-11 15:17:09 [Winston 로그] error: Exhibition ID: undefined가 user1에 존재하지 않습니다
2024-06-11 15:17:10 [Winston 로그] error: Exhibition ID: undefined가 user1에 존재하지 않습니다
2024-06-11 15:17:10 [Winston 로그] error: 날짜가 입력되지 않았습니다
2024-06-11 15:17:55 [Winston 로그] error: Exhibition ID: undefined가 user1에 존재하지 않습니다
2024-06-11 15:17:55 [Winston 로그] error: 날짜가 입력되지 않았습니다
2024-06-11 15:20:03 [Winston 로그] error: 아이디 또는 전시관 또는 날짜가 입력되지 않았습니다
2024-06-11 15:20:03 [Winston 로그] error: 아이디 또는 전시관 또는 날짜가 입력되지 않았습니다
2024-06-11 15:20:17 [Winston 로그] error: 아이디 또는 전시관 또는 날짜가 입력되지 않았습니다
2024-06-11 15:20:17 [Winston 로그] error: 아이디 또는 전시관 또는 날짜가 입력되지 않았습니다
2024-06-11 15:20:37 [Winston 로그] error: 아이디 또는 전시관 또는 날짜가 입력되지 않았습니다
2024-06-11 15:20:37 [Winston 로그] error: 아이디 또는 전시관 또는 날짜가 입력되지 않았습니다
2024-06-11 15:20:42 [Winston 로그] error: 아이디 또는 전시관 또는 날짜가 입력되지 않았습니다
2024-06-11 15:21:39 [Winston 로그] error: 아이디 또는 전시관 또는 날짜가 입력되지 않았습니다
2024-06-11 15:22:08 [Winston 로그] error: 아이디 또는 전시관 또는 날짜가 입력되지 않았습니다
2024-06-11 15:22:22 [Winston 로그] error: 아이디 또는 전시관 또는 날짜가 입력되지 않았습니다
2024-06-11 15:22:26 [Winston 로그] error: 아이디 또는 전시관 또는 날짜가 입력되지 않았습니다
2024-06-11 15:22:27 [Winston 로그] error: 아이디 또는 전시관 또는 날짜가 입력되지 않았습니다
2024-06-11 15:22:35 [Winston 로그] error: 아이디 또는 전시관 또는 날짜가 입력되지 않았습니다
2024-06-11 15:22:35 [Winston 로그] error: 아이디 또는 전시관 또는 날짜가 입력되지 않았습니다
2024-06-11 15:23:26 [Winston 로그] error: 아이디 또는 전시관 또는 날짜가 입력되지 않았습니다
2024-06-11 15:23:26 [Winston 로그] error: 아이디 또는 전시관 또는 날짜가 입력되지 않았습니다
2024-06-11 15:23:50 [Winston 로그] error: 아이디 또는 전시관 또는 날짜가 입력되지 않았습니다
2024-06-11 15:23:50 [Winston 로그] error: 아이디 또는 전시관 또는 날짜가 입력되지 않았습니다
2024-06-11 15:23:54 [Winston 로그] error: 아이디 또는 전시관 또는 날짜가 입력되지 않았습니다
2024-06-11 15:23:54 [Winston 로그] error: 아이디 또는 전시관 또는 날짜가 입력되지 않았습니다
2024-06-11 15:24:32 [Winston 로그] error: 아이디 또는 전시관 또는 날짜가 입력되지 않았습니다
2024-06-11 15:24:32 [Winston 로그] error: 아이디 또는 전시관 또는 날짜가 입력되지 않았습니다
2024-06-11 15:24:53 [Winston 로그] error: 아이디 또는 전시관 또는 날짜가 입력되지 않았습니다
2024-06-11 15:24:54 [Winston 로그] error: 아이디 또는 전시관 또는 날짜가 입력되지 않았습니다
2024-06-11 15:25:35 [Winston 로그] error: bywork에서 아이디 또는 전시관 또는 날짜가 입력되지 않았습니다
2024-06-11 15:25:35 [Winston 로그] error: byage 에서 아이디 또는 전시관 또는 날짜가 입력되지 않았습니다
2024-06-11 15:28:35 [Winston 로그] error: byage 에서 아이디 또는 전시관 또는 날짜가 입력되지 않았습니다
2024-06-11 15:29:26 [Winston 로그] error: bywork에서 아이디 또는 전시관 또는 날짜가 입력되지 않았습니다
2024-06-11 15:29:26 [Winston 로그] error: byage 에서 아이디 또는 전시관 또는 날짜가 입력되지 않았습니다
2024-06-11 15:30:54 [Winston 로그] error: bywork에서 아이디 또는 전시관 또는 날짜가 입력되지 않았습니다
2024-06-11 15:30:54 [Winston 로그] error: byage 에서 아이디 또는 전시관 또는 날짜가 입력되지 않았습니다
2024-06-11 15:31:04 [Winston 로그] error: bywork에서 아이디 또는 전시관 또는 날짜가 입력되지 않았습니다
2024-06-11 15:31:04 [Winston 로그] error: byage 에서 아이디 또는 전시관 또는 날짜가 입력되지 않았습니다
2024-06-11 15:32:51 [Winston 로그] error: byage 에서 아이디 또는 전시관 또는 날짜가 입력되지 않았습니다
2024-06-11 15:32:52 [Winston 로그] error: bywork에서 아이디 또는 전시관 또는 날짜가 입력되지 않았습니다
2024-06-11 15:32:53 [Winston 로그] error: byage 에서 아이디 또는 전시관 또는 날짜가 입력되지 않았습니다
2024-06-11 15:33:23 [Winston 로그] error: 아이디 또는 전시관이 입력되지 않았습니다
2024-06-11 15:33:40 [Winston 로그] error: bywork에서 아이디 또는 전시관 또는 날짜가 입력되지 않았습니다
2024-06-11 15:33:41 [Winston 로그] error: byage 에서 아이디 또는 전시관 또는 날짜가 입력되지 않았습니다
2024-06-11 15:34:19 [Winston 로그] error: bywork에서 아이디 또는 전시관 또는 날짜가 입력되지 않았습니다
2024-06-11 15:34:19 [Winston 로그] error: byage 에서 아이디 또는 전시관 또는 날짜가 입력되지 않았습니다
2024-06-11 15:34:32 [Winston 로그] error: byage 에서 아이디 또는 전시관 또는 날짜가 입력되지 않았습니다
2024-06-11 15:34:33 [Winston 로그] error: bywork에서 아이디 또는 전시관 또는 날짜가 입력되지 않았습니다
2024-06-11 15:34:33 [Winston 로그] error: byage 에서 아이디 또는 전시관 또는 날짜가 입력되지 않았습니다
2024-06-11 15:36:05 [Winston 로그] error: byage 에서 아이디 또는 전시관 또는 날짜가 입력되지 않았습니다
2024-06-11 15:36:06 [Winston 로그] error: bywork에서 아이디 또는 전시관 또는 날짜가 입력되지 않았습니다
2024-06-11 15:36:06 [Winston 로그] error: byage 에서 아이디 또는 전시관 또는 날짜가 입력되지 않았습니다
2024-06-11 15:36:37 [Winston 로그] error: bywork에서 아이디 또는 전시관 또는 날짜가 입력되지 않았습니다
2024-06-11 15:37:33 [Winston 로그] error: bywork에서 아이디 또는 전시관 또는 날짜가 입력되지 않았습니다
2024-06-11 15:37:51 [Winston 로그] error: bywork에서 아이디 또는 전시관 또는 날짜가 입력되지 않았습니다
2024-06-11 15:38:16 [Winston 로그] error: bywork에서 아이디 또는 전시관 또는 날짜가 입력되지 않았습니다
2024-06-11 15:38:38 [Winston 로그] error: bywork에서 아이디 또는 전시관 또는 날짜가 입력되지 않았습니다
2024-06-11 15:38:39 [Winston 로그] error: bywork에서 아이디 또는 전시관 또는 날짜가 입력되지 않았습니다
2024-06-11 15:38:39 [Winston 로그] error: bywork에서 아이디 또는 전시관 또는 날짜가 입력되지 않았습니다
2024-06-11 15:39:16 [Winston 로그] error: bywork에서 아이디 또는 전시관 또는 날짜가 입력되지 않았습니다
2024-06-11 15:40:14 [Winston 로그] error: byage 에서 아이디 또는 전시관 또는 날짜가 입력되지 않았습니다
2024-06-11 15:40:35 [Winston 로그] error: bywork에서 아이디 또는 전시관 또는 날짜가 입력되지 않았습니다
2024-06-11 15:41:13 [Winston 로그] error: bywork에서 아이디 또는 전시관 또는 날짜가 입력되지 않았습니다
2024-06-11 15:41:25 [Winston 로그] error: bywork에서 아이디 또는 전시관 또는 날짜가 입력되지 않았습니다
2024-06-11 15:41:35 [Winston 로그] error: bywork에서 아이디 또는 전시관 또는 날짜가 입력되지 않았습니다
2024-06-11 15:41:38 [Winston 로그] error: bywork에서 아이디 또는 전시관 또는 날짜가 입력되지 않았습니다
2024-06-11 15:41:52 [Winston 로그] error: bywork에서 아이디 또는 전시관 또는 날짜가 입력되지 않았습니다
2024-06-11 15:41:54 [Winston 로그] error: bywork에서 아이디 또는 전시관 또는 날짜가 입력되지 않았습니다
2024-06-11 15:42:23 [Winston 로그] error: bywork에서 아이디 또는 전시관 또는 날짜가 입력되지 않았습니다
2024-06-11 15:43:28 [Winston 로그] error: bywork에서 아이디 또는 전시관 또는 날짜가 입력되지 않았습니다
2024-06-11 15:44:56 [Winston 로그] error: bywork에서 아이디 또는 전시관 또는 날짜가 입력되지 않았습니다
2024-06-11 15:44:58 [Winston 로그] error: bywork에서 아이디 또는 전시관 또는 날짜가 입력되지 않았습니다
2024-06-11 15:44:59 [Winston 로그] error: bywork에서 아이디 또는 전시관 또는 날짜가 입력되지 않았습니다
2024-06-11 15:45:16 [Winston 로그] error: bywork에서 아이디 또는 전시관 또는 날짜가 입력되지 않았습니다
2024-06-11 15:45:17 [Winston 로그] error: bywork에서 아이디 또는 전시관 또는 날짜가 입력되지 않았습니다
2024-06-11 15:47:11 [Winston 로그] error: bywork에서 아이디 또는 전시관 또는 날짜가 입력되지 않았습니다
2024-06-11 15:47:23 [Winston 로그] error: bywork에서 아이디 또는 전시관 또는 날짜가 입력되지 않았습니다
2024-06-11 15:47:24 [Winston 로그] error: bywork에서 아이디 또는 전시관 또는 날짜가 입력되지 않았습니다
2024-06-11 15:50:02 [Winston 로그] error: bywork에서 아이디 또는 전시관 또는 날짜가 입력되지 않았습니다
2024-06-11 15:50:06 [Winston 로그] error: bywork에서 아이디 또는 전시관 또는 날짜가 입력되지 않았습니다
2024-06-11 15:56:41 [Winston 로그] error: bywork에서 아이디 또는 전시관 또는 날짜가 입력되지 않았습니다
2024-06-11 15:58:30 [Winston 로그] error: bywork에서 아이디 또는 전시관 또는 날짜가 입력되지 않았습니다
2024-06-11 16:00:21 [Winston 로그] error: bywork에서 아이디 또는 전시관 또는 날짜가 입력되지 않았습니다
2024-06-11 16:01:30 [Winston 로그] error: bywork에서 아이디 또는 전시관 또는 날짜가 입력되지 않았습니다
2024-06-11 16:01:31 [Winston 로그] error: bywork에서 아이디 또는 전시관 또는 날짜가 입력되지 않았습니다
2024-06-11 16:01:32 [Winston 로그] error: bywork에서 아이디 또는 전시관 또는 날짜가 입력되지 않았습니다
2024-06-11 16:02:07 [Winston 로그] error: bywork에서 아이디 또는 전시관 또는 날짜가 입력되지 않았습니다
2024-06-11 16:02:08 [Winston 로그] error: bywork에서 아이디 또는 전시관 또는 날짜가 입력되지 않았습니다
2024-06-11 16:02:16 [Winston 로그] error: bywork에서 아이디 또는 전시관 또는 날짜가 입력되지 않았습니다
2024-06-11 16:02:17 [Winston 로그] error: bywork에서 아이디 또는 전시관 또는 날짜가 입력되지 않았습니다
2024-06-11 16:02:18 [Winston 로그] error: bywork에서 아이디 또는 전시관 또는 날짜가 입력되지 않았습니다
2024-06-11 16:03:15 [Winston 로그] error: bywork에서 아이디 또는 전시관 또는 날짜가 입력되지 않았습니다
2024-06-11 16:03:16 [Winston 로그] error: bywork에서 아이디 또는 전시관 또는 날짜가 입력되지 않았습니다
2024-06-11 16:03:45 [Winston 로그] error: bywork에서 아이디 또는 전시관 또는 날짜가 입력되지 않았습니다
2024-06-11 16:03:47 [Winston 로그] error: bywork에서 아이디 또는 전시관 또는 날짜가 입력되지 않았습니다
2024-06-11 16:04:03 [Winston 로그] error: bywork에서 아이디 또는 전시관 또는 날짜가 입력되지 않았습니다
2024-06-11 16:05:35 [Winston 로그] error: bywork에서 아이디 또는 전시관 또는 날짜가 입력되지 않았습니다
2024-06-11 16:06:03 [Winston 로그] error: bywork에서 아이디 또는 전시관 또는 날짜가 입력되지 않았습니다
2024-06-11 16:06:59 [Winston 로그] error: bywork에서 아이디 또는 전시관 또는 날짜가 입력되지 않았습니다
2024-06-11 16:13:56 [Winston 로그] error: bywork에서 아이디 또는 전시관 또는 날짜가 입력되지 않았습니다
2024-06-11 16:23:09 [Winston 로그] error: bywork에서 아이디 또는 전시관 또는 날짜가 입력되지 않았습니다
2024-06-11 16:23:11 [Winston 로그] error: bywork에서 아이디 또는 전시관 또는 날짜가 입력되지 않았습니다
2024-06-11 16:23:15 [Winston 로그] error: bywork에서 아이디 또는 전시관 또는 날짜가 입력되지 않았습니다
2024-06-11 16:23:43 [Winston 로그] error: bywork에서 아이디 또는 전시관 또는 날짜가 입력되지 않았습니다
2024-06-11 16:26:15 [Winston 로그] error: bywork에서 아이디 또는 전시관 또는 날짜가 입력되지 않았습니다
2024-06-11 16:26:31 [Winston 로그] error: bywork에서 아이디 또는 전시관 또는 날짜가 입력되지 않았습니다
2024-06-11 16:26:36 [Winston 로그] error: bywork에서 아이디 또는 전시관 또는 날짜가 입력되지 않았습니다
2024-06-11 16:26:44 [Winston 로그] error: bywork에서 아이디 또는 전시관 또는 날짜가 입력되지 않았습니다
2024-06-11 16:27:51 [Winston 로그] error: bywork에서 아이디 또는 전시관 또는 날짜가 입력되지 않았습니다
2024-06-11 16:27:52 [Winston 로그] error: bywork에서 아이디 또는 전시관 또는 날짜가 입력되지 않았습니다
2024-06-11 16:27:55 [Winston 로그] error: bywork에서 아이디 또는 전시관 또는 날짜가 입력되지 않았습니다
2024-06-11 16:28:01 [Winston 로그] error: bywork에서 아이디 또는 전시관 또는 날짜가 입력되지 않았습니다
2024-06-11 16:31:39 [Winston 로그] error: bywork에서 아이디 또는 전시관 또는 날짜가 입력되지 않았습니다
2024-06-11 16:32:09 [Winston 로그] error: bywork에서 아이디 또는 전시관 또는 날짜가 입력되지 않았습니다
2024-06-11 16:32:12 [Winston 로그] error: bywork에서 아이디 또는 전시관 또는 날짜가 입력되지 않았습니다
2024-06-11 16:32:22 [Winston 로그] error: bywork에서 아이디 또는 전시관 또는 날짜가 입력되지 않았습니다
2024-06-11 16:38:03 [Winston 로그] error: bywork에서 아이디 또는 전시관 또는 날짜가 입력되지 않았습니다
2024-06-11 16:38:26 [Winston 로그] error: bywork에서 아이디 또는 전시관 또는 날짜가 입력되지 않았습니다
2024-06-11 16:38:48 [Winston 로그] error: bywork에서 아이디 또는 전시관 또는 날짜가 입력되지 않았습니다
2024-06-11 16:39:02 [Winston 로그] error: bywork에서 아이디 또는 전시관 또는 날짜가 입력되지 않았습니다
2024-06-11 16:39:25 [Winston 로그] error: bywork에서 아이디 또는 전시관 또는 날짜가 입력되지 않았습니다
2024-06-11 16:40:20 [Winston 로그] error: bywork에서 아이디 또는 전시관 또는 날짜가 입력되지 않았습니다
2024-06-11 16:41:11 [Winston 로그] error: bywork에서 아이디 또는 전시관 또는 날짜가 입력되지 않았습니다
2024-06-11 16:53:49 [Winston 로그] error: bywork에서 아이디 또는 전시관 또는 날짜가 입력되지 않았습니다
